ARM GAS  C:\Users\SOROKO~1\AppData\Local\Temp\cc62mk8P.s 			page 1


   1              		.cpu cortex-m4
   2              		.arch armv7e-m
   3              		.fpu fpv4-sp-d16
   4              		.eabi_attribute 27, 1
   5              		.eabi_attribute 28, 1
   6              		.eabi_attribute 20, 1
   7              		.eabi_attribute 21, 1
   8              		.eabi_attribute 23, 3
   9              		.eabi_attribute 24, 1
  10              		.eabi_attribute 25, 1
  11              		.eabi_attribute 26, 1
  12              		.eabi_attribute 30, 1
  13              		.eabi_attribute 34, 1
  14              		.eabi_attribute 18, 4
  15              		.file	"at24_eeprom.c"
  16              		.text
  17              	.Ltext0:
  18              		.cfi_sections	.debug_frame
  19              		.section	.text.at24_isConnected,"ax",%progbits
  20              		.align	1
  21              		.global	at24_isConnected
  22              		.syntax unified
  23              		.thumb
  24              		.thumb_func
  26              	at24_isConnected:
  27              	.LFB136:
  28              		.file 1 "Core/Src/at24_eeprom.c"
   1:Core/Src/at24_eeprom.c **** /*
   2:Core/Src/at24_eeprom.c ****  * at24_eeprom.c
   3:Core/Src/at24_eeprom.c ****  *
   4:Core/Src/at24_eeprom.c ****  *  Created on: Jul 28, 2023
   5:Core/Src/at24_eeprom.c ****  *      Author: VR
   6:Core/Src/at24_eeprom.c ****  */
   7:Core/Src/at24_eeprom.c **** 
   8:Core/Src/at24_eeprom.c **** 
   9:Core/Src/at24_eeprom.c **** #include "at24_eeprom.h"
  10:Core/Src/at24_eeprom.c **** #include "i2c.h"
  11:Core/Src/at24_eeprom.c **** 
  12:Core/Src/at24_eeprom.c **** 
  13:Core/Src/at24_eeprom.c **** #if (_EEPROM_USE_FREERTOS == 1)
  14:Core/Src/at24_eeprom.c **** #include "cmsis_os.h"
  15:Core/Src/at24_eeprom.c **** #define at24_delay(x)   osDelay(x)
  16:Core/Src/at24_eeprom.c **** #else
  17:Core/Src/at24_eeprom.c **** #define at24_delay(x)   HAL_Delay(x)
  18:Core/Src/at24_eeprom.c **** #endif
  19:Core/Src/at24_eeprom.c **** 
  20:Core/Src/at24_eeprom.c **** #if (_EEPROM_SIZE_KBIT == 1) || (_EEPROM_SIZE_KBIT == 2)
  21:Core/Src/at24_eeprom.c **** #define _EEPROM_PSIZE     8
  22:Core/Src/at24_eeprom.c **** #elif (_EEPROM_SIZE_KBIT == 4) || (_EEPROM_SIZE_KBIT == 8) || (_EEPROM_SIZE_KBIT == 16)
  23:Core/Src/at24_eeprom.c **** #define _EEPROM_PSIZE     16
  24:Core/Src/at24_eeprom.c **** #else
  25:Core/Src/at24_eeprom.c **** #define _EEPROM_PSIZE     32
  26:Core/Src/at24_eeprom.c **** #endif
  27:Core/Src/at24_eeprom.c **** 
  28:Core/Src/at24_eeprom.c **** static uint8_t at24_lock = 0;
  29:Core/Src/at24_eeprom.c **** 
  30:Core/Src/at24_eeprom.c **** /**
ARM GAS  C:\Users\SOROKO~1\AppData\Local\Temp\cc62mk8P.s 			page 2


  31:Core/Src/at24_eeprom.c ****   * @brief  Checks if memory device is ready for communication.
  32:Core/Src/at24_eeprom.c ****   * @param  none
  33:Core/Src/at24_eeprom.c ****   * @retval bool status
  34:Core/Src/at24_eeprom.c ****   */
  35:Core/Src/at24_eeprom.c **** int at24_isConnected(void)
  36:Core/Src/at24_eeprom.c **** {
  29              		.loc 1 36 1 view -0
  30              		.cfi_startproc
  31              		@ args = 0, pretend = 0, frame = 0
  32              		@ frame_needed = 0, uses_anonymous_args = 0
  33 0000 08B5     		push	{r3, lr}
  34              	.LCFI0:
  35              		.cfi_def_cfa_offset 8
  36              		.cfi_offset 3, -8
  37              		.cfi_offset 14, -4
  37:Core/Src/at24_eeprom.c ****   #if (_EEPROM_USE_WP_PIN==1)
  38:Core/Src/at24_eeprom.c ****   HAL_GPIO_WritePin(_EEPROM_WP_GPIO,_EEPROM_WP_PIN,GPIO_PIN_SET);
  39:Core/Src/at24_eeprom.c ****   #endif
  40:Core/Src/at24_eeprom.c ****   if (HAL_I2C_IsDeviceReady(&_EEPROM_I2C, _EEPROM_ADDRESS, 2, 100) == HAL_OK)
  38              		.loc 1 40 3 view .LVU1
  39              		.loc 1 40 7 is_stmt 0 view .LVU2
  40 0002 6423     		movs	r3, #100
  41 0004 0222     		movs	r2, #2
  42 0006 A021     		movs	r1, #160
  43 0008 0348     		ldr	r0, .L5
  44 000a FFF7FEFF 		bl	HAL_I2C_IsDeviceReady
  45              	.LVL0:
  46              		.loc 1 40 6 view .LVU3
  47 000e 08B9     		cbnz	r0, .L3
  41:Core/Src/at24_eeprom.c ****     return true;
  48              		.loc 1 41 12 view .LVU4
  49 0010 0120     		movs	r0, #1
  50              	.L1:
  42:Core/Src/at24_eeprom.c ****   else
  43:Core/Src/at24_eeprom.c ****     return false;
  44:Core/Src/at24_eeprom.c **** }
  51              		.loc 1 44 1 view .LVU5
  52 0012 08BD     		pop	{r3, pc}
  53              	.L3:
  43:Core/Src/at24_eeprom.c **** }
  54              		.loc 1 43 12 view .LVU6
  55 0014 0020     		movs	r0, #0
  56 0016 FCE7     		b	.L1
  57              	.L6:
  58              		.align	2
  59              	.L5:
  60 0018 00000000 		.word	hi2c4
  61              		.cfi_endproc
  62              	.LFE136:
  64              		.section	.text.at24_write,"ax",%progbits
  65              		.align	1
  66              		.global	at24_write
  67              		.syntax unified
  68              		.thumb
  69              		.thumb_func
  71              	at24_write:
  72              	.LVL1:
ARM GAS  C:\Users\SOROKO~1\AppData\Local\Temp\cc62mk8P.s 			page 3


  73              	.LFB137:
  45:Core/Src/at24_eeprom.c **** 
  46:Core/Src/at24_eeprom.c **** /**
  47:Core/Src/at24_eeprom.c ****   * @brief  Write an amount of data in blocking mode to a specific memory address
  48:Core/Src/at24_eeprom.c ****   * @param  address Internal memory address
  49:Core/Src/at24_eeprom.c ****   * @param  data Pointer to data buffer
  50:Core/Src/at24_eeprom.c ****   * @param  len Amount of data to be sent
  51:Core/Src/at24_eeprom.c ****   * @param  timeout Timeout duration
  52:Core/Src/at24_eeprom.c ****   * @retval bool status
  53:Core/Src/at24_eeprom.c ****   */
  54:Core/Src/at24_eeprom.c **** int at24_write(uint16_t address, uint8_t *data, uint8_t len, uint32_t timeout)
  55:Core/Src/at24_eeprom.c **** {
  74              		.loc 1 55 1 is_stmt 1 view -0
  75              		.cfi_startproc
  76              		@ args = 0, pretend = 0, frame = 0
  77              		@ frame_needed = 0, uses_anonymous_args = 0
  78              		.loc 1 55 1 is_stmt 0 view .LVU8
  79 0000 2DE9F043 		push	{r4, r5, r6, r7, r8, r9, lr}
  80              	.LCFI1:
  81              		.cfi_def_cfa_offset 28
  82              		.cfi_offset 4, -28
  83              		.cfi_offset 5, -24
  84              		.cfi_offset 6, -20
  85              		.cfi_offset 7, -16
  86              		.cfi_offset 8, -12
  87              		.cfi_offset 9, -8
  88              		.cfi_offset 14, -4
  89 0004 85B0     		sub	sp, sp, #20
  90              	.LCFI2:
  91              		.cfi_def_cfa_offset 48
  92 0006 1F46     		mov	r7, r3
  56:Core/Src/at24_eeprom.c ****   if (at24_lock == 1)
  93              		.loc 1 56 3 is_stmt 1 view .LVU9
  94              		.loc 1 56 17 is_stmt 0 view .LVU10
  95 0008 224B     		ldr	r3, .L17
  96              	.LVL2:
  97              		.loc 1 56 17 view .LVU11
  98 000a 1B78     		ldrb	r3, [r3]	@ zero_extendqisi2
  99              		.loc 1 56 6 view .LVU12
 100 000c 012B     		cmp	r3, #1
 101 000e 3DD0     		beq	.L13
 102 0010 8146     		mov	r9, r0
 103 0012 0E46     		mov	r6, r1
 104 0014 1546     		mov	r5, r2
  57:Core/Src/at24_eeprom.c ****     return false;
  58:Core/Src/at24_eeprom.c **** 
  59:Core/Src/at24_eeprom.c ****   at24_lock = 1;
 105              		.loc 1 59 3 is_stmt 1 view .LVU13
 106              		.loc 1 59 13 is_stmt 0 view .LVU14
 107 0016 1F4B     		ldr	r3, .L17
 108 0018 0122     		movs	r2, #1
 109              	.LVL3:
 110              		.loc 1 59 13 view .LVU15
 111 001a 1A70     		strb	r2, [r3]
  60:Core/Src/at24_eeprom.c ****   uint16_t w;
 112              		.loc 1 60 3 is_stmt 1 view .LVU16
  61:Core/Src/at24_eeprom.c ****   uint32_t startTime = HAL_GetTick();
ARM GAS  C:\Users\SOROKO~1\AppData\Local\Temp\cc62mk8P.s 			page 4


 113              		.loc 1 61 3 view .LVU17
 114              		.loc 1 61 24 is_stmt 0 view .LVU18
 115 001c FFF7FEFF 		bl	HAL_GetTick
 116              	.LVL4:
 117              		.loc 1 61 24 view .LVU19
 118 0020 8046     		mov	r8, r0
 119              	.LVL5:
 120              		.loc 1 61 24 view .LVU20
 121 0022 1BE0     		b	.L12
 122              	.LVL6:
 123              	.L9:
  62:Core/Src/at24_eeprom.c **** 
  63:Core/Src/at24_eeprom.c ****   #if	(_EEPROM_USE_WP_PIN==1)
  64:Core/Src/at24_eeprom.c ****   HAL_GPIO_WritePin(_EEPROM_WP_GPIO, _EEPROM_WP_PIN,GPIO_PIN_RESET);
  65:Core/Src/at24_eeprom.c ****   #endif
  66:Core/Src/at24_eeprom.c **** 
  67:Core/Src/at24_eeprom.c ****   while (1)
  68:Core/Src/at24_eeprom.c ****   {
  69:Core/Src/at24_eeprom.c **** 	#if (EEPROM_USE_IWDG)
  70:Core/Src/at24_eeprom.c **** 		HAL_IWDG_Refresh(&_EEPROM_IWDG);
  71:Core/Src/at24_eeprom.c **** 	#endif
  72:Core/Src/at24_eeprom.c ****     w = _EEPROM_PSIZE - (address  % _EEPROM_PSIZE);
  73:Core/Src/at24_eeprom.c ****     if (w > len)
  74:Core/Src/at24_eeprom.c ****       w = len;
  75:Core/Src/at24_eeprom.c ****     #if ((_EEPROM_SIZE_KBIT==1) || (_EEPROM_SIZE_KBIT==2))
  76:Core/Src/at24_eeprom.c ****     if (HAL_I2C_Mem_Write(&_EEPROM_I2C, _EEPROM_ADDRESS, address, I2C_MEMADD_SIZE_8BIT, data, w, 10
  77:Core/Src/at24_eeprom.c ****     #elif (_EEPROM_SIZE_KBIT==4)
  78:Core/Src/at24_eeprom.c ****     if (HAL_I2C_Mem_Write(&_EEPROM_I2C, _EEPROM_ADDRESS | ((address & 0x0100) >> 7), (address & 0xf
  79:Core/Src/at24_eeprom.c ****     #elif (_EEPROM_SIZE_KBIT==8)
  80:Core/Src/at24_eeprom.c ****     if (HAL_I2C_Mem_Write(&_EEPROM_I2C, _EEPROM_ADDRESS | ((address & 0x0300) >> 7), (address & 0xf
  81:Core/Src/at24_eeprom.c ****     #elif (_EEPROM_SIZE_KBIT==16)
  82:Core/Src/at24_eeprom.c ****     if (HAL_I2C_Mem_Write(&_EEPROM_I2C, _EEPROM_ADDRESS | ((address & 0x0700) >> 7), (address & 0xf
  83:Core/Src/at24_eeprom.c ****     #else
  84:Core/Src/at24_eeprom.c ****     if (HAL_I2C_Mem_Write(&_EEPROM_I2C, _EEPROM_ADDRESS, address, I2C_MEMADD_SIZE_16BIT, data, w, 1
 124              		.loc 1 84 5 is_stmt 1 view .LVU21
 125              		.loc 1 84 9 is_stmt 0 view .LVU22
 126 0024 6423     		movs	r3, #100
 127 0026 0293     		str	r3, [sp, #8]
 128 0028 0194     		str	r4, [sp, #4]
 129 002a 0096     		str	r6, [sp]
 130 002c 0223     		movs	r3, #2
 131 002e 4A46     		mov	r2, r9
 132 0030 A021     		movs	r1, #160
 133 0032 1948     		ldr	r0, .L17+4
 134 0034 FFF7FEFF 		bl	HAL_I2C_Mem_Write
 135              	.LVL7:
 136              		.loc 1 84 8 view .LVU23
 137 0038 20BB     		cbnz	r0, .L10
  85:Core/Src/at24_eeprom.c ****     #endif
  86:Core/Src/at24_eeprom.c ****     {
  87:Core/Src/at24_eeprom.c ****       at24_delay(1);
 138              		.loc 1 87 7 is_stmt 1 view .LVU24
 139 003a 0120     		movs	r0, #1
 140 003c FFF7FEFF 		bl	osDelay
 141              	.LVL8:
  88:Core/Src/at24_eeprom.c ****       len -= w;
 142              		.loc 1 88 7 view .LVU25
ARM GAS  C:\Users\SOROKO~1\AppData\Local\Temp\cc62mk8P.s 			page 5


 143              		.loc 1 88 11 is_stmt 0 view .LVU26
 144 0040 2D1B     		subs	r5, r5, r4
 145              	.LVL9:
  89:Core/Src/at24_eeprom.c ****       data += w;
 146              		.loc 1 89 7 is_stmt 1 view .LVU27
 147              		.loc 1 89 12 is_stmt 0 view .LVU28
 148 0042 2644     		add	r6, r6, r4
 149              	.LVL10:
  90:Core/Src/at24_eeprom.c ****       address += w;
 150              		.loc 1 90 7 is_stmt 1 view .LVU29
 151              		.loc 1 90 15 is_stmt 0 view .LVU30
 152 0044 4C44     		add	r4, r4, r9
 153              	.LVL11:
 154              		.loc 1 90 15 view .LVU31
 155 0046 1FFA84F9 		uxth	r9, r4
 156              	.LVL12:
  91:Core/Src/at24_eeprom.c ****       if (len == 0)
 157              		.loc 1 91 7 is_stmt 1 view .LVU32
 158              		.loc 1 91 10 is_stmt 0 view .LVU33
 159 004a 15F0FF05 		ands	r5, r5, #255
 160              	.LVL13:
 161              		.loc 1 91 10 view .LVU34
 162 004e 10D0     		beq	.L15
  92:Core/Src/at24_eeprom.c ****       {
  93:Core/Src/at24_eeprom.c ****         #if (_EEPROM_USE_WP_PIN==1)
  94:Core/Src/at24_eeprom.c ****         HAL_GPIO_WritePin(_EEPROM_WP_GPIO, _EEPROM_WP_PIN, GPIO_PIN_SET);
  95:Core/Src/at24_eeprom.c ****         #endif
  96:Core/Src/at24_eeprom.c ****         at24_lock = 0;
  97:Core/Src/at24_eeprom.c ****         return true;
  98:Core/Src/at24_eeprom.c ****       }
  99:Core/Src/at24_eeprom.c ****       if (HAL_GetTick() - startTime >= timeout)
 163              		.loc 1 99 7 is_stmt 1 view .LVU35
 164              		.loc 1 99 11 is_stmt 0 view .LVU36
 165 0050 FFF7FEFF 		bl	HAL_GetTick
 166              	.LVL14:
 167              		.loc 1 99 25 view .LVU37
 168 0054 A0EB0800 		sub	r0, r0, r8
 169              		.loc 1 99 10 view .LVU38
 170 0058 B842     		cmp	r0, r7
 171 005a 0FD2     		bcs	.L16
 172              	.LVL15:
 173              	.L12:
  67:Core/Src/at24_eeprom.c ****   {
 174              		.loc 1 67 3 is_stmt 1 view .LVU39
  72:Core/Src/at24_eeprom.c ****     if (w > len)
 175              		.loc 1 72 5 view .LVU40
  72:Core/Src/at24_eeprom.c ****     if (w > len)
 176              		.loc 1 72 35 is_stmt 0 view .LVU41
 177 005c 09F01F0C 		and	ip, r9, #31
  72:Core/Src/at24_eeprom.c ****     if (w > len)
 178              		.loc 1 72 7 view .LVU42
 179 0060 CCF1200C 		rsb	ip, ip, #32
 180 0064 1FFA8CFC 		uxth	ip, ip
 181              	.LVL16:
  73:Core/Src/at24_eeprom.c ****       w = len;
 182              		.loc 1 73 5 is_stmt 1 view .LVU43
  73:Core/Src/at24_eeprom.c ****       w = len;
ARM GAS  C:\Users\SOROKO~1\AppData\Local\Temp\cc62mk8P.s 			page 6


 183              		.loc 1 73 11 is_stmt 0 view .LVU44
 184 0068 ACB2     		uxth	r4, r5
  73:Core/Src/at24_eeprom.c ****       w = len;
 185              		.loc 1 73 8 view .LVU45
 186 006a 6445     		cmp	r4, ip
 187 006c DAD3     		bcc	.L9
  72:Core/Src/at24_eeprom.c ****     if (w > len)
 188              		.loc 1 72 7 view .LVU46
 189 006e 6446     		mov	r4, ip
 190 0070 D8E7     		b	.L9
 191              	.LVL17:
 192              	.L15:
  96:Core/Src/at24_eeprom.c ****         return true;
 193              		.loc 1 96 9 is_stmt 1 view .LVU47
  96:Core/Src/at24_eeprom.c ****         return true;
 194              		.loc 1 96 19 is_stmt 0 view .LVU48
 195 0072 084B     		ldr	r3, .L17
 196 0074 0022     		movs	r2, #0
 197 0076 1A70     		strb	r2, [r3]
  97:Core/Src/at24_eeprom.c ****       }
 198              		.loc 1 97 9 is_stmt 1 view .LVU49
  97:Core/Src/at24_eeprom.c ****       }
 199              		.loc 1 97 16 is_stmt 0 view .LVU50
 200 0078 0120     		movs	r0, #1
 201 007a 08E0     		b	.L7
 202              	.L16:
 100:Core/Src/at24_eeprom.c ****       {
 101:Core/Src/at24_eeprom.c ****         at24_lock = 0;
 203              		.loc 1 101 9 is_stmt 1 view .LVU51
 204              		.loc 1 101 19 is_stmt 0 view .LVU52
 205 007c 0020     		movs	r0, #0
 206 007e 054B     		ldr	r3, .L17
 207 0080 1870     		strb	r0, [r3]
 102:Core/Src/at24_eeprom.c ****         return false;
 208              		.loc 1 102 9 is_stmt 1 view .LVU53
 209              		.loc 1 102 16 is_stmt 0 view .LVU54
 210 0082 04E0     		b	.L7
 211              	.LVL18:
 212              	.L10:
 103:Core/Src/at24_eeprom.c ****       }
 104:Core/Src/at24_eeprom.c ****     }
 105:Core/Src/at24_eeprom.c ****     else
 106:Core/Src/at24_eeprom.c ****     {
 107:Core/Src/at24_eeprom.c ****       #if (_EEPROM_USE_WP_PIN==1)
 108:Core/Src/at24_eeprom.c ****       HAL_GPIO_WritePin(_EEPROM_WP_GPIO, _EEPROM_WP_PIN, GPIO_PIN_SET);
 109:Core/Src/at24_eeprom.c ****       #endif
 110:Core/Src/at24_eeprom.c ****       at24_lock = 0;
 213              		.loc 1 110 7 is_stmt 1 view .LVU55
 214              		.loc 1 110 17 is_stmt 0 view .LVU56
 215 0084 0020     		movs	r0, #0
 216 0086 034B     		ldr	r3, .L17
 217 0088 1870     		strb	r0, [r3]
 111:Core/Src/at24_eeprom.c ****       return false;
 218              		.loc 1 111 7 is_stmt 1 view .LVU57
 219              		.loc 1 111 14 is_stmt 0 view .LVU58
 220 008a 00E0     		b	.L7
 221              	.LVL19:
ARM GAS  C:\Users\SOROKO~1\AppData\Local\Temp\cc62mk8P.s 			page 7


 222              	.L13:
  57:Core/Src/at24_eeprom.c **** 
 223              		.loc 1 57 12 view .LVU59
 224 008c 0020     		movs	r0, #0
 225              	.LVL20:
 226              	.L7:
 112:Core/Src/at24_eeprom.c ****     }
 113:Core/Src/at24_eeprom.c ****   }
 114:Core/Src/at24_eeprom.c **** }
 227              		.loc 1 114 1 view .LVU60
 228 008e 05B0     		add	sp, sp, #20
 229              	.LCFI3:
 230              		.cfi_def_cfa_offset 28
 231              		@ sp needed
 232 0090 BDE8F083 		pop	{r4, r5, r6, r7, r8, r9, pc}
 233              	.LVL21:
 234              	.L18:
 235              		.loc 1 114 1 view .LVU61
 236              		.align	2
 237              	.L17:
 238 0094 00000000 		.word	.LANCHOR0
 239 0098 00000000 		.word	hi2c4
 240              		.cfi_endproc
 241              	.LFE137:
 243              		.section	.text.at24_read,"ax",%progbits
 244              		.align	1
 245              		.global	at24_read
 246              		.syntax unified
 247              		.thumb
 248              		.thumb_func
 250              	at24_read:
 251              	.LVL22:
 252              	.LFB138:
 115:Core/Src/at24_eeprom.c **** 
 116:Core/Src/at24_eeprom.c **** /**
 117:Core/Src/at24_eeprom.c ****   * @brief  Read an amount of data in blocking mode to a specific memory address
 118:Core/Src/at24_eeprom.c ****   * @param  address Internal memory address
 119:Core/Src/at24_eeprom.c ****   * @param  data Pointer to data buffer
 120:Core/Src/at24_eeprom.c ****   * @param  len Amount of data to be sent
 121:Core/Src/at24_eeprom.c ****   * @param  timeout Timeout duration
 122:Core/Src/at24_eeprom.c ****   * @retval bool status
 123:Core/Src/at24_eeprom.c ****   */
 124:Core/Src/at24_eeprom.c **** int at24_read(uint16_t address, uint8_t *data, uint8_t len, uint32_t timeout)
 125:Core/Src/at24_eeprom.c **** {
 253              		.loc 1 125 1 is_stmt 1 view -0
 254              		.cfi_startproc
 255              		@ args = 0, pretend = 0, frame = 0
 256              		@ frame_needed = 0, uses_anonymous_args = 0
 257              		.loc 1 125 1 is_stmt 0 view .LVU63
 258 0000 F0B5     		push	{r4, r5, r6, r7, lr}
 259              	.LCFI4:
 260              		.cfi_def_cfa_offset 20
 261              		.cfi_offset 4, -20
 262              		.cfi_offset 5, -16
 263              		.cfi_offset 6, -12
 264              		.cfi_offset 7, -8
 265              		.cfi_offset 14, -4
ARM GAS  C:\Users\SOROKO~1\AppData\Local\Temp\cc62mk8P.s 			page 8


 266 0002 85B0     		sub	sp, sp, #20
 267              	.LCFI5:
 268              		.cfi_def_cfa_offset 40
 269 0004 0446     		mov	r4, r0
 270 0006 0F46     		mov	r7, r1
 271 0008 1646     		mov	r6, r2
 272 000a 1D46     		mov	r5, r3
 126:Core/Src/at24_eeprom.c **** 	at24_delay(1);
 273              		.loc 1 126 2 is_stmt 1 view .LVU64
 274 000c 0120     		movs	r0, #1
 275              	.LVL23:
 276              		.loc 1 126 2 is_stmt 0 view .LVU65
 277 000e FFF7FEFF 		bl	osDelay
 278              	.LVL24:
 127:Core/Src/at24_eeprom.c ****   #if (EEPROM_USE_IWDG)
 128:Core/Src/at24_eeprom.c **** 		HAL_IWDG_Refresh(&_EEPROM_IWDG);
 129:Core/Src/at24_eeprom.c ****   #endif
 130:Core/Src/at24_eeprom.c ****   if (at24_lock == 1)
 279              		.loc 1 130 3 is_stmt 1 view .LVU66
 280              		.loc 1 130 17 is_stmt 0 view .LVU67
 281 0012 0E4B     		ldr	r3, .L24
 282 0014 1B78     		ldrb	r3, [r3]	@ zero_extendqisi2
 283              		.loc 1 130 6 view .LVU68
 284 0016 012B     		cmp	r3, #1
 285 0018 15D0     		beq	.L22
 131:Core/Src/at24_eeprom.c ****     return false;
 132:Core/Src/at24_eeprom.c ****   at24_lock = 1;
 286              		.loc 1 132 3 is_stmt 1 view .LVU69
 287              		.loc 1 132 13 is_stmt 0 view .LVU70
 288 001a 0C4B     		ldr	r3, .L24
 289 001c 0122     		movs	r2, #1
 290 001e 1A70     		strb	r2, [r3]
 133:Core/Src/at24_eeprom.c ****   #if (_EEPROM_USE_WP_PIN==1)
 134:Core/Src/at24_eeprom.c ****   HAL_GPIO_WritePin(_EEPROM_WP_GPIO, _EEPROM_WP_PIN, GPIO_PIN_SET);
 135:Core/Src/at24_eeprom.c ****   #endif
 136:Core/Src/at24_eeprom.c ****   #if ((_EEPROM_SIZE_KBIT==1) || (_EEPROM_SIZE_KBIT==2))
 137:Core/Src/at24_eeprom.c ****   if (HAL_I2C_Mem_Read(&_EEPROM_I2C, _EEPROM_ADDRESS, address, I2C_MEMADD_SIZE_8BIT, data, len, 100
 138:Core/Src/at24_eeprom.c ****   #elif (_EEPROM_SIZE_KBIT == 4)
 139:Core/Src/at24_eeprom.c ****   if (HAL_I2C_Mem_Read(&_EEPROM_I2C, _EEPROM_ADDRESS | ((address & 0x0100) >> 7), (address & 0xff),
 140:Core/Src/at24_eeprom.c ****   #elif (_EEPROM_SIZE_KBIT == 8)
 141:Core/Src/at24_eeprom.c ****   if (HAL_I2C_Mem_Read(&_EEPROM_I2C, _EEPROM_ADDRESS | ((address & 0x0300) >> 7), (address & 0xff),
 142:Core/Src/at24_eeprom.c ****   #elif (_EEPROM_SIZE_KBIT==16)
 143:Core/Src/at24_eeprom.c ****   if (HAL_I2C_Mem_Read(&_EEPROM_I2C, _EEPROM_ADDRESS | ((address & 0x0700) >> 7), (address & 0xff),
 144:Core/Src/at24_eeprom.c ****   #else
 145:Core/Src/at24_eeprom.c ****   if (HAL_I2C_Mem_Read(&_EEPROM_I2C, _EEPROM_ADDRESS, address, I2C_MEMADD_SIZE_16BIT, data, len, ti
 291              		.loc 1 145 3 is_stmt 1 view .LVU71
 292              		.loc 1 145 7 is_stmt 0 view .LVU72
 293 0020 0295     		str	r5, [sp, #8]
 294 0022 0196     		str	r6, [sp, #4]
 295 0024 0097     		str	r7, [sp]
 296 0026 0223     		movs	r3, #2
 297 0028 2246     		mov	r2, r4
 298 002a A021     		movs	r1, #160
 299 002c 0848     		ldr	r0, .L24+4
 300 002e FFF7FEFF 		bl	HAL_I2C_Mem_Read
 301              	.LVL25:
 302              		.loc 1 145 6 view .LVU73
ARM GAS  C:\Users\SOROKO~1\AppData\Local\Temp\cc62mk8P.s 			page 9


 303 0032 20B9     		cbnz	r0, .L21
 146:Core/Src/at24_eeprom.c ****   #endif
 147:Core/Src/at24_eeprom.c ****   {
 148:Core/Src/at24_eeprom.c ****     at24_lock = 0;
 304              		.loc 1 148 5 is_stmt 1 view .LVU74
 305              		.loc 1 148 15 is_stmt 0 view .LVU75
 306 0034 054B     		ldr	r3, .L24
 307 0036 0022     		movs	r2, #0
 308 0038 1A70     		strb	r2, [r3]
 149:Core/Src/at24_eeprom.c ****     return true;
 309              		.loc 1 149 5 is_stmt 1 view .LVU76
 310              		.loc 1 149 12 is_stmt 0 view .LVU77
 311 003a 0120     		movs	r0, #1
 312 003c 04E0     		b	.L19
 313              	.L21:
 150:Core/Src/at24_eeprom.c ****   }
 151:Core/Src/at24_eeprom.c ****   else
 152:Core/Src/at24_eeprom.c ****   {
 153:Core/Src/at24_eeprom.c ****     at24_lock = 0;
 314              		.loc 1 153 5 is_stmt 1 view .LVU78
 315              		.loc 1 153 15 is_stmt 0 view .LVU79
 316 003e 0020     		movs	r0, #0
 317 0040 024B     		ldr	r3, .L24
 318 0042 1870     		strb	r0, [r3]
 154:Core/Src/at24_eeprom.c ****     return false;
 319              		.loc 1 154 5 is_stmt 1 view .LVU80
 320              		.loc 1 154 12 is_stmt 0 view .LVU81
 321 0044 00E0     		b	.L19
 322              	.L22:
 131:Core/Src/at24_eeprom.c ****   at24_lock = 1;
 323              		.loc 1 131 12 view .LVU82
 324 0046 0020     		movs	r0, #0
 325              	.L19:
 155:Core/Src/at24_eeprom.c ****   }
 156:Core/Src/at24_eeprom.c **** }
 326              		.loc 1 156 1 view .LVU83
 327 0048 05B0     		add	sp, sp, #20
 328              	.LCFI6:
 329              		.cfi_def_cfa_offset 20
 330              		@ sp needed
 331 004a F0BD     		pop	{r4, r5, r6, r7, pc}
 332              	.LVL26:
 333              	.L25:
 334              		.loc 1 156 1 view .LVU84
 335              		.align	2
 336              	.L24:
 337 004c 00000000 		.word	.LANCHOR0
 338 0050 00000000 		.word	hi2c4
 339              		.cfi_endproc
 340              	.LFE138:
 342              		.section	.text.at24_eraseChip,"ax",%progbits
 343              		.align	1
 344              		.global	at24_eraseChip
 345              		.syntax unified
 346              		.thumb
 347              		.thumb_func
 349              	at24_eraseChip:
ARM GAS  C:\Users\SOROKO~1\AppData\Local\Temp\cc62mk8P.s 			page 10


 350              	.LFB139:
 157:Core/Src/at24_eeprom.c **** 
 158:Core/Src/at24_eeprom.c **** /**
 159:Core/Src/at24_eeprom.c ****   * @brief  Erase memory.
 160:Core/Src/at24_eeprom.c ****   * @param  none
 161:Core/Src/at24_eeprom.c ****   * @retval bool status
 162:Core/Src/at24_eeprom.c ****   */
 163:Core/Src/at24_eeprom.c **** int at24_eraseChip(void)
 164:Core/Src/at24_eeprom.c **** {
 351              		.loc 1 164 1 is_stmt 1 view -0
 352              		.cfi_startproc
 353              		@ args = 0, pretend = 0, frame = 32
 354              		@ frame_needed = 0, uses_anonymous_args = 0
 355 0000 30B5     		push	{r4, r5, lr}
 356              	.LCFI7:
 357              		.cfi_def_cfa_offset 12
 358              		.cfi_offset 4, -12
 359              		.cfi_offset 5, -8
 360              		.cfi_offset 14, -4
 361 0002 89B0     		sub	sp, sp, #36
 362              	.LCFI8:
 363              		.cfi_def_cfa_offset 48
 165:Core/Src/at24_eeprom.c ****   const uint8_t eraseData[32] = {0x00, 0x00, 0x00, 0x00, 0x00, 0x00, 0x00, 0x00, 0x00, 0x00, 0x00, 
 364              		.loc 1 165 3 view .LVU86
 365              		.loc 1 165 17 is_stmt 0 view .LVU87
 366 0004 6C46     		mov	r4, sp
 367 0006 0C4D     		ldr	r5, .L32
 368 0008 0FCD     		ldmia	r5!, {r0, r1, r2, r3}
 369 000a 0FC4     		stmia	r4!, {r0, r1, r2, r3}
 370 000c 95E80F00 		ldm	r5, {r0, r1, r2, r3}
 371 0010 84E80F00 		stm	r4, {r0, r1, r2, r3}
 166:Core/Src/at24_eeprom.c ****   uint32_t bytes = 0;
 372              		.loc 1 166 3 is_stmt 1 view .LVU88
 373              	.LVL27:
 167:Core/Src/at24_eeprom.c ****   while ( bytes < (_EEPROM_SIZE_KBIT * 128))
 374              		.loc 1 167 3 view .LVU89
 166:Core/Src/at24_eeprom.c ****   uint32_t bytes = 0;
 375              		.loc 1 166 12 is_stmt 0 view .LVU90
 376 0014 0024     		movs	r4, #0
 377              	.LVL28:
 378              	.L27:
 379              		.loc 1 167 17 is_stmt 1 view .LVU91
 380 0016 B4F5005F 		cmp	r4, #8192
 381 001a 09D2     		bcs	.L31
 168:Core/Src/at24_eeprom.c ****   {
 169:Core/Src/at24_eeprom.c ****     if (at24_write(bytes, (uint8_t*)eraseData, sizeof(eraseData), 100) == false)
 382              		.loc 1 169 5 view .LVU92
 383              		.loc 1 169 9 is_stmt 0 view .LVU93
 384 001c 6423     		movs	r3, #100
 385 001e 2022     		movs	r2, #32
 386 0020 6946     		mov	r1, sp
 387 0022 A0B2     		uxth	r0, r4
 388 0024 FFF7FEFF 		bl	at24_write
 389              	.LVL29:
 390              		.loc 1 169 8 view .LVU94
 391 0028 0346     		mov	r3, r0
 392 002a 10B1     		cbz	r0, .L26
ARM GAS  C:\Users\SOROKO~1\AppData\Local\Temp\cc62mk8P.s 			page 11


 170:Core/Src/at24_eeprom.c ****       return false;
 171:Core/Src/at24_eeprom.c ****     bytes += sizeof(eraseData);
 393              		.loc 1 171 5 is_stmt 1 view .LVU95
 394              		.loc 1 171 11 is_stmt 0 view .LVU96
 395 002c 2034     		adds	r4, r4, #32
 396              	.LVL30:
 397              		.loc 1 171 11 view .LVU97
 398 002e F2E7     		b	.L27
 399              	.L31:
 172:Core/Src/at24_eeprom.c ****   }
 173:Core/Src/at24_eeprom.c ****   return true;
 400              		.loc 1 173 10 view .LVU98
 401 0030 0123     		movs	r3, #1
 402              	.L26:
 174:Core/Src/at24_eeprom.c **** }
 403              		.loc 1 174 1 view .LVU99
 404 0032 1846     		mov	r0, r3
 405 0034 09B0     		add	sp, sp, #36
 406              	.LCFI9:
 407              		.cfi_def_cfa_offset 12
 408              		@ sp needed
 409 0036 30BD     		pop	{r4, r5, pc}
 410              	.LVL31:
 411              	.L33:
 412              		.loc 1 174 1 view .LVU100
 413              		.align	2
 414              	.L32:
 415 0038 00000000 		.word	.LANCHOR1
 416              		.cfi_endproc
 417              	.LFE139:
 419              		.section	.rodata
 420              		.align	2
 421              		.set	.LANCHOR1,. + 0
 422              	.LC0:
 423 0000 00000000 		.ascii	"\000\000\000\000\000\000\000\000\000\000\000\000\000"
 423      00000000 
 423      00000000 
 423      00
 424 000d 00000000 		.ascii	"\000\000\000\000\000\000\000\000\000\000\000\000\000"
 424      00000000 
 424      00000000 
 424      00
 425 001a 00000000 		.ascii	"\000\000\000\000\000\000"
 425      0000
 426              		.section	.bss.at24_lock,"aw",%nobits
 427              		.set	.LANCHOR0,. + 0
 430              	at24_lock:
 431 0000 00       		.space	1
 432              		.text
 433              	.Letext0:
 434              		.file 2 "C:\\ST\\STM32CubeIDE_1.9.0\\STM32CubeIDE\\plugins\\com.st.stm32cube.ide.mcu.externaltools
 435              		.file 3 "C:\\ST\\STM32CubeIDE_1.9.0\\STM32CubeIDE\\plugins\\com.st.stm32cube.ide.mcu.externaltools
 436              		.file 4 "Drivers/CMSIS/Device/ST/STM32G4xx/Include/stm32g474xx.h"
 437              		.file 5 "Drivers/STM32G4xx_HAL_Driver/Inc/stm32g4xx_hal_def.h"
 438              		.file 6 "Drivers/STM32G4xx_HAL_Driver/Inc/stm32g4xx_hal_dma.h"
 439              		.file 7 "Drivers/STM32G4xx_HAL_Driver/Inc/stm32g4xx_hal_i2c.h"
 440              		.file 8 "Middlewares/Third_Party/FreeRTOS/Source/CMSIS_RTOS_V2/cmsis_os2.h"
ARM GAS  C:\Users\SOROKO~1\AppData\Local\Temp\cc62mk8P.s 			page 12


 441              		.file 9 "Core/Inc/i2c.h"
 442              		.file 10 "Drivers/STM32G4xx_HAL_Driver/Inc/stm32g4xx_hal.h"
ARM GAS  C:\Users\SOROKO~1\AppData\Local\Temp\cc62mk8P.s 			page 13


DEFINED SYMBOLS
                            *ABS*:0000000000000000 at24_eeprom.c
C:\Users\SOROKO~1\AppData\Local\Temp\cc62mk8P.s:20     .text.at24_isConnected:0000000000000000 $t
C:\Users\SOROKO~1\AppData\Local\Temp\cc62mk8P.s:26     .text.at24_isConnected:0000000000000000 at24_isConnected
C:\Users\SOROKO~1\AppData\Local\Temp\cc62mk8P.s:60     .text.at24_isConnected:0000000000000018 $d
C:\Users\SOROKO~1\AppData\Local\Temp\cc62mk8P.s:65     .text.at24_write:0000000000000000 $t
C:\Users\SOROKO~1\AppData\Local\Temp\cc62mk8P.s:71     .text.at24_write:0000000000000000 at24_write
C:\Users\SOROKO~1\AppData\Local\Temp\cc62mk8P.s:238    .text.at24_write:0000000000000094 $d
C:\Users\SOROKO~1\AppData\Local\Temp\cc62mk8P.s:244    .text.at24_read:0000000000000000 $t
C:\Users\SOROKO~1\AppData\Local\Temp\cc62mk8P.s:250    .text.at24_read:0000000000000000 at24_read
C:\Users\SOROKO~1\AppData\Local\Temp\cc62mk8P.s:337    .text.at24_read:000000000000004c $d
C:\Users\SOROKO~1\AppData\Local\Temp\cc62mk8P.s:343    .text.at24_eraseChip:0000000000000000 $t
C:\Users\SOROKO~1\AppData\Local\Temp\cc62mk8P.s:349    .text.at24_eraseChip:0000000000000000 at24_eraseChip
C:\Users\SOROKO~1\AppData\Local\Temp\cc62mk8P.s:415    .text.at24_eraseChip:0000000000000038 $d
C:\Users\SOROKO~1\AppData\Local\Temp\cc62mk8P.s:420    .rodata:0000000000000000 $d
C:\Users\SOROKO~1\AppData\Local\Temp\cc62mk8P.s:430    .bss.at24_lock:0000000000000000 at24_lock
C:\Users\SOROKO~1\AppData\Local\Temp\cc62mk8P.s:431    .bss.at24_lock:0000000000000000 $d

UNDEFINED SYMBOLS
HAL_I2C_IsDeviceReady
hi2c4
HAL_GetTick
HAL_I2C_Mem_Write
osDelay
HAL_I2C_Mem_Read
