ARM GAS  C:\Users\VR\AppData\Local\Temp\ccdprvHr.s 			page 1


   1              		.cpu cortex-m4
   2              		.arch armv7e-m
   3              		.fpu fpv4-sp-d16
   4              		.eabi_attribute 27, 1
   5              		.eabi_attribute 28, 1
   6              		.eabi_attribute 20, 1
   7              		.eabi_attribute 21, 1
   8              		.eabi_attribute 23, 3
   9              		.eabi_attribute 24, 1
  10              		.eabi_attribute 25, 1
  11              		.eabi_attribute 26, 1
  12              		.eabi_attribute 30, 1
  13              		.eabi_attribute 34, 1
  14              		.eabi_attribute 18, 4
  15              		.file	"dma_transport.c"
  16              		.text
  17              	.Ltext0:
  18              		.cfi_sections	.debug_frame
  19              		.section	.text.len_to_dlc,"ax",%progbits
  20              		.align	1
  21              		.global	len_to_dlc
  22              		.syntax unified
  23              		.thumb
  24              		.thumb_func
  26              	len_to_dlc:
  27              	.LVL0:
  28              	.LFB139:
  29              		.file 1 "micro_ros_stm32cubemx_utils/extra_sources/microros_transports/dma_transport.c"
   1:micro_ros_stm32cubemx_utils/extra_sources/microros_transports/dma_transport.c **** #include <uxr/client/transport.h>
   2:micro_ros_stm32cubemx_utils/extra_sources/microros_transports/dma_transport.c **** 
   3:micro_ros_stm32cubemx_utils/extra_sources/microros_transports/dma_transport.c **** #include <rmw_microxrcedds_c/config.h>
   4:micro_ros_stm32cubemx_utils/extra_sources/microros_transports/dma_transport.c **** 
   5:micro_ros_stm32cubemx_utils/extra_sources/microros_transports/dma_transport.c **** #include "main.h"
   6:micro_ros_stm32cubemx_utils/extra_sources/microros_transports/dma_transport.c **** #include "cmsis_os.h"
   7:micro_ros_stm32cubemx_utils/extra_sources/microros_transports/dma_transport.c **** 
   8:micro_ros_stm32cubemx_utils/extra_sources/microros_transports/dma_transport.c **** #include <unistd.h>
   9:micro_ros_stm32cubemx_utils/extra_sources/microros_transports/dma_transport.c **** #include <stdio.h>
  10:micro_ros_stm32cubemx_utils/extra_sources/microros_transports/dma_transport.c **** #include <string.h>
  11:micro_ros_stm32cubemx_utils/extra_sources/microros_transports/dma_transport.c **** #include <stdbool.h>
  12:micro_ros_stm32cubemx_utils/extra_sources/microros_transports/dma_transport.c **** 
  13:micro_ros_stm32cubemx_utils/extra_sources/microros_transports/dma_transport.c **** #ifdef RMW_UXRCE_TRANSPORT_CUSTOM
  14:micro_ros_stm32cubemx_utils/extra_sources/microros_transports/dma_transport.c **** 
  15:micro_ros_stm32cubemx_utils/extra_sources/microros_transports/dma_transport.c **** // --- micro-ROS Transports ---
  16:micro_ros_stm32cubemx_utils/extra_sources/microros_transports/dma_transport.c **** #define CAN_IT_BUFFER_SIZE 2048
  17:micro_ros_stm32cubemx_utils/extra_sources/microros_transports/dma_transport.c **** 
  18:micro_ros_stm32cubemx_utils/extra_sources/microros_transports/dma_transport.c **** static const uint8_t dlc2len[16] = {0, 1, 2, 3, 4, 5, 6, 7, 8, 12, 16, 20, 24, 32, 48, 64};
  19:micro_ros_stm32cubemx_utils/extra_sources/microros_transports/dma_transport.c **** 
  20:micro_ros_stm32cubemx_utils/extra_sources/microros_transports/dma_transport.c **** 
  21:micro_ros_stm32cubemx_utils/extra_sources/microros_transports/dma_transport.c **** const uint32_t FDCANLengthToDLC[65] = {
  22:micro_ros_stm32cubemx_utils/extra_sources/microros_transports/dma_transport.c ****         // 0-8
  23:micro_ros_stm32cubemx_utils/extra_sources/microros_transports/dma_transport.c ****         FDCAN_DLC_BYTES_0,  FDCAN_DLC_BYTES_1,  FDCAN_DLC_BYTES_2,  FDCAN_DLC_BYTES_3,
  24:micro_ros_stm32cubemx_utils/extra_sources/microros_transports/dma_transport.c ****         FDCAN_DLC_BYTES_4,  FDCAN_DLC_BYTES_5,  FDCAN_DLC_BYTES_6,  FDCAN_DLC_BYTES_7,
  25:micro_ros_stm32cubemx_utils/extra_sources/microros_transports/dma_transport.c ****         FDCAN_DLC_BYTES_8,
  26:micro_ros_stm32cubemx_utils/extra_sources/microros_transports/dma_transport.c ****         // 9-12
  27:micro_ros_stm32cubemx_utils/extra_sources/microros_transports/dma_transport.c ****         FDCAN_DLC_BYTES_12,  FDCAN_DLC_BYTES_12,  FDCAN_DLC_BYTES_12,  FDCAN_DLC_BYTES_12,
  28:micro_ros_stm32cubemx_utils/extra_sources/microros_transports/dma_transport.c ****         // 13-16
  29:micro_ros_stm32cubemx_utils/extra_sources/microros_transports/dma_transport.c ****         FDCAN_DLC_BYTES_16, FDCAN_DLC_BYTES_16, FDCAN_DLC_BYTES_16, FDCAN_DLC_BYTES_16,
ARM GAS  C:\Users\VR\AppData\Local\Temp\ccdprvHr.s 			page 2


  30:micro_ros_stm32cubemx_utils/extra_sources/microros_transports/dma_transport.c ****         // 17-20
  31:micro_ros_stm32cubemx_utils/extra_sources/microros_transports/dma_transport.c ****         FDCAN_DLC_BYTES_20, FDCAN_DLC_BYTES_20, FDCAN_DLC_BYTES_20, FDCAN_DLC_BYTES_20,
  32:micro_ros_stm32cubemx_utils/extra_sources/microros_transports/dma_transport.c ****         // 20-24
  33:micro_ros_stm32cubemx_utils/extra_sources/microros_transports/dma_transport.c ****         FDCAN_DLC_BYTES_24, FDCAN_DLC_BYTES_24, FDCAN_DLC_BYTES_24, FDCAN_DLC_BYTES_24,
  34:micro_ros_stm32cubemx_utils/extra_sources/microros_transports/dma_transport.c ****         // 24-32
  35:micro_ros_stm32cubemx_utils/extra_sources/microros_transports/dma_transport.c ****         FDCAN_DLC_BYTES_32, FDCAN_DLC_BYTES_32, FDCAN_DLC_BYTES_32, FDCAN_DLC_BYTES_32,
  36:micro_ros_stm32cubemx_utils/extra_sources/microros_transports/dma_transport.c ****         FDCAN_DLC_BYTES_32, FDCAN_DLC_BYTES_32, FDCAN_DLC_BYTES_32, FDCAN_DLC_BYTES_32,
  37:micro_ros_stm32cubemx_utils/extra_sources/microros_transports/dma_transport.c ****         // 33-48
  38:micro_ros_stm32cubemx_utils/extra_sources/microros_transports/dma_transport.c ****         FDCAN_DLC_BYTES_48, FDCAN_DLC_BYTES_48, FDCAN_DLC_BYTES_48, FDCAN_DLC_BYTES_48,
  39:micro_ros_stm32cubemx_utils/extra_sources/microros_transports/dma_transport.c ****         FDCAN_DLC_BYTES_48, FDCAN_DLC_BYTES_48, FDCAN_DLC_BYTES_48, FDCAN_DLC_BYTES_48,
  40:micro_ros_stm32cubemx_utils/extra_sources/microros_transports/dma_transport.c ****         FDCAN_DLC_BYTES_48, FDCAN_DLC_BYTES_48, FDCAN_DLC_BYTES_48, FDCAN_DLC_BYTES_48,
  41:micro_ros_stm32cubemx_utils/extra_sources/microros_transports/dma_transport.c ****         FDCAN_DLC_BYTES_48, FDCAN_DLC_BYTES_48, FDCAN_DLC_BYTES_48, FDCAN_DLC_BYTES_48,
  42:micro_ros_stm32cubemx_utils/extra_sources/microros_transports/dma_transport.c ****         // 49-64
  43:micro_ros_stm32cubemx_utils/extra_sources/microros_transports/dma_transport.c ****         FDCAN_DLC_BYTES_64, FDCAN_DLC_BYTES_64, FDCAN_DLC_BYTES_64, FDCAN_DLC_BYTES_64,
  44:micro_ros_stm32cubemx_utils/extra_sources/microros_transports/dma_transport.c ****         FDCAN_DLC_BYTES_64, FDCAN_DLC_BYTES_64, FDCAN_DLC_BYTES_64, FDCAN_DLC_BYTES_64,
  45:micro_ros_stm32cubemx_utils/extra_sources/microros_transports/dma_transport.c ****         FDCAN_DLC_BYTES_64, FDCAN_DLC_BYTES_64, FDCAN_DLC_BYTES_64, FDCAN_DLC_BYTES_64,
  46:micro_ros_stm32cubemx_utils/extra_sources/microros_transports/dma_transport.c ****         FDCAN_DLC_BYTES_64, FDCAN_DLC_BYTES_64, FDCAN_DLC_BYTES_64, FDCAN_DLC_BYTES_64,
  47:micro_ros_stm32cubemx_utils/extra_sources/microros_transports/dma_transport.c **** };
  48:micro_ros_stm32cubemx_utils/extra_sources/microros_transports/dma_transport.c **** 
  49:micro_ros_stm32cubemx_utils/extra_sources/microros_transports/dma_transport.c **** 
  50:micro_ros_stm32cubemx_utils/extra_sources/microros_transports/dma_transport.c **** uint64_t can_head = 0;
  51:micro_ros_stm32cubemx_utils/extra_sources/microros_transports/dma_transport.c **** uint32_t can_tail = 0;
  52:micro_ros_stm32cubemx_utils/extra_sources/microros_transports/dma_transport.c **** uint8_t can_buffer[CAN_IT_BUFFER_SIZE];
  53:micro_ros_stm32cubemx_utils/extra_sources/microros_transports/dma_transport.c **** 
  54:micro_ros_stm32cubemx_utils/extra_sources/microros_transports/dma_transport.c **** FDCAN_HandleTypeDef * fdcan;
  55:micro_ros_stm32cubemx_utils/extra_sources/microros_transports/dma_transport.c **** 
  56:micro_ros_stm32cubemx_utils/extra_sources/microros_transports/dma_transport.c **** HAL_StatusTypeDef ret = HAL_ERROR;
  57:micro_ros_stm32cubemx_utils/extra_sources/microros_transports/dma_transport.c **** 
  58:micro_ros_stm32cubemx_utils/extra_sources/microros_transports/dma_transport.c **** uint32_t read_fault; //soft WD
  59:micro_ros_stm32cubemx_utils/extra_sources/microros_transports/dma_transport.c **** extern IWDG_HandleTypeDef hiwdg; //hard WD
  60:micro_ros_stm32cubemx_utils/extra_sources/microros_transports/dma_transport.c **** 
  61:micro_ros_stm32cubemx_utils/extra_sources/microros_transports/dma_transport.c **** uint8_t TxData[8];					// Data to be sent via CAN
  62:micro_ros_stm32cubemx_utils/extra_sources/microros_transports/dma_transport.c **** extern FDCAN_TxHeaderTypeDef TxHeader;		// Header for can message
  63:micro_ros_stm32cubemx_utils/extra_sources/microros_transports/dma_transport.c **** extern FDCAN_FilterTypeDef canfilterconfig;	// Filter for receiving CAN messages
  64:micro_ros_stm32cubemx_utils/extra_sources/microros_transports/dma_transport.c **** extern FDCAN_RxHeaderTypeDef RxHeader;
  65:micro_ros_stm32cubemx_utils/extra_sources/microros_transports/dma_transport.c **** 
  66:micro_ros_stm32cubemx_utils/extra_sources/microros_transports/dma_transport.c **** uint8_t dlc = 0; //чтобы не пересоздавать все эти переменные к
  67:micro_ros_stm32cubemx_utils/extra_sources/microros_transports/dma_transport.c **** uint8_t headerLen = 0;
  68:micro_ros_stm32cubemx_utils/extra_sources/microros_transports/dma_transport.c **** uint8_t rv = 0;
  69:micro_ros_stm32cubemx_utils/extra_sources/microros_transports/dma_transport.c **** 
  70:micro_ros_stm32cubemx_utils/extra_sources/microros_transports/dma_transport.c **** uint8_t len_to_dlc(size_t * len)
  71:micro_ros_stm32cubemx_utils/extra_sources/microros_transports/dma_transport.c **** {
  30              		.loc 1 71 1 view -0
  31              		.cfi_startproc
  32              		@ args = 0, pretend = 0, frame = 0
  33              		@ frame_needed = 0, uses_anonymous_args = 0
  34              		@ link register save eliminated.
  72:micro_ros_stm32cubemx_utils/extra_sources/microros_transports/dma_transport.c ****     if (* len<= 8)
  35              		.loc 1 72 5 view .LVU1
  36              		.loc 1 72 9 is_stmt 0 view .LVU2
  37 0000 0368     		ldr	r3, [r0]
  38              		.loc 1 72 8 view .LVU3
  39 0002 082B     		cmp	r3, #8
  40 0004 04D8     		bhi	.L2
  73:micro_ros_stm32cubemx_utils/extra_sources/microros_transports/dma_transport.c ****     {
  74:micro_ros_stm32cubemx_utils/extra_sources/microros_transports/dma_transport.c ****         dlc = (uint8_t) * len;
  41              		.loc 1 74 9 is_stmt 1 view .LVU4
ARM GAS  C:\Users\VR\AppData\Local\Temp\ccdprvHr.s 			page 3


  42              		.loc 1 74 13 is_stmt 0 view .LVU5
  43 0006 194A     		ldr	r2, .L11
  44 0008 1370     		strb	r3, [r2]
  45              	.L3:
  75:micro_ros_stm32cubemx_utils/extra_sources/microros_transports/dma_transport.c ****     }
  76:micro_ros_stm32cubemx_utils/extra_sources/microros_transports/dma_transport.c ****     else if (* len < 12)
  77:micro_ros_stm32cubemx_utils/extra_sources/microros_transports/dma_transport.c ****     {
  78:micro_ros_stm32cubemx_utils/extra_sources/microros_transports/dma_transport.c ****         dlc = 8;
  79:micro_ros_stm32cubemx_utils/extra_sources/microros_transports/dma_transport.c ****     }
  80:micro_ros_stm32cubemx_utils/extra_sources/microros_transports/dma_transport.c ****     else if (* len < 16)
  81:micro_ros_stm32cubemx_utils/extra_sources/microros_transports/dma_transport.c ****     {
  82:micro_ros_stm32cubemx_utils/extra_sources/microros_transports/dma_transport.c ****         dlc = 12;
  83:micro_ros_stm32cubemx_utils/extra_sources/microros_transports/dma_transport.c ****     }
  84:micro_ros_stm32cubemx_utils/extra_sources/microros_transports/dma_transport.c ****     else if (* len < 20)
  85:micro_ros_stm32cubemx_utils/extra_sources/microros_transports/dma_transport.c ****     {
  86:micro_ros_stm32cubemx_utils/extra_sources/microros_transports/dma_transport.c ****         dlc = 16;
  87:micro_ros_stm32cubemx_utils/extra_sources/microros_transports/dma_transport.c ****     }
  88:micro_ros_stm32cubemx_utils/extra_sources/microros_transports/dma_transport.c ****     else if (* len < 24)
  89:micro_ros_stm32cubemx_utils/extra_sources/microros_transports/dma_transport.c ****     {
  90:micro_ros_stm32cubemx_utils/extra_sources/microros_transports/dma_transport.c ****         dlc = 20;
  91:micro_ros_stm32cubemx_utils/extra_sources/microros_transports/dma_transport.c ****     }
  92:micro_ros_stm32cubemx_utils/extra_sources/microros_transports/dma_transport.c ****     else if (* len < 32)
  93:micro_ros_stm32cubemx_utils/extra_sources/microros_transports/dma_transport.c ****     {
  94:micro_ros_stm32cubemx_utils/extra_sources/microros_transports/dma_transport.c ****         dlc = 24;
  95:micro_ros_stm32cubemx_utils/extra_sources/microros_transports/dma_transport.c ****     }
  96:micro_ros_stm32cubemx_utils/extra_sources/microros_transports/dma_transport.c ****     else if (* len < 48)
  97:micro_ros_stm32cubemx_utils/extra_sources/microros_transports/dma_transport.c ****     {
  98:micro_ros_stm32cubemx_utils/extra_sources/microros_transports/dma_transport.c ****         dlc = 32;
  99:micro_ros_stm32cubemx_utils/extra_sources/microros_transports/dma_transport.c ****     }
 100:micro_ros_stm32cubemx_utils/extra_sources/microros_transports/dma_transport.c ****     else if (* len < 64)
 101:micro_ros_stm32cubemx_utils/extra_sources/microros_transports/dma_transport.c ****     {
 102:micro_ros_stm32cubemx_utils/extra_sources/microros_transports/dma_transport.c ****         dlc = 48;
 103:micro_ros_stm32cubemx_utils/extra_sources/microros_transports/dma_transport.c ****     }
 104:micro_ros_stm32cubemx_utils/extra_sources/microros_transports/dma_transport.c ****     else
 105:micro_ros_stm32cubemx_utils/extra_sources/microros_transports/dma_transport.c ****     {
 106:micro_ros_stm32cubemx_utils/extra_sources/microros_transports/dma_transport.c ****         dlc = 64;
 107:micro_ros_stm32cubemx_utils/extra_sources/microros_transports/dma_transport.c ****     }
 108:micro_ros_stm32cubemx_utils/extra_sources/microros_transports/dma_transport.c **** 
 109:micro_ros_stm32cubemx_utils/extra_sources/microros_transports/dma_transport.c ****     return dlc;
  46              		.loc 1 109 5 is_stmt 1 view .LVU6
 110:micro_ros_stm32cubemx_utils/extra_sources/microros_transports/dma_transport.c **** }
  47              		.loc 1 110 1 is_stmt 0 view .LVU7
  48 000a 184B     		ldr	r3, .L11
  49 000c 1878     		ldrb	r0, [r3]	@ zero_extendqisi2
  50              	.LVL1:
  51              		.loc 1 110 1 view .LVU8
  52 000e 7047     		bx	lr
  53              	.LVL2:
  54              	.L2:
  76:micro_ros_stm32cubemx_utils/extra_sources/microros_transports/dma_transport.c ****     {
  55              		.loc 1 76 10 is_stmt 1 view .LVU9
  76:micro_ros_stm32cubemx_utils/extra_sources/microros_transports/dma_transport.c ****     {
  56              		.loc 1 76 13 is_stmt 0 view .LVU10
  57 0010 0B2B     		cmp	r3, #11
  58 0012 03D8     		bhi	.L4
  78:micro_ros_stm32cubemx_utils/extra_sources/microros_transports/dma_transport.c ****     }
  59              		.loc 1 78 9 is_stmt 1 view .LVU11
ARM GAS  C:\Users\VR\AppData\Local\Temp\ccdprvHr.s 			page 4


  78:micro_ros_stm32cubemx_utils/extra_sources/microros_transports/dma_transport.c ****     }
  60              		.loc 1 78 13 is_stmt 0 view .LVU12
  61 0014 154B     		ldr	r3, .L11
  62 0016 0822     		movs	r2, #8
  63 0018 1A70     		strb	r2, [r3]
  64 001a F6E7     		b	.L3
  65              	.L4:
  80:micro_ros_stm32cubemx_utils/extra_sources/microros_transports/dma_transport.c ****     {
  66              		.loc 1 80 10 is_stmt 1 view .LVU13
  80:micro_ros_stm32cubemx_utils/extra_sources/microros_transports/dma_transport.c ****     {
  67              		.loc 1 80 13 is_stmt 0 view .LVU14
  68 001c 0F2B     		cmp	r3, #15
  69 001e 03D8     		bhi	.L5
  82:micro_ros_stm32cubemx_utils/extra_sources/microros_transports/dma_transport.c ****     }
  70              		.loc 1 82 9 is_stmt 1 view .LVU15
  82:micro_ros_stm32cubemx_utils/extra_sources/microros_transports/dma_transport.c ****     }
  71              		.loc 1 82 13 is_stmt 0 view .LVU16
  72 0020 124B     		ldr	r3, .L11
  73 0022 0C22     		movs	r2, #12
  74 0024 1A70     		strb	r2, [r3]
  75 0026 F0E7     		b	.L3
  76              	.L5:
  84:micro_ros_stm32cubemx_utils/extra_sources/microros_transports/dma_transport.c ****     {
  77              		.loc 1 84 10 is_stmt 1 view .LVU17
  84:micro_ros_stm32cubemx_utils/extra_sources/microros_transports/dma_transport.c ****     {
  78              		.loc 1 84 13 is_stmt 0 view .LVU18
  79 0028 132B     		cmp	r3, #19
  80 002a 03D8     		bhi	.L6
  86:micro_ros_stm32cubemx_utils/extra_sources/microros_transports/dma_transport.c ****     }
  81              		.loc 1 86 9 is_stmt 1 view .LVU19
  86:micro_ros_stm32cubemx_utils/extra_sources/microros_transports/dma_transport.c ****     }
  82              		.loc 1 86 13 is_stmt 0 view .LVU20
  83 002c 0F4B     		ldr	r3, .L11
  84 002e 1022     		movs	r2, #16
  85 0030 1A70     		strb	r2, [r3]
  86 0032 EAE7     		b	.L3
  87              	.L6:
  88:micro_ros_stm32cubemx_utils/extra_sources/microros_transports/dma_transport.c ****     {
  88              		.loc 1 88 10 is_stmt 1 view .LVU21
  88:micro_ros_stm32cubemx_utils/extra_sources/microros_transports/dma_transport.c ****     {
  89              		.loc 1 88 13 is_stmt 0 view .LVU22
  90 0034 172B     		cmp	r3, #23
  91 0036 03D8     		bhi	.L7
  90:micro_ros_stm32cubemx_utils/extra_sources/microros_transports/dma_transport.c ****     }
  92              		.loc 1 90 9 is_stmt 1 view .LVU23
  90:micro_ros_stm32cubemx_utils/extra_sources/microros_transports/dma_transport.c ****     }
  93              		.loc 1 90 13 is_stmt 0 view .LVU24
  94 0038 0C4B     		ldr	r3, .L11
  95 003a 1422     		movs	r2, #20
  96 003c 1A70     		strb	r2, [r3]
  97 003e E4E7     		b	.L3
  98              	.L7:
  92:micro_ros_stm32cubemx_utils/extra_sources/microros_transports/dma_transport.c ****     {
  99              		.loc 1 92 10 is_stmt 1 view .LVU25
  92:micro_ros_stm32cubemx_utils/extra_sources/microros_transports/dma_transport.c ****     {
 100              		.loc 1 92 13 is_stmt 0 view .LVU26
 101 0040 1F2B     		cmp	r3, #31
ARM GAS  C:\Users\VR\AppData\Local\Temp\ccdprvHr.s 			page 5


 102 0042 03D8     		bhi	.L8
  94:micro_ros_stm32cubemx_utils/extra_sources/microros_transports/dma_transport.c ****     }
 103              		.loc 1 94 9 is_stmt 1 view .LVU27
  94:micro_ros_stm32cubemx_utils/extra_sources/microros_transports/dma_transport.c ****     }
 104              		.loc 1 94 13 is_stmt 0 view .LVU28
 105 0044 094B     		ldr	r3, .L11
 106 0046 1822     		movs	r2, #24
 107 0048 1A70     		strb	r2, [r3]
 108 004a DEE7     		b	.L3
 109              	.L8:
  96:micro_ros_stm32cubemx_utils/extra_sources/microros_transports/dma_transport.c ****     {
 110              		.loc 1 96 10 is_stmt 1 view .LVU29
  96:micro_ros_stm32cubemx_utils/extra_sources/microros_transports/dma_transport.c ****     {
 111              		.loc 1 96 13 is_stmt 0 view .LVU30
 112 004c 2F2B     		cmp	r3, #47
 113 004e 03D8     		bhi	.L9
  98:micro_ros_stm32cubemx_utils/extra_sources/microros_transports/dma_transport.c ****     }
 114              		.loc 1 98 9 is_stmt 1 view .LVU31
  98:micro_ros_stm32cubemx_utils/extra_sources/microros_transports/dma_transport.c ****     }
 115              		.loc 1 98 13 is_stmt 0 view .LVU32
 116 0050 064B     		ldr	r3, .L11
 117 0052 2022     		movs	r2, #32
 118 0054 1A70     		strb	r2, [r3]
 119 0056 D8E7     		b	.L3
 120              	.L9:
 100:micro_ros_stm32cubemx_utils/extra_sources/microros_transports/dma_transport.c ****     {
 121              		.loc 1 100 10 is_stmt 1 view .LVU33
 100:micro_ros_stm32cubemx_utils/extra_sources/microros_transports/dma_transport.c ****     {
 122              		.loc 1 100 13 is_stmt 0 view .LVU34
 123 0058 3F2B     		cmp	r3, #63
 124 005a 03D8     		bhi	.L10
 102:micro_ros_stm32cubemx_utils/extra_sources/microros_transports/dma_transport.c ****     }
 125              		.loc 1 102 9 is_stmt 1 view .LVU35
 102:micro_ros_stm32cubemx_utils/extra_sources/microros_transports/dma_transport.c ****     }
 126              		.loc 1 102 13 is_stmt 0 view .LVU36
 127 005c 034B     		ldr	r3, .L11
 128 005e 3022     		movs	r2, #48
 129 0060 1A70     		strb	r2, [r3]
 130 0062 D2E7     		b	.L3
 131              	.L10:
 106:micro_ros_stm32cubemx_utils/extra_sources/microros_transports/dma_transport.c ****     }
 132              		.loc 1 106 9 is_stmt 1 view .LVU37
 106:micro_ros_stm32cubemx_utils/extra_sources/microros_transports/dma_transport.c ****     }
 133              		.loc 1 106 13 is_stmt 0 view .LVU38
 134 0064 014B     		ldr	r3, .L11
 135 0066 4022     		movs	r2, #64
 136 0068 1A70     		strb	r2, [r3]
 137 006a CEE7     		b	.L3
 138              	.L12:
 139              		.align	2
 140              	.L11:
 141 006c 00000000 		.word	.LANCHOR0
 142              		.cfi_endproc
 143              	.LFE139:
 145              		.section	.text.cubemx_transport_open,"ax",%progbits
 146              		.align	1
 147              		.global	cubemx_transport_open
ARM GAS  C:\Users\VR\AppData\Local\Temp\ccdprvHr.s 			page 6


 148              		.syntax unified
 149              		.thumb
 150              		.thumb_func
 152              	cubemx_transport_open:
 153              	.LVL3:
 154              	.LFB140:
 111:micro_ros_stm32cubemx_utils/extra_sources/microros_transports/dma_transport.c **** 
 112:micro_ros_stm32cubemx_utils/extra_sources/microros_transports/dma_transport.c **** 
 113:micro_ros_stm32cubemx_utils/extra_sources/microros_transports/dma_transport.c **** bool cubemx_transport_open(struct uxrCustomTransport * transport){
 155              		.loc 1 113 66 is_stmt 1 view -0
 156              		.cfi_startproc
 157              		@ args = 0, pretend = 0, frame = 0
 158              		@ frame_needed = 0, uses_anonymous_args = 0
 159              		@ link register save eliminated.
 114:micro_ros_stm32cubemx_utils/extra_sources/microros_transports/dma_transport.c **** 	fdcan = (FDCAN_HandleTypeDef*) transport->args;
 160              		.loc 1 114 2 view .LVU40
 161              		.loc 1 114 42 is_stmt 0 view .LVU41
 162 0000 D0F8E022 		ldr	r2, [r0, #736]
 163              		.loc 1 114 8 view .LVU42
 164 0004 014B     		ldr	r3, .L14
 165 0006 1A60     		str	r2, [r3]
 115:micro_ros_stm32cubemx_utils/extra_sources/microros_transports/dma_transport.c ****     return true;
 166              		.loc 1 115 5 is_stmt 1 view .LVU43
 116:micro_ros_stm32cubemx_utils/extra_sources/microros_transports/dma_transport.c **** }
 167              		.loc 1 116 1 is_stmt 0 view .LVU44
 168 0008 0120     		movs	r0, #1
 169              	.LVL4:
 170              		.loc 1 116 1 view .LVU45
 171 000a 7047     		bx	lr
 172              	.L15:
 173              		.align	2
 174              	.L14:
 175 000c 00000000 		.word	.LANCHOR1
 176              		.cfi_endproc
 177              	.LFE140:
 179              		.section	.text.cubemx_transport_close,"ax",%progbits
 180              		.align	1
 181              		.global	cubemx_transport_close
 182              		.syntax unified
 183              		.thumb
 184              		.thumb_func
 186              	cubemx_transport_close:
 187              	.LVL5:
 188              	.LFB141:
 117:micro_ros_stm32cubemx_utils/extra_sources/microros_transports/dma_transport.c **** 
 118:micro_ros_stm32cubemx_utils/extra_sources/microros_transports/dma_transport.c **** bool cubemx_transport_close(struct uxrCustomTransport * transport){
 189              		.loc 1 118 67 is_stmt 1 view -0
 190              		.cfi_startproc
 191              		@ args = 0, pretend = 0, frame = 0
 192              		@ frame_needed = 0, uses_anonymous_args = 0
 193              		@ link register save eliminated.
 119:micro_ros_stm32cubemx_utils/extra_sources/microros_transports/dma_transport.c ****     return true;
 194              		.loc 1 119 5 view .LVU47
 120:micro_ros_stm32cubemx_utils/extra_sources/microros_transports/dma_transport.c **** }
 195              		.loc 1 120 1 is_stmt 0 view .LVU48
 196 0000 0120     		movs	r0, #1
 197              	.LVL6:
ARM GAS  C:\Users\VR\AppData\Local\Temp\ccdprvHr.s 			page 7


 198              		.loc 1 120 1 view .LVU49
 199 0002 7047     		bx	lr
 200              		.cfi_endproc
 201              	.LFE141:
 203              		.section	.text.cubemx_transport_write,"ax",%progbits
 204              		.align	1
 205              		.global	cubemx_transport_write
 206              		.syntax unified
 207              		.thumb
 208              		.thumb_func
 210              	cubemx_transport_write:
 211              	.LVL7:
 212              	.LFB142:
 121:micro_ros_stm32cubemx_utils/extra_sources/microros_transports/dma_transport.c **** 
 122:micro_ros_stm32cubemx_utils/extra_sources/microros_transports/dma_transport.c **** size_t cubemx_transport_write(struct uxrCustomTransport* transport, uint8_t * buf, size_t len, uint
 213              		.loc 1 122 110 is_stmt 1 view -0
 214              		.cfi_startproc
 215              		@ args = 0, pretend = 0, frame = 8
 216              		@ frame_needed = 0, uses_anonymous_args = 0
 217              		.loc 1 122 110 is_stmt 0 view .LVU51
 218 0000 10B5     		push	{r4, lr}
 219              	.LCFI0:
 220              		.cfi_def_cfa_offset 8
 221              		.cfi_offset 4, -8
 222              		.cfi_offset 14, -4
 223 0002 82B0     		sub	sp, sp, #8
 224              	.LCFI1:
 225              		.cfi_def_cfa_offset 16
 226 0004 0C46     		mov	r4, r1
 227 0006 0192     		str	r2, [sp, #4]
 123:micro_ros_stm32cubemx_utils/extra_sources/microros_transports/dma_transport.c **** 
 124:micro_ros_stm32cubemx_utils/extra_sources/microros_transports/dma_transport.c ****     rv = len_to_dlc(&len); //To drop out part of buffer which will not be transmitted
 228              		.loc 1 124 5 is_stmt 1 view .LVU52
 229              		.loc 1 124 10 is_stmt 0 view .LVU53
 230 0008 01A8     		add	r0, sp, #4
 231              	.LVL8:
 232              		.loc 1 124 10 view .LVU54
 233 000a FFF7FEFF 		bl	len_to_dlc
 234              	.LVL9:
 235              		.loc 1 124 8 view .LVU55
 236 000e 124B     		ldr	r3, .L23
 237 0010 1870     		strb	r0, [r3]
 125:micro_ros_stm32cubemx_utils/extra_sources/microros_transports/dma_transport.c ****     TxHeader.DataLength = FDCANLengthToDLC[rv]; //Size of FDCan data length
 238              		.loc 1 125 5 is_stmt 1 view .LVU56
 239              		.loc 1 125 43 is_stmt 0 view .LVU57
 240 0012 124B     		ldr	r3, .L23+4
 241 0014 53F82030 		ldr	r3, [r3, r0, lsl #2]
 242              		.loc 1 125 25 view .LVU58
 243 0018 1149     		ldr	r1, .L23+8
 244 001a CB60     		str	r3, [r1, #12]
 126:micro_ros_stm32cubemx_utils/extra_sources/microros_transports/dma_transport.c **** 
 127:micro_ros_stm32cubemx_utils/extra_sources/microros_transports/dma_transport.c ****     if (ret = HAL_FDCAN_AddMessageToTxFifoQ(fdcan, &TxHeader, buf) != HAL_OK)
 245              		.loc 1 127 5 is_stmt 1 view .LVU59
 246              		.loc 1 127 15 is_stmt 0 view .LVU60
 247 001c 2246     		mov	r2, r4
 248 001e 114B     		ldr	r3, .L23+12
 249 0020 1868     		ldr	r0, [r3]
ARM GAS  C:\Users\VR\AppData\Local\Temp\ccdprvHr.s 			page 8


 250 0022 FFF7FEFF 		bl	HAL_FDCAN_AddMessageToTxFifoQ
 251              	.LVL10:
 252              		.loc 1 127 68 view .LVU61
 253 0026 0038     		subs	r0, r0, #0
 254 0028 18BF     		it	ne
 255 002a 0120     		movne	r0, #1
 256              		.loc 1 127 13 view .LVU62
 257 002c 0E4B     		ldr	r3, .L23+16
 258 002e 1870     		strb	r0, [r3]
 259              		.loc 1 127 8 view .LVU63
 260 0030 78B9     		cbnz	r0, .L22
 261              	.L19:
 128:micro_ros_stm32cubemx_utils/extra_sources/microros_transports/dma_transport.c ****     		{
 129:micro_ros_stm32cubemx_utils/extra_sources/microros_transports/dma_transport.c ****     		Error_Handler();
 130:micro_ros_stm32cubemx_utils/extra_sources/microros_transports/dma_transport.c ****     		}
 131:micro_ros_stm32cubemx_utils/extra_sources/microros_transports/dma_transport.c **** 	while(HAL_FDCAN_IsTxBufferMessagePending(fdcan, fdcan->LatestTxFifoQRequest));
 262              		.loc 1 131 8 is_stmt 1 discriminator 1 view .LVU64
 263 0032 0C4B     		ldr	r3, .L23+12
 264 0034 1868     		ldr	r0, [r3]
 265 0036 816D     		ldr	r1, [r0, #88]
 266 0038 FFF7FEFF 		bl	HAL_FDCAN_IsTxBufferMessagePending
 267              	.LVL11:
 268 003c 0346     		mov	r3, r0
 269 003e 0028     		cmp	r0, #0
 270 0040 F7D1     		bne	.L19
 132:micro_ros_stm32cubemx_utils/extra_sources/microros_transports/dma_transport.c ****     return (ret == HAL_OK) ? rv : 0;
 271              		.loc 1 132 5 view .LVU65
 272              		.loc 1 132 17 is_stmt 0 view .LVU66
 273 0042 094A     		ldr	r2, .L23+16
 274 0044 1278     		ldrb	r2, [r2]	@ zero_extendqisi2
 275              		.loc 1 132 33 view .LVU67
 276 0046 0AB9     		cbnz	r2, .L17
 277              		.loc 1 132 33 discriminator 1 view .LVU68
 278 0048 034B     		ldr	r3, .L23
 279 004a 1B78     		ldrb	r3, [r3]	@ zero_extendqisi2
 280              	.L17:
 133:micro_ros_stm32cubemx_utils/extra_sources/microros_transports/dma_transport.c ****    }
 281              		.loc 1 133 4 view .LVU69
 282 004c 1846     		mov	r0, r3
 283 004e 02B0     		add	sp, sp, #8
 284              	.LCFI2:
 285              		.cfi_remember_state
 286              		.cfi_def_cfa_offset 8
 287              		@ sp needed
 288 0050 10BD     		pop	{r4, pc}
 289              	.LVL12:
 290              	.L22:
 291              	.LCFI3:
 292              		.cfi_restore_state
 129:micro_ros_stm32cubemx_utils/extra_sources/microros_transports/dma_transport.c ****     		}
 293              		.loc 1 129 7 is_stmt 1 view .LVU70
 294 0052 FFF7FEFF 		bl	Error_Handler
 295              	.LVL13:
 296 0056 ECE7     		b	.L19
 297              	.L24:
 298              		.align	2
 299              	.L23:
ARM GAS  C:\Users\VR\AppData\Local\Temp\ccdprvHr.s 			page 9


 300 0058 00000000 		.word	.LANCHOR2
 301 005c 00000000 		.word	.LANCHOR3
 302 0060 00000000 		.word	TxHeader
 303 0064 00000000 		.word	.LANCHOR1
 304 0068 00000000 		.word	.LANCHOR4
 305              		.cfi_endproc
 306              	.LFE142:
 308              		.section	.text.cubemx_transport_read,"ax",%progbits
 309              		.align	1
 310              		.global	cubemx_transport_read
 311              		.syntax unified
 312              		.thumb
 313              		.thumb_func
 315              	cubemx_transport_read:
 316              	.LVL14:
 317              	.LFB143:
 134:micro_ros_stm32cubemx_utils/extra_sources/microros_transports/dma_transport.c **** 
 135:micro_ros_stm32cubemx_utils/extra_sources/microros_transports/dma_transport.c **** size_t cubemx_transport_read(struct uxrCustomTransport* transport, uint8_t* buf, size_t len, int ti
 136:micro_ros_stm32cubemx_utils/extra_sources/microros_transports/dma_transport.c **** {
 318              		.loc 1 136 1 view -0
 319              		.cfi_startproc
 320              		@ args = 4, pretend = 0, frame = 0
 321              		@ frame_needed = 0, uses_anonymous_args = 0
 322              		.loc 1 136 1 is_stmt 0 view .LVU72
 323 0000 2DE9F041 		push	{r4, r5, r6, r7, r8, lr}
 324              	.LCFI4:
 325              		.cfi_def_cfa_offset 24
 326              		.cfi_offset 4, -24
 327              		.cfi_offset 5, -20
 328              		.cfi_offset 6, -16
 329              		.cfi_offset 7, -12
 330              		.cfi_offset 8, -8
 331              		.cfi_offset 14, -4
 332 0004 0E46     		mov	r6, r1
 333 0006 1546     		mov	r5, r2
 334 0008 9846     		mov	r8, r3
 137:micro_ros_stm32cubemx_utils/extra_sources/microros_transports/dma_transport.c ****     size_t rcv = 0;
 335              		.loc 1 137 5 is_stmt 1 view .LVU73
 336              	.LVL15:
 138:micro_ros_stm32cubemx_utils/extra_sources/microros_transports/dma_transport.c ****     int ms_used = 0;
 337              		.loc 1 138 5 view .LVU74
 139:micro_ros_stm32cubemx_utils/extra_sources/microros_transports/dma_transport.c **** 
 140:micro_ros_stm32cubemx_utils/extra_sources/microros_transports/dma_transport.c ****     HAL_GPIO_TogglePin(GPIOD, GPIO_PIN_2);
 338              		.loc 1 140 5 view .LVU75
 339 000a 0421     		movs	r1, #4
 340              	.LVL16:
 341              		.loc 1 140 5 is_stmt 0 view .LVU76
 342 000c 1B48     		ldr	r0, .L34
 343              	.LVL17:
 344              		.loc 1 140 5 view .LVU77
 345 000e FFF7FEFF 		bl	HAL_GPIO_TogglePin
 346              	.LVL18:
 141:micro_ros_stm32cubemx_utils/extra_sources/microros_transports/dma_transport.c **** 
 142:micro_ros_stm32cubemx_utils/extra_sources/microros_transports/dma_transport.c ****     while(ms_used < timeout)
 347              		.loc 1 142 5 is_stmt 1 view .LVU78
 138:micro_ros_stm32cubemx_utils/extra_sources/microros_transports/dma_transport.c **** 
 348              		.loc 1 138 9 is_stmt 0 view .LVU79
ARM GAS  C:\Users\VR\AppData\Local\Temp\ccdprvHr.s 			page 10


 349 0012 0027     		movs	r7, #0
 137:micro_ros_stm32cubemx_utils/extra_sources/microros_transports/dma_transport.c ****     int ms_used = 0;
 350              		.loc 1 137 12 view .LVU80
 351 0014 3C46     		mov	r4, r7
 352              		.loc 1 142 10 view .LVU81
 353 0016 04E0     		b	.L26
 354              	.LVL19:
 355              	.L27:
 143:micro_ros_stm32cubemx_utils/extra_sources/microros_transports/dma_transport.c **** 		{
 144:micro_ros_stm32cubemx_utils/extra_sources/microros_transports/dma_transport.c **** 				while ((can_head != can_tail) && (rcv < len))
 145:micro_ros_stm32cubemx_utils/extra_sources/microros_transports/dma_transport.c **** 					{
 146:micro_ros_stm32cubemx_utils/extra_sources/microros_transports/dma_transport.c **** 						buf[rcv] = can_buffer[can_head];
 147:micro_ros_stm32cubemx_utils/extra_sources/microros_transports/dma_transport.c **** 						can_head = (can_head + 1) % CAN_IT_BUFFER_SIZE;
 148:micro_ros_stm32cubemx_utils/extra_sources/microros_transports/dma_transport.c **** 						rcv++;
 149:micro_ros_stm32cubemx_utils/extra_sources/microros_transports/dma_transport.c **** 					}
 150:micro_ros_stm32cubemx_utils/extra_sources/microros_transports/dma_transport.c **** 				if (rcv == 0)
 356              		.loc 1 150 5 is_stmt 1 view .LVU82
 357              		.loc 1 150 8 is_stmt 0 view .LVU83
 358 0018 ECB9     		cbnz	r4, .L29
 151:micro_ros_stm32cubemx_utils/extra_sources/microros_transports/dma_transport.c **** 				{
 152:micro_ros_stm32cubemx_utils/extra_sources/microros_transports/dma_transport.c **** 					ms_used++;
 359              		.loc 1 152 6 is_stmt 1 view .LVU84
 360              		.loc 1 152 13 is_stmt 0 view .LVU85
 361 001a 0137     		adds	r7, r7, #1
 362              	.LVL20:
 153:micro_ros_stm32cubemx_utils/extra_sources/microros_transports/dma_transport.c **** 					vTaskDelay(1);
 363              		.loc 1 153 6 is_stmt 1 view .LVU86
 364 001c 0120     		movs	r0, #1
 365 001e FFF7FEFF 		bl	vTaskDelay
 366              	.LVL21:
 367              	.L26:
 142:micro_ros_stm32cubemx_utils/extra_sources/microros_transports/dma_transport.c **** 		{
 368              		.loc 1 142 19 view .LVU87
 369 0022 4745     		cmp	r7, r8
 370 0024 1EDA     		bge	.L33
 371              	.L31:
 144:micro_ros_stm32cubemx_utils/extra_sources/microros_transports/dma_transport.c **** 					{
 372              		.loc 1 144 35 view .LVU88
 144:micro_ros_stm32cubemx_utils/extra_sources/microros_transports/dma_transport.c **** 					{
 373              		.loc 1 144 22 is_stmt 0 view .LVU89
 374 0026 164B     		ldr	r3, .L34+4
 375 0028 1968     		ldr	r1, [r3]
 376 002a 164B     		ldr	r3, .L34+8
 377 002c 1A68     		ldr	r2, [r3]
 378 002e 5B68     		ldr	r3, [r3, #4]
 144:micro_ros_stm32cubemx_utils/extra_sources/microros_transports/dma_transport.c **** 					{
 379              		.loc 1 144 35 view .LVU90
 380 0030 002B     		cmp	r3, #0
 381 0032 08BF     		it	eq
 382 0034 9142     		cmpeq	r1, r2
 383 0036 EFD0     		beq	.L27
 144:micro_ros_stm32cubemx_utils/extra_sources/microros_transports/dma_transport.c **** 					{
 384              		.loc 1 144 35 discriminator 1 view .LVU91
 385 0038 AC42     		cmp	r4, r5
 386 003a EDD2     		bcs	.L27
 146:micro_ros_stm32cubemx_utils/extra_sources/microros_transports/dma_transport.c **** 						can_head = (can_head + 1) % CAN_IT_BUFFER_SIZE;
 387              		.loc 1 146 7 is_stmt 1 view .LVU92
ARM GAS  C:\Users\VR\AppData\Local\Temp\ccdprvHr.s 			page 11


 146:micro_ros_stm32cubemx_utils/extra_sources/microros_transports/dma_transport.c **** 						can_head = (can_head + 1) % CAN_IT_BUFFER_SIZE;
 388              		.loc 1 146 28 is_stmt 0 view .LVU93
 389 003c 124B     		ldr	r3, .L34+12
 390 003e 9B5C     		ldrb	r3, [r3, r2]	@ zero_extendqisi2
 146:micro_ros_stm32cubemx_utils/extra_sources/microros_transports/dma_transport.c **** 						can_head = (can_head + 1) % CAN_IT_BUFFER_SIZE;
 391              		.loc 1 146 16 view .LVU94
 392 0040 3355     		strb	r3, [r6, r4]
 147:micro_ros_stm32cubemx_utils/extra_sources/microros_transports/dma_transport.c **** 						rcv++;
 393              		.loc 1 147 7 is_stmt 1 view .LVU95
 147:micro_ros_stm32cubemx_utils/extra_sources/microros_transports/dma_transport.c **** 						rcv++;
 394              		.loc 1 147 28 is_stmt 0 view .LVU96
 395 0042 104B     		ldr	r3, .L34+8
 396 0044 1868     		ldr	r0, [r3]
 397 0046 0130     		adds	r0, r0, #1
 147:micro_ros_stm32cubemx_utils/extra_sources/microros_transports/dma_transport.c **** 						rcv++;
 398              		.loc 1 147 33 view .LVU97
 399 0048 C0F30A00 		ubfx	r0, r0, #0, #11
 147:micro_ros_stm32cubemx_utils/extra_sources/microros_transports/dma_transport.c **** 						rcv++;
 400              		.loc 1 147 16 view .LVU98
 401 004c 1860     		str	r0, [r3]
 402 004e 0022     		movs	r2, #0
 403 0050 5A60     		str	r2, [r3, #4]
 148:micro_ros_stm32cubemx_utils/extra_sources/microros_transports/dma_transport.c **** 					}
 404              		.loc 1 148 7 is_stmt 1 view .LVU99
 148:micro_ros_stm32cubemx_utils/extra_sources/microros_transports/dma_transport.c **** 					}
 405              		.loc 1 148 10 is_stmt 0 view .LVU100
 406 0052 0134     		adds	r4, r4, #1
 407              	.LVL22:
 148:micro_ros_stm32cubemx_utils/extra_sources/microros_transports/dma_transport.c **** 					}
 408              		.loc 1 148 10 view .LVU101
 409 0054 E7E7     		b	.L31
 410              	.L29:
 154:micro_ros_stm32cubemx_utils/extra_sources/microros_transports/dma_transport.c **** 				}
 155:micro_ros_stm32cubemx_utils/extra_sources/microros_transports/dma_transport.c **** 				else
 156:micro_ros_stm32cubemx_utils/extra_sources/microros_transports/dma_transport.c **** 				{
 157:micro_ros_stm32cubemx_utils/extra_sources/microros_transports/dma_transport.c **** 					read_fault = 0;
 411              		.loc 1 157 6 is_stmt 1 view .LVU102
 412              		.loc 1 157 17 is_stmt 0 view .LVU103
 413 0056 0D4B     		ldr	r3, .L34+16
 414 0058 0022     		movs	r2, #0
 415 005a 1A60     		str	r2, [r3]
 158:micro_ros_stm32cubemx_utils/extra_sources/microros_transports/dma_transport.c **** 					HAL_IWDG_Refresh(&hiwdg); //hard WD reset
 416              		.loc 1 158 6 is_stmt 1 view .LVU104
 417 005c 0C48     		ldr	r0, .L34+20
 418 005e FFF7FEFF 		bl	HAL_IWDG_Refresh
 419              	.LVL23:
 159:micro_ros_stm32cubemx_utils/extra_sources/microros_transports/dma_transport.c **** 					return rcv;
 420              		.loc 1 159 6 view .LVU105
 421              		.loc 1 159 13 is_stmt 0 view .LVU106
 422 0062 08E0     		b	.L25
 423              	.L33:
 160:micro_ros_stm32cubemx_utils/extra_sources/microros_transports/dma_transport.c **** 				}
 161:micro_ros_stm32cubemx_utils/extra_sources/microros_transports/dma_transport.c **** 		}
 162:micro_ros_stm32cubemx_utils/extra_sources/microros_transports/dma_transport.c ****     *err = 1;
 424              		.loc 1 162 5 is_stmt 1 view .LVU107
 425              		.loc 1 162 10 is_stmt 0 view .LVU108
 426 0064 069B     		ldr	r3, [sp, #24]
ARM GAS  C:\Users\VR\AppData\Local\Temp\ccdprvHr.s 			page 12


 427 0066 0122     		movs	r2, #1
 428 0068 1A70     		strb	r2, [r3]
 163:micro_ros_stm32cubemx_utils/extra_sources/microros_transports/dma_transport.c ****     read_fault++; //soft WD reset
 429              		.loc 1 163 5 is_stmt 1 view .LVU109
 430              		.loc 1 163 15 is_stmt 0 view .LVU110
 431 006a 084A     		ldr	r2, .L34+16
 432 006c 1368     		ldr	r3, [r2]
 433 006e 0133     		adds	r3, r3, #1
 434 0070 1360     		str	r3, [r2]
 164:micro_ros_stm32cubemx_utils/extra_sources/microros_transports/dma_transport.c ****     //HAL_IWDG_Refresh(&hiwdg); //hard WD reset
 165:micro_ros_stm32cubemx_utils/extra_sources/microros_transports/dma_transport.c ****     return -1;
 435              		.loc 1 165 5 is_stmt 1 view .LVU111
 436              		.loc 1 165 12 is_stmt 0 view .LVU112
 437 0072 4FF0FF34 		mov	r4, #-1
 438              	.LVL24:
 439              	.L25:
 166:micro_ros_stm32cubemx_utils/extra_sources/microros_transports/dma_transport.c **** }
 440              		.loc 1 166 1 view .LVU113
 441 0076 2046     		mov	r0, r4
 442 0078 BDE8F081 		pop	{r4, r5, r6, r7, r8, pc}
 443              	.LVL25:
 444              	.L35:
 445              		.loc 1 166 1 view .LVU114
 446              		.align	2
 447              	.L34:
 448 007c 000C0048 		.word	1207962624
 449 0080 00000000 		.word	.LANCHOR7
 450 0084 00000000 		.word	.LANCHOR6
 451 0088 00000000 		.word	.LANCHOR5
 452 008c 00000000 		.word	.LANCHOR8
 453 0090 00000000 		.word	hiwdg
 454              		.cfi_endproc
 455              	.LFE143:
 457              		.section	.text.HAL_FDCAN_RxFifo0Callback,"ax",%progbits
 458              		.align	1
 459              		.global	HAL_FDCAN_RxFifo0Callback
 460              		.syntax unified
 461              		.thumb
 462              		.thumb_func
 464              	HAL_FDCAN_RxFifo0Callback:
 465              	.LVL26:
 466              	.LFB144:
 167:micro_ros_stm32cubemx_utils/extra_sources/microros_transports/dma_transport.c **** 
 168:micro_ros_stm32cubemx_utils/extra_sources/microros_transports/dma_transport.c **** void HAL_FDCAN_RxFifo0Callback(FDCAN_HandleTypeDef *hfdcan, uint32_t RxFifo0ITs)
 169:micro_ros_stm32cubemx_utils/extra_sources/microros_transports/dma_transport.c **** {
 467              		.loc 1 169 1 is_stmt 1 view -0
 468              		.cfi_startproc
 469              		@ args = 0, pretend = 0, frame = 64
 470              		@ frame_needed = 0, uses_anonymous_args = 0
 471              		.loc 1 169 1 is_stmt 0 view .LVU116
 472 0000 10B5     		push	{r4, lr}
 473              	.LCFI5:
 474              		.cfi_def_cfa_offset 8
 475              		.cfi_offset 4, -8
 476              		.cfi_offset 14, -4
 477 0002 90B0     		sub	sp, sp, #64
 478              	.LCFI6:
ARM GAS  C:\Users\VR\AppData\Local\Temp\ccdprvHr.s 			page 13


 479              		.cfi_def_cfa_offset 72
 480 0004 0446     		mov	r4, r0
 170:micro_ros_stm32cubemx_utils/extra_sources/microros_transports/dma_transport.c **** 	uint8_t data[64];
 481              		.loc 1 170 2 is_stmt 1 view .LVU117
 171:micro_ros_stm32cubemx_utils/extra_sources/microros_transports/dma_transport.c **** 	//HAL_GPIO_TogglePin(GPIOD, GPIO_PIN_2);
 172:micro_ros_stm32cubemx_utils/extra_sources/microros_transports/dma_transport.c **** 
 173:micro_ros_stm32cubemx_utils/extra_sources/microros_transports/dma_transport.c **** 	if (HAL_FDCAN_GetRxMessage(hfdcan, FDCAN_RX_FIFO0, &RxHeader, data) != HAL_OK)
 482              		.loc 1 173 2 view .LVU118
 483              		.loc 1 173 6 is_stmt 0 view .LVU119
 484 0006 6B46     		mov	r3, sp
 485 0008 184A     		ldr	r2, .L46
 486 000a 4021     		movs	r1, #64
 487              	.LVL27:
 488              		.loc 1 173 6 view .LVU120
 489 000c FFF7FEFF 		bl	HAL_FDCAN_GetRxMessage
 490              	.LVL28:
 491              		.loc 1 173 5 view .LVU121
 492 0010 08B9     		cbnz	r0, .L43
 493              	.L37:
 169:micro_ros_stm32cubemx_utils/extra_sources/microros_transports/dma_transport.c **** 	uint8_t data[64];
 494              		.loc 1 169 1 discriminator 1 view .LVU122
 495 0012 0023     		movs	r3, #0
 496 0014 10E0     		b	.L38
 497              	.L43:
 174:micro_ros_stm32cubemx_utils/extra_sources/microros_transports/dma_transport.c **** 		{
 175:micro_ros_stm32cubemx_utils/extra_sources/microros_transports/dma_transport.c **** 		Error_Handler();
 498              		.loc 1 175 3 is_stmt 1 view .LVU123
 499 0016 FFF7FEFF 		bl	Error_Handler
 500              	.LVL29:
 501 001a FAE7     		b	.L37
 502              	.LVL30:
 503              	.L39:
 504              	.LBB2:
 176:micro_ros_stm32cubemx_utils/extra_sources/microros_transports/dma_transport.c **** 		}
 177:micro_ros_stm32cubemx_utils/extra_sources/microros_transports/dma_transport.c **** 
 178:micro_ros_stm32cubemx_utils/extra_sources/microros_transports/dma_transport.c **** 	for(uint16_t i=0; i<dlc2len[RxHeader.DataLength >> 16]; i++)
 179:micro_ros_stm32cubemx_utils/extra_sources/microros_transports/dma_transport.c **** 		{
 180:micro_ros_stm32cubemx_utils/extra_sources/microros_transports/dma_transport.c **** 		if(can_tail == CAN_IT_BUFFER_SIZE)
 181:micro_ros_stm32cubemx_utils/extra_sources/microros_transports/dma_transport.c **** 		{
 182:micro_ros_stm32cubemx_utils/extra_sources/microros_transports/dma_transport.c **** 			can_tail = 0;
 183:micro_ros_stm32cubemx_utils/extra_sources/microros_transports/dma_transport.c **** 		}
 184:micro_ros_stm32cubemx_utils/extra_sources/microros_transports/dma_transport.c **** 		can_buffer[can_tail] = data[i]; //TODO replace with memcpy
 505              		.loc 1 184 3 discriminator 2 view .LVU124
 506              		.loc 1 184 13 is_stmt 0 discriminator 2 view .LVU125
 507 001c 1449     		ldr	r1, .L46+4
 508 001e 0A68     		ldr	r2, [r1]
 509              		.loc 1 184 30 discriminator 2 view .LVU126
 510 0020 03F14000 		add	r0, r3, #64
 511 0024 6844     		add	r0, sp, r0
 512 0026 10F840CC 		ldrb	ip, [r0, #-64]	@ zero_extendqisi2
 513              		.loc 1 184 24 discriminator 2 view .LVU127
 514 002a 1248     		ldr	r0, .L46+8
 515 002c 00F802C0 		strb	ip, [r0, r2]
 185:micro_ros_stm32cubemx_utils/extra_sources/microros_transports/dma_transport.c **** 		can_tail++;
 516              		.loc 1 185 3 is_stmt 1 discriminator 2 view .LVU128
 517              		.loc 1 185 11 is_stmt 0 discriminator 2 view .LVU129
 518 0030 0132     		adds	r2, r2, #1
ARM GAS  C:\Users\VR\AppData\Local\Temp\ccdprvHr.s 			page 14


 519 0032 0A60     		str	r2, [r1]
 178:micro_ros_stm32cubemx_utils/extra_sources/microros_transports/dma_transport.c **** 		{
 520              		.loc 1 178 59 is_stmt 1 discriminator 2 view .LVU130
 521 0034 0133     		adds	r3, r3, #1
 522              	.LVL31:
 178:micro_ros_stm32cubemx_utils/extra_sources/microros_transports/dma_transport.c **** 		{
 523              		.loc 1 178 59 is_stmt 0 discriminator 2 view .LVU131
 524 0036 9BB2     		uxth	r3, r3
 525              	.LVL32:
 526              	.L38:
 178:micro_ros_stm32cubemx_utils/extra_sources/microros_transports/dma_transport.c **** 		{
 527              		.loc 1 178 21 is_stmt 1 discriminator 1 view .LVU132
 178:micro_ros_stm32cubemx_utils/extra_sources/microros_transports/dma_transport.c **** 		{
 528              		.loc 1 178 50 is_stmt 0 discriminator 1 view .LVU133
 529 0038 0C4A     		ldr	r2, .L46
 530 003a D289     		ldrh	r2, [r2, #14]
 178:micro_ros_stm32cubemx_utils/extra_sources/microros_transports/dma_transport.c **** 		{
 531              		.loc 1 178 29 discriminator 1 view .LVU134
 532 003c 0E49     		ldr	r1, .L46+12
 533 003e 8A5C     		ldrb	r2, [r1, r2]	@ zero_extendqisi2
 178:micro_ros_stm32cubemx_utils/extra_sources/microros_transports/dma_transport.c **** 		{
 534              		.loc 1 178 21 discriminator 1 view .LVU135
 535 0040 9A42     		cmp	r2, r3
 536 0042 08D9     		bls	.L44
 180:micro_ros_stm32cubemx_utils/extra_sources/microros_transports/dma_transport.c **** 		{
 537              		.loc 1 180 3 is_stmt 1 view .LVU136
 180:micro_ros_stm32cubemx_utils/extra_sources/microros_transports/dma_transport.c **** 		{
 538              		.loc 1 180 15 is_stmt 0 view .LVU137
 539 0044 0A4A     		ldr	r2, .L46+4
 540 0046 1268     		ldr	r2, [r2]
 180:micro_ros_stm32cubemx_utils/extra_sources/microros_transports/dma_transport.c **** 		{
 541              		.loc 1 180 5 view .LVU138
 542 0048 B2F5006F 		cmp	r2, #2048
 543 004c E6D1     		bne	.L39
 182:micro_ros_stm32cubemx_utils/extra_sources/microros_transports/dma_transport.c **** 		}
 544              		.loc 1 182 4 is_stmt 1 view .LVU139
 182:micro_ros_stm32cubemx_utils/extra_sources/microros_transports/dma_transport.c **** 		}
 545              		.loc 1 182 13 is_stmt 0 view .LVU140
 546 004e 084A     		ldr	r2, .L46+4
 547 0050 0021     		movs	r1, #0
 548 0052 1160     		str	r1, [r2]
 549 0054 E2E7     		b	.L39
 550              	.L44:
 551              	.LBE2:
 186:micro_ros_stm32cubemx_utils/extra_sources/microros_transports/dma_transport.c **** 		}
 187:micro_ros_stm32cubemx_utils/extra_sources/microros_transports/dma_transport.c **** 
 188:micro_ros_stm32cubemx_utils/extra_sources/microros_transports/dma_transport.c ****     if (HAL_FDCAN_ActivateNotification(hfdcan, FDCAN_IT_RX_FIFO0_NEW_MESSAGE, 0) != HAL_OK)
 552              		.loc 1 188 5 is_stmt 1 view .LVU141
 553              		.loc 1 188 9 is_stmt 0 view .LVU142
 554 0056 0022     		movs	r2, #0
 555 0058 0121     		movs	r1, #1
 556 005a 2046     		mov	r0, r4
 557 005c FFF7FEFF 		bl	HAL_FDCAN_ActivateNotification
 558              	.LVL33:
 559              		.loc 1 188 8 view .LVU143
 560 0060 08B9     		cbnz	r0, .L45
 561              	.L36:
ARM GAS  C:\Users\VR\AppData\Local\Temp\ccdprvHr.s 			page 15


 189:micro_ros_stm32cubemx_utils/extra_sources/microros_transports/dma_transport.c ****     {
 190:micro_ros_stm32cubemx_utils/extra_sources/microros_transports/dma_transport.c ****       Error_Handler();
 191:micro_ros_stm32cubemx_utils/extra_sources/microros_transports/dma_transport.c ****     }
 192:micro_ros_stm32cubemx_utils/extra_sources/microros_transports/dma_transport.c **** 
 193:micro_ros_stm32cubemx_utils/extra_sources/microros_transports/dma_transport.c **** }
 562              		.loc 1 193 1 view .LVU144
 563 0062 10B0     		add	sp, sp, #64
 564              	.LCFI7:
 565              		.cfi_remember_state
 566              		.cfi_def_cfa_offset 8
 567              		@ sp needed
 568 0064 10BD     		pop	{r4, pc}
 569              	.LVL34:
 570              	.L45:
 571              	.LCFI8:
 572              		.cfi_restore_state
 190:micro_ros_stm32cubemx_utils/extra_sources/microros_transports/dma_transport.c ****     }
 573              		.loc 1 190 7 is_stmt 1 view .LVU145
 574 0066 FFF7FEFF 		bl	Error_Handler
 575              	.LVL35:
 576              		.loc 1 193 1 is_stmt 0 view .LVU146
 577 006a FAE7     		b	.L36
 578              	.L47:
 579              		.align	2
 580              	.L46:
 581 006c 00000000 		.word	RxHeader
 582 0070 00000000 		.word	.LANCHOR7
 583 0074 00000000 		.word	.LANCHOR5
 584 0078 00000000 		.word	.LANCHOR9
 585              		.cfi_endproc
 586              	.LFE144:
 588              		.global	rv
 589              		.global	headerLen
 590              		.global	dlc
 591              		.global	TxData
 592              		.global	read_fault
 593              		.global	ret
 594              		.global	fdcan
 595              		.global	can_buffer
 596              		.global	can_tail
 597              		.global	can_head
 598              		.global	FDCANLengthToDLC
 599              		.section	.bss.TxData,"aw",%nobits
 600              		.align	2
 603              	TxData:
 604 0000 00000000 		.space	8
 604      00000000 
 605              		.section	.bss.can_buffer,"aw",%nobits
 606              		.align	2
 607              		.set	.LANCHOR5,. + 0
 610              	can_buffer:
 611 0000 00000000 		.space	2048
 611      00000000 
 611      00000000 
 611      00000000 
 611      00000000 
 612              		.section	.bss.can_head,"aw",%nobits
ARM GAS  C:\Users\VR\AppData\Local\Temp\ccdprvHr.s 			page 16


 613              		.align	3
 614              		.set	.LANCHOR6,. + 0
 617              	can_head:
 618 0000 00000000 		.space	8
 618      00000000 
 619              		.section	.bss.can_tail,"aw",%nobits
 620              		.align	2
 621              		.set	.LANCHOR7,. + 0
 624              	can_tail:
 625 0000 00000000 		.space	4
 626              		.section	.bss.dlc,"aw",%nobits
 627              		.set	.LANCHOR0,. + 0
 630              	dlc:
 631 0000 00       		.space	1
 632              		.section	.bss.fdcan,"aw",%nobits
 633              		.align	2
 634              		.set	.LANCHOR1,. + 0
 637              	fdcan:
 638 0000 00000000 		.space	4
 639              		.section	.bss.headerLen,"aw",%nobits
 642              	headerLen:
 643 0000 00       		.space	1
 644              		.section	.bss.read_fault,"aw",%nobits
 645              		.align	2
 646              		.set	.LANCHOR8,. + 0
 649              	read_fault:
 650 0000 00000000 		.space	4
 651              		.section	.bss.rv,"aw",%nobits
 652              		.set	.LANCHOR2,. + 0
 655              	rv:
 656 0000 00       		.space	1
 657              		.section	.data.ret,"aw"
 658              		.set	.LANCHOR4,. + 0
 661              	ret:
 662 0000 01       		.byte	1
 663              		.section	.rodata.FDCANLengthToDLC,"a"
 664              		.align	2
 665              		.set	.LANCHOR3,. + 0
 668              	FDCANLengthToDLC:
 669 0000 00000000 		.word	0
 670 0004 00000100 		.word	65536
 671 0008 00000200 		.word	131072
 672 000c 00000300 		.word	196608
 673 0010 00000400 		.word	262144
 674 0014 00000500 		.word	327680
 675 0018 00000600 		.word	393216
 676 001c 00000700 		.word	458752
 677 0020 00000800 		.word	524288
 678 0024 00000900 		.word	589824
 679 0028 00000900 		.word	589824
 680 002c 00000900 		.word	589824
 681 0030 00000900 		.word	589824
 682 0034 00000A00 		.word	655360
 683 0038 00000A00 		.word	655360
 684 003c 00000A00 		.word	655360
 685 0040 00000A00 		.word	655360
 686 0044 00000B00 		.word	720896
ARM GAS  C:\Users\VR\AppData\Local\Temp\ccdprvHr.s 			page 17


 687 0048 00000B00 		.word	720896
 688 004c 00000B00 		.word	720896
 689 0050 00000B00 		.word	720896
 690 0054 00000C00 		.word	786432
 691 0058 00000C00 		.word	786432
 692 005c 00000C00 		.word	786432
 693 0060 00000C00 		.word	786432
 694 0064 00000D00 		.word	851968
 695 0068 00000D00 		.word	851968
 696 006c 00000D00 		.word	851968
 697 0070 00000D00 		.word	851968
 698 0074 00000D00 		.word	851968
 699 0078 00000D00 		.word	851968
 700 007c 00000D00 		.word	851968
 701 0080 00000D00 		.word	851968
 702 0084 00000E00 		.word	917504
 703 0088 00000E00 		.word	917504
 704 008c 00000E00 		.word	917504
 705 0090 00000E00 		.word	917504
 706 0094 00000E00 		.word	917504
 707 0098 00000E00 		.word	917504
 708 009c 00000E00 		.word	917504
 709 00a0 00000E00 		.word	917504
 710 00a4 00000E00 		.word	917504
 711 00a8 00000E00 		.word	917504
 712 00ac 00000E00 		.word	917504
 713 00b0 00000E00 		.word	917504
 714 00b4 00000E00 		.word	917504
 715 00b8 00000E00 		.word	917504
 716 00bc 00000E00 		.word	917504
 717 00c0 00000E00 		.word	917504
 718 00c4 00000F00 		.word	983040
 719 00c8 00000F00 		.word	983040
 720 00cc 00000F00 		.word	983040
 721 00d0 00000F00 		.word	983040
 722 00d4 00000F00 		.word	983040
 723 00d8 00000F00 		.word	983040
 724 00dc 00000F00 		.word	983040
 725 00e0 00000F00 		.word	983040
 726 00e4 00000F00 		.word	983040
 727 00e8 00000F00 		.word	983040
 728 00ec 00000F00 		.word	983040
 729 00f0 00000F00 		.word	983040
 730 00f4 00000F00 		.word	983040
 731 00f8 00000F00 		.word	983040
 732 00fc 00000F00 		.word	983040
 733 0100 00000F00 		.word	983040
 734              		.section	.rodata.dlc2len,"a"
 735              		.align	2
 736              		.set	.LANCHOR9,. + 0
 739              	dlc2len:
 740 0000 00010203 		.ascii	"\000\001\002\003\004\005\006\007\010\014\020\024\030"
 740      04050607 
 740      080C1014 
 740      18
 741 000d 203040   		.ascii	" 0@"
 742              		.text
ARM GAS  C:\Users\VR\AppData\Local\Temp\ccdprvHr.s 			page 18


 743              	.Letext0:
 744              		.file 2 "C:\\ST\\STM32CubeIDE_1.8.0\\STM32CubeIDE\\plugins\\com.st.stm32cube.ide.mcu.externaltools
 745              		.file 3 "C:\\ST\\STM32CubeIDE_1.8.0\\STM32CubeIDE\\plugins\\com.st.stm32cube.ide.mcu.externaltools
 746              		.file 4 "C:\\ST\\STM32CubeIDE_1.8.0\\STM32CubeIDE\\plugins\\com.st.stm32cube.ide.mcu.externaltools
 747              		.file 5 "Middlewares/Third_Party/FreeRTOS/Source/portable/GCC/ARM_CM4F/portmacro.h"
 748              		.file 6 "Middlewares/Third_Party/FreeRTOS/Source/include/FreeRTOS.h"
 749              		.file 7 "Middlewares/Third_Party/FreeRTOS/Source/include/queue.h"
 750              		.file 8 "Middlewares/Third_Party/FreeRTOS/Source/include/semphr.h"
 751              		.file 9 "micro_ros_stm32cubemx_utils/microros_static_library/libmicroros/microros_include/uxr/clie
 752              		.file 10 "micro_ros_stm32cubemx_utils/microros_static_library/libmicroros/microros_include/uxr/cli
 753              		.file 11 "micro_ros_stm32cubemx_utils/microros_static_library/libmicroros/microros_include/uxr/cli
 754              		.file 12 "micro_ros_stm32cubemx_utils/microros_static_library/libmicroros/microros_include/uxr/cli
 755              		.file 13 "Drivers/CMSIS/Device/ST/STM32G4xx/Include/stm32g474xx.h"
 756              		.file 14 "Drivers/CMSIS/Device/ST/STM32G4xx/Include/stm32g4xx.h"
 757              		.file 15 "Drivers/STM32G4xx_HAL_Driver/Inc/stm32g4xx_hal_def.h"
 758              		.file 16 "Drivers/STM32G4xx_HAL_Driver/Inc/stm32g4xx_hal_fdcan.h"
 759              		.file 17 "Drivers/STM32G4xx_HAL_Driver/Inc/stm32g4xx_hal_iwdg.h"
 760              		.file 18 "Middlewares/Third_Party/FreeRTOS/Source/include/task.h"
 761              		.file 19 "Drivers/STM32G4xx_HAL_Driver/Inc/stm32g4xx_hal_gpio.h"
 762              		.file 20 "Core/Inc/main.h"
ARM GAS  C:\Users\VR\AppData\Local\Temp\ccdprvHr.s 			page 19


DEFINED SYMBOLS
                            *ABS*:0000000000000000 dma_transport.c
C:\Users\VR\AppData\Local\Temp\ccdprvHr.s:20     .text.len_to_dlc:0000000000000000 $t
C:\Users\VR\AppData\Local\Temp\ccdprvHr.s:26     .text.len_to_dlc:0000000000000000 len_to_dlc
C:\Users\VR\AppData\Local\Temp\ccdprvHr.s:141    .text.len_to_dlc:000000000000006c $d
C:\Users\VR\AppData\Local\Temp\ccdprvHr.s:146    .text.cubemx_transport_open:0000000000000000 $t
C:\Users\VR\AppData\Local\Temp\ccdprvHr.s:152    .text.cubemx_transport_open:0000000000000000 cubemx_transport_open
C:\Users\VR\AppData\Local\Temp\ccdprvHr.s:175    .text.cubemx_transport_open:000000000000000c $d
C:\Users\VR\AppData\Local\Temp\ccdprvHr.s:180    .text.cubemx_transport_close:0000000000000000 $t
C:\Users\VR\AppData\Local\Temp\ccdprvHr.s:186    .text.cubemx_transport_close:0000000000000000 cubemx_transport_close
C:\Users\VR\AppData\Local\Temp\ccdprvHr.s:204    .text.cubemx_transport_write:0000000000000000 $t
C:\Users\VR\AppData\Local\Temp\ccdprvHr.s:210    .text.cubemx_transport_write:0000000000000000 cubemx_transport_write
C:\Users\VR\AppData\Local\Temp\ccdprvHr.s:300    .text.cubemx_transport_write:0000000000000058 $d
C:\Users\VR\AppData\Local\Temp\ccdprvHr.s:309    .text.cubemx_transport_read:0000000000000000 $t
C:\Users\VR\AppData\Local\Temp\ccdprvHr.s:315    .text.cubemx_transport_read:0000000000000000 cubemx_transport_read
C:\Users\VR\AppData\Local\Temp\ccdprvHr.s:448    .text.cubemx_transport_read:000000000000007c $d
C:\Users\VR\AppData\Local\Temp\ccdprvHr.s:458    .text.HAL_FDCAN_RxFifo0Callback:0000000000000000 $t
C:\Users\VR\AppData\Local\Temp\ccdprvHr.s:464    .text.HAL_FDCAN_RxFifo0Callback:0000000000000000 HAL_FDCAN_RxFifo0Callback
C:\Users\VR\AppData\Local\Temp\ccdprvHr.s:581    .text.HAL_FDCAN_RxFifo0Callback:000000000000006c $d
C:\Users\VR\AppData\Local\Temp\ccdprvHr.s:655    .bss.rv:0000000000000000 rv
C:\Users\VR\AppData\Local\Temp\ccdprvHr.s:642    .bss.headerLen:0000000000000000 headerLen
C:\Users\VR\AppData\Local\Temp\ccdprvHr.s:630    .bss.dlc:0000000000000000 dlc
C:\Users\VR\AppData\Local\Temp\ccdprvHr.s:603    .bss.TxData:0000000000000000 TxData
C:\Users\VR\AppData\Local\Temp\ccdprvHr.s:649    .bss.read_fault:0000000000000000 read_fault
C:\Users\VR\AppData\Local\Temp\ccdprvHr.s:661    .data.ret:0000000000000000 ret
C:\Users\VR\AppData\Local\Temp\ccdprvHr.s:637    .bss.fdcan:0000000000000000 fdcan
C:\Users\VR\AppData\Local\Temp\ccdprvHr.s:610    .bss.can_buffer:0000000000000000 can_buffer
C:\Users\VR\AppData\Local\Temp\ccdprvHr.s:624    .bss.can_tail:0000000000000000 can_tail
C:\Users\VR\AppData\Local\Temp\ccdprvHr.s:617    .bss.can_head:0000000000000000 can_head
C:\Users\VR\AppData\Local\Temp\ccdprvHr.s:668    .rodata.FDCANLengthToDLC:0000000000000000 FDCANLengthToDLC
C:\Users\VR\AppData\Local\Temp\ccdprvHr.s:600    .bss.TxData:0000000000000000 $d
C:\Users\VR\AppData\Local\Temp\ccdprvHr.s:606    .bss.can_buffer:0000000000000000 $d
C:\Users\VR\AppData\Local\Temp\ccdprvHr.s:613    .bss.can_head:0000000000000000 $d
C:\Users\VR\AppData\Local\Temp\ccdprvHr.s:620    .bss.can_tail:0000000000000000 $d
C:\Users\VR\AppData\Local\Temp\ccdprvHr.s:631    .bss.dlc:0000000000000000 $d
C:\Users\VR\AppData\Local\Temp\ccdprvHr.s:633    .bss.fdcan:0000000000000000 $d
C:\Users\VR\AppData\Local\Temp\ccdprvHr.s:643    .bss.headerLen:0000000000000000 $d
C:\Users\VR\AppData\Local\Temp\ccdprvHr.s:645    .bss.read_fault:0000000000000000 $d
C:\Users\VR\AppData\Local\Temp\ccdprvHr.s:656    .bss.rv:0000000000000000 $d
C:\Users\VR\AppData\Local\Temp\ccdprvHr.s:664    .rodata.FDCANLengthToDLC:0000000000000000 $d
C:\Users\VR\AppData\Local\Temp\ccdprvHr.s:735    .rodata.dlc2len:0000000000000000 $d
C:\Users\VR\AppData\Local\Temp\ccdprvHr.s:739    .rodata.dlc2len:0000000000000000 dlc2len

UNDEFINED SYMBOLS
HAL_FDCAN_AddMessageToTxFifoQ
HAL_FDCAN_IsTxBufferMessagePending
Error_Handler
TxHeader
HAL_GPIO_TogglePin
vTaskDelay
HAL_IWDG_Refresh
hiwdg
HAL_FDCAN_GetRxMessage
HAL_FDCAN_ActivateNotification
RxHeader
