ARM GAS  C:\Users\SOROKO~1\AppData\Local\Temp\ccRfXrfq.s 			page 1


   1              		.cpu cortex-m4
   2              		.arch armv7e-m
   3              		.fpu fpv4-sp-d16
   4              		.eabi_attribute 27, 1
   5              		.eabi_attribute 28, 1
   6              		.eabi_attribute 20, 1
   7              		.eabi_attribute 21, 1
   8              		.eabi_attribute 23, 3
   9              		.eabi_attribute 24, 1
  10              		.eabi_attribute 25, 1
  11              		.eabi_attribute 26, 1
  12              		.eabi_attribute 30, 1
  13              		.eabi_attribute 34, 1
  14              		.eabi_attribute 18, 4
  15              		.file	"fdcan.c"
  16              		.text
  17              	.Ltext0:
  18              		.cfi_sections	.debug_frame
  19              		.section	.text.MX_FDCAN1_Init,"ax",%progbits
  20              		.align	1
  21              		.global	MX_FDCAN1_Init
  22              		.syntax unified
  23              		.thumb
  24              		.thumb_func
  26              	MX_FDCAN1_Init:
  27              	.LFB132:
  28              		.file 1 "Core/Src/fdcan.c"
   1:Core/Src/fdcan.c **** /* USER CODE BEGIN Header */
   2:Core/Src/fdcan.c **** /**
   3:Core/Src/fdcan.c ****   ******************************************************************************
   4:Core/Src/fdcan.c ****   * @file    fdcan.c
   5:Core/Src/fdcan.c ****   * @brief   This file provides code for the configuration
   6:Core/Src/fdcan.c ****   *          of the FDCAN instances.
   7:Core/Src/fdcan.c ****   ******************************************************************************
   8:Core/Src/fdcan.c ****   * @attention
   9:Core/Src/fdcan.c ****   *
  10:Core/Src/fdcan.c ****   * Copyright (c) 2023 STMicroelectronics.
  11:Core/Src/fdcan.c ****   * All rights reserved.
  12:Core/Src/fdcan.c ****   *
  13:Core/Src/fdcan.c ****   * This software is licensed under terms that can be found in the LICENSE file
  14:Core/Src/fdcan.c ****   * in the root directory of this software component.
  15:Core/Src/fdcan.c ****   * If no LICENSE file comes with this software, it is provided AS-IS.
  16:Core/Src/fdcan.c ****   *
  17:Core/Src/fdcan.c ****   ******************************************************************************
  18:Core/Src/fdcan.c ****   */
  19:Core/Src/fdcan.c **** /* USER CODE END Header */
  20:Core/Src/fdcan.c **** /* Includes ------------------------------------------------------------------*/
  21:Core/Src/fdcan.c **** #include "fdcan.h"
  22:Core/Src/fdcan.c **** 
  23:Core/Src/fdcan.c **** /* USER CODE BEGIN 0 */
  24:Core/Src/fdcan.c **** 
  25:Core/Src/fdcan.c **** /* USER CODE END 0 */
  26:Core/Src/fdcan.c **** 
  27:Core/Src/fdcan.c **** FDCAN_HandleTypeDef hfdcan1;
  28:Core/Src/fdcan.c **** 
  29:Core/Src/fdcan.c **** /* FDCAN1 init function */
  30:Core/Src/fdcan.c **** void MX_FDCAN1_Init(void)
ARM GAS  C:\Users\SOROKO~1\AppData\Local\Temp\ccRfXrfq.s 			page 2


  31:Core/Src/fdcan.c **** {
  29              		.loc 1 31 1 view -0
  30              		.cfi_startproc
  31              		@ args = 0, pretend = 0, frame = 0
  32              		@ frame_needed = 0, uses_anonymous_args = 0
  33 0000 10B5     		push	{r4, lr}
  34              	.LCFI0:
  35              		.cfi_def_cfa_offset 8
  36              		.cfi_offset 4, -8
  37              		.cfi_offset 14, -4
  32:Core/Src/fdcan.c **** 
  33:Core/Src/fdcan.c ****   /* USER CODE BEGIN FDCAN1_Init 0 */
  34:Core/Src/fdcan.c **** 
  35:Core/Src/fdcan.c ****   /* USER CODE END FDCAN1_Init 0 */
  36:Core/Src/fdcan.c **** 
  37:Core/Src/fdcan.c ****   /* USER CODE BEGIN FDCAN1_Init 1 */
  38:Core/Src/fdcan.c **** 
  39:Core/Src/fdcan.c ****   /* USER CODE END FDCAN1_Init 1 */
  40:Core/Src/fdcan.c ****   hfdcan1.Instance = FDCAN1;
  38              		.loc 1 40 3 view .LVU1
  39              		.loc 1 40 20 is_stmt 0 view .LVU2
  40 0002 1148     		ldr	r0, .L5
  41 0004 114B     		ldr	r3, .L5+4
  42 0006 0360     		str	r3, [r0]
  41:Core/Src/fdcan.c ****   hfdcan1.Init.ClockDivider = FDCAN_CLOCK_DIV2;
  43              		.loc 1 41 3 is_stmt 1 view .LVU3
  44              		.loc 1 41 29 is_stmt 0 view .LVU4
  45 0008 0122     		movs	r2, #1
  46 000a 4260     		str	r2, [r0, #4]
  42:Core/Src/fdcan.c ****   hfdcan1.Init.FrameFormat = FDCAN_FRAME_FD_BRS;
  47              		.loc 1 42 3 is_stmt 1 view .LVU5
  48              		.loc 1 42 28 is_stmt 0 view .LVU6
  49 000c 4FF44073 		mov	r3, #768
  50 0010 8360     		str	r3, [r0, #8]
  43:Core/Src/fdcan.c ****   hfdcan1.Init.Mode = FDCAN_MODE_NORMAL;
  51              		.loc 1 43 3 is_stmt 1 view .LVU7
  52              		.loc 1 43 21 is_stmt 0 view .LVU8
  53 0012 0023     		movs	r3, #0
  54 0014 C360     		str	r3, [r0, #12]
  44:Core/Src/fdcan.c ****   hfdcan1.Init.AutoRetransmission = DISABLE;
  55              		.loc 1 44 3 is_stmt 1 view .LVU9
  56              		.loc 1 44 35 is_stmt 0 view .LVU10
  57 0016 0374     		strb	r3, [r0, #16]
  45:Core/Src/fdcan.c ****   hfdcan1.Init.TransmitPause = ENABLE;
  58              		.loc 1 45 3 is_stmt 1 view .LVU11
  59              		.loc 1 45 30 is_stmt 0 view .LVU12
  60 0018 4274     		strb	r2, [r0, #17]
  46:Core/Src/fdcan.c ****   hfdcan1.Init.ProtocolException = DISABLE;
  61              		.loc 1 46 3 is_stmt 1 view .LVU13
  62              		.loc 1 46 34 is_stmt 0 view .LVU14
  63 001a 8374     		strb	r3, [r0, #18]
  47:Core/Src/fdcan.c ****   hfdcan1.Init.NominalPrescaler = 1;
  64              		.loc 1 47 3 is_stmt 1 view .LVU15
  65              		.loc 1 47 33 is_stmt 0 view .LVU16
  66 001c 4261     		str	r2, [r0, #20]
  48:Core/Src/fdcan.c ****   hfdcan1.Init.NominalSyncJumpWidth = 24;
  67              		.loc 1 48 3 is_stmt 1 view .LVU17
ARM GAS  C:\Users\SOROKO~1\AppData\Local\Temp\ccRfXrfq.s 			page 3


  68              		.loc 1 48 37 is_stmt 0 view .LVU18
  69 001e 1821     		movs	r1, #24
  70 0020 8161     		str	r1, [r0, #24]
  49:Core/Src/fdcan.c ****   hfdcan1.Init.NominalTimeSeg1 = 55;
  71              		.loc 1 49 3 is_stmt 1 view .LVU19
  72              		.loc 1 49 32 is_stmt 0 view .LVU20
  73 0022 3724     		movs	r4, #55
  74 0024 C461     		str	r4, [r0, #28]
  50:Core/Src/fdcan.c ****   hfdcan1.Init.NominalTimeSeg2 = 24;
  75              		.loc 1 50 3 is_stmt 1 view .LVU21
  76              		.loc 1 50 32 is_stmt 0 view .LVU22
  77 0026 0162     		str	r1, [r0, #32]
  51:Core/Src/fdcan.c ****   hfdcan1.Init.DataPrescaler = 1;
  78              		.loc 1 51 3 is_stmt 1 view .LVU23
  79              		.loc 1 51 30 is_stmt 0 view .LVU24
  80 0028 4262     		str	r2, [r0, #36]
  52:Core/Src/fdcan.c ****   hfdcan1.Init.DataSyncJumpWidth = 4;
  81              		.loc 1 52 3 is_stmt 1 view .LVU25
  82              		.loc 1 52 34 is_stmt 0 view .LVU26
  83 002a 0421     		movs	r1, #4
  84 002c 8162     		str	r1, [r0, #40]
  53:Core/Src/fdcan.c ****   hfdcan1.Init.DataTimeSeg1 = 5;
  85              		.loc 1 53 3 is_stmt 1 view .LVU27
  86              		.loc 1 53 29 is_stmt 0 view .LVU28
  87 002e 0524     		movs	r4, #5
  88 0030 C462     		str	r4, [r0, #44]
  54:Core/Src/fdcan.c ****   hfdcan1.Init.DataTimeSeg2 = 4;
  89              		.loc 1 54 3 is_stmt 1 view .LVU29
  90              		.loc 1 54 29 is_stmt 0 view .LVU30
  91 0032 0163     		str	r1, [r0, #48]
  55:Core/Src/fdcan.c ****   hfdcan1.Init.StdFiltersNbr = 1;
  92              		.loc 1 55 3 is_stmt 1 view .LVU31
  93              		.loc 1 55 30 is_stmt 0 view .LVU32
  94 0034 4263     		str	r2, [r0, #52]
  56:Core/Src/fdcan.c ****   hfdcan1.Init.ExtFiltersNbr = 0;
  95              		.loc 1 56 3 is_stmt 1 view .LVU33
  96              		.loc 1 56 30 is_stmt 0 view .LVU34
  97 0036 8363     		str	r3, [r0, #56]
  57:Core/Src/fdcan.c ****   hfdcan1.Init.TxFifoQueueMode = FDCAN_TX_FIFO_OPERATION;
  98              		.loc 1 57 3 is_stmt 1 view .LVU35
  99              		.loc 1 57 32 is_stmt 0 view .LVU36
 100 0038 C363     		str	r3, [r0, #60]
  58:Core/Src/fdcan.c ****   if (HAL_FDCAN_Init(&hfdcan1) != HAL_OK)
 101              		.loc 1 58 3 is_stmt 1 view .LVU37
 102              		.loc 1 58 7 is_stmt 0 view .LVU38
 103 003a FFF7FEFF 		bl	HAL_FDCAN_Init
 104              	.LVL0:
 105              		.loc 1 58 6 view .LVU39
 106 003e 00B9     		cbnz	r0, .L4
 107              	.L1:
  59:Core/Src/fdcan.c ****   {
  60:Core/Src/fdcan.c ****     Error_Handler();
  61:Core/Src/fdcan.c ****   }
  62:Core/Src/fdcan.c ****   /* USER CODE BEGIN FDCAN1_Init 2 */
  63:Core/Src/fdcan.c **** 
  64:Core/Src/fdcan.c ****   /* USER CODE END FDCAN1_Init 2 */
  65:Core/Src/fdcan.c **** 
ARM GAS  C:\Users\SOROKO~1\AppData\Local\Temp\ccRfXrfq.s 			page 4


  66:Core/Src/fdcan.c **** }
 108              		.loc 1 66 1 view .LVU40
 109 0040 10BD     		pop	{r4, pc}
 110              	.L4:
  60:Core/Src/fdcan.c ****   }
 111              		.loc 1 60 5 is_stmt 1 view .LVU41
 112 0042 FFF7FEFF 		bl	Error_Handler
 113              	.LVL1:
 114              		.loc 1 66 1 is_stmt 0 view .LVU42
 115 0046 FBE7     		b	.L1
 116              	.L6:
 117              		.align	2
 118              	.L5:
 119 0048 00000000 		.word	.LANCHOR0
 120 004c 00640040 		.word	1073767424
 121              		.cfi_endproc
 122              	.LFE132:
 124              		.section	.text.HAL_FDCAN_MspInit,"ax",%progbits
 125              		.align	1
 126              		.global	HAL_FDCAN_MspInit
 127              		.syntax unified
 128              		.thumb
 129              		.thumb_func
 131              	HAL_FDCAN_MspInit:
 132              	.LVL2:
 133              	.LFB133:
  67:Core/Src/fdcan.c **** 
  68:Core/Src/fdcan.c **** void HAL_FDCAN_MspInit(FDCAN_HandleTypeDef* fdcanHandle)
  69:Core/Src/fdcan.c **** {
 134              		.loc 1 69 1 is_stmt 1 view -0
 135              		.cfi_startproc
 136              		@ args = 0, pretend = 0, frame = 112
 137              		@ frame_needed = 0, uses_anonymous_args = 0
 138              		.loc 1 69 1 is_stmt 0 view .LVU44
 139 0000 10B5     		push	{r4, lr}
 140              	.LCFI1:
 141              		.cfi_def_cfa_offset 8
 142              		.cfi_offset 4, -8
 143              		.cfi_offset 14, -4
 144 0002 9CB0     		sub	sp, sp, #112
 145              	.LCFI2:
 146              		.cfi_def_cfa_offset 120
 147 0004 0446     		mov	r4, r0
  70:Core/Src/fdcan.c **** 
  71:Core/Src/fdcan.c ****   GPIO_InitTypeDef GPIO_InitStruct = {0};
 148              		.loc 1 71 3 is_stmt 1 view .LVU45
 149              		.loc 1 71 20 is_stmt 0 view .LVU46
 150 0006 0021     		movs	r1, #0
 151 0008 1791     		str	r1, [sp, #92]
 152 000a 1891     		str	r1, [sp, #96]
 153 000c 1991     		str	r1, [sp, #100]
 154 000e 1A91     		str	r1, [sp, #104]
 155 0010 1B91     		str	r1, [sp, #108]
  72:Core/Src/fdcan.c ****   RCC_PeriphCLKInitTypeDef PeriphClkInit = {0};
 156              		.loc 1 72 3 is_stmt 1 view .LVU47
 157              		.loc 1 72 28 is_stmt 0 view .LVU48
 158 0012 5422     		movs	r2, #84
ARM GAS  C:\Users\SOROKO~1\AppData\Local\Temp\ccRfXrfq.s 			page 5


 159 0014 02A8     		add	r0, sp, #8
 160              	.LVL3:
 161              		.loc 1 72 28 view .LVU49
 162 0016 FFF7FEFF 		bl	memset
 163              	.LVL4:
  73:Core/Src/fdcan.c ****   if(fdcanHandle->Instance==FDCAN1)
 164              		.loc 1 73 3 is_stmt 1 view .LVU50
 165              		.loc 1 73 17 is_stmt 0 view .LVU51
 166 001a 2268     		ldr	r2, [r4]
 167              		.loc 1 73 5 view .LVU52
 168 001c 1D4B     		ldr	r3, .L13
 169 001e 9A42     		cmp	r2, r3
 170 0020 01D0     		beq	.L11
 171              	.LVL5:
 172              	.L7:
  74:Core/Src/fdcan.c ****   {
  75:Core/Src/fdcan.c ****   /* USER CODE BEGIN FDCAN1_MspInit 0 */
  76:Core/Src/fdcan.c **** 
  77:Core/Src/fdcan.c ****   /* USER CODE END FDCAN1_MspInit 0 */
  78:Core/Src/fdcan.c **** 
  79:Core/Src/fdcan.c ****   /** Initializes the peripherals clocks
  80:Core/Src/fdcan.c ****   */
  81:Core/Src/fdcan.c ****     PeriphClkInit.PeriphClockSelection = RCC_PERIPHCLK_FDCAN;
  82:Core/Src/fdcan.c ****     PeriphClkInit.FdcanClockSelection = RCC_FDCANCLKSOURCE_PCLK1;
  83:Core/Src/fdcan.c ****     if (HAL_RCCEx_PeriphCLKConfig(&PeriphClkInit) != HAL_OK)
  84:Core/Src/fdcan.c ****     {
  85:Core/Src/fdcan.c ****       Error_Handler();
  86:Core/Src/fdcan.c ****     }
  87:Core/Src/fdcan.c **** 
  88:Core/Src/fdcan.c ****     /* FDCAN1 clock enable */
  89:Core/Src/fdcan.c ****     __HAL_RCC_FDCAN_CLK_ENABLE();
  90:Core/Src/fdcan.c **** 
  91:Core/Src/fdcan.c ****     __HAL_RCC_GPIOB_CLK_ENABLE();
  92:Core/Src/fdcan.c ****     /**FDCAN1 GPIO Configuration
  93:Core/Src/fdcan.c ****     PB8-BOOT0     ------> FDCAN1_RX
  94:Core/Src/fdcan.c ****     PB9     ------> FDCAN1_TX
  95:Core/Src/fdcan.c ****     */
  96:Core/Src/fdcan.c ****     GPIO_InitStruct.Pin = GPIO_PIN_8|GPIO_PIN_9;
  97:Core/Src/fdcan.c ****     GPIO_InitStruct.Mode = GPIO_MODE_AF_PP;
  98:Core/Src/fdcan.c ****     GPIO_InitStruct.Pull = GPIO_NOPULL;
  99:Core/Src/fdcan.c ****     GPIO_InitStruct.Speed = GPIO_SPEED_FREQ_LOW;
 100:Core/Src/fdcan.c ****     GPIO_InitStruct.Alternate = GPIO_AF9_FDCAN1;
 101:Core/Src/fdcan.c ****     HAL_GPIO_Init(GPIOB, &GPIO_InitStruct);
 102:Core/Src/fdcan.c **** 
 103:Core/Src/fdcan.c ****     /* FDCAN1 interrupt Init */
 104:Core/Src/fdcan.c ****     HAL_NVIC_SetPriority(FDCAN1_IT0_IRQn, 5, 0);
 105:Core/Src/fdcan.c ****     HAL_NVIC_EnableIRQ(FDCAN1_IT0_IRQn);
 106:Core/Src/fdcan.c ****   /* USER CODE BEGIN FDCAN1_MspInit 1 */
 107:Core/Src/fdcan.c **** 
 108:Core/Src/fdcan.c ****   /* USER CODE END FDCAN1_MspInit 1 */
 109:Core/Src/fdcan.c ****   }
 110:Core/Src/fdcan.c **** }
 173              		.loc 1 110 1 view .LVU53
 174 0022 1CB0     		add	sp, sp, #112
 175              	.LCFI3:
 176              		.cfi_remember_state
 177              		.cfi_def_cfa_offset 8
ARM GAS  C:\Users\SOROKO~1\AppData\Local\Temp\ccRfXrfq.s 			page 6


 178              		@ sp needed
 179 0024 10BD     		pop	{r4, pc}
 180              	.LVL6:
 181              	.L11:
 182              	.LCFI4:
 183              		.cfi_restore_state
  81:Core/Src/fdcan.c ****     PeriphClkInit.FdcanClockSelection = RCC_FDCANCLKSOURCE_PCLK1;
 184              		.loc 1 81 5 is_stmt 1 view .LVU54
  81:Core/Src/fdcan.c ****     PeriphClkInit.FdcanClockSelection = RCC_FDCANCLKSOURCE_PCLK1;
 185              		.loc 1 81 40 is_stmt 0 view .LVU55
 186 0026 4FF48053 		mov	r3, #4096
 187 002a 0293     		str	r3, [sp, #8]
  82:Core/Src/fdcan.c ****     if (HAL_RCCEx_PeriphCLKConfig(&PeriphClkInit) != HAL_OK)
 188              		.loc 1 82 5 is_stmt 1 view .LVU56
  82:Core/Src/fdcan.c ****     if (HAL_RCCEx_PeriphCLKConfig(&PeriphClkInit) != HAL_OK)
 189              		.loc 1 82 39 is_stmt 0 view .LVU57
 190 002c 4FF00073 		mov	r3, #33554432
 191 0030 1093     		str	r3, [sp, #64]
  83:Core/Src/fdcan.c ****     {
 192              		.loc 1 83 5 is_stmt 1 view .LVU58
  83:Core/Src/fdcan.c ****     {
 193              		.loc 1 83 9 is_stmt 0 view .LVU59
 194 0032 02A8     		add	r0, sp, #8
 195 0034 FFF7FEFF 		bl	HAL_RCCEx_PeriphCLKConfig
 196              	.LVL7:
  83:Core/Src/fdcan.c ****     {
 197              		.loc 1 83 8 view .LVU60
 198 0038 48BB     		cbnz	r0, .L12
 199              	.L9:
  89:Core/Src/fdcan.c **** 
 200              		.loc 1 89 5 is_stmt 1 view .LVU61
 201              	.LBB2:
  89:Core/Src/fdcan.c **** 
 202              		.loc 1 89 5 view .LVU62
  89:Core/Src/fdcan.c **** 
 203              		.loc 1 89 5 view .LVU63
 204 003a 174B     		ldr	r3, .L13+4
 205 003c 9A6D     		ldr	r2, [r3, #88]
 206 003e 42F00072 		orr	r2, r2, #33554432
 207 0042 9A65     		str	r2, [r3, #88]
  89:Core/Src/fdcan.c **** 
 208              		.loc 1 89 5 view .LVU64
 209 0044 9A6D     		ldr	r2, [r3, #88]
 210 0046 02F00072 		and	r2, r2, #33554432
 211 004a 0092     		str	r2, [sp]
  89:Core/Src/fdcan.c **** 
 212              		.loc 1 89 5 view .LVU65
 213 004c 009A     		ldr	r2, [sp]
 214              	.LBE2:
  89:Core/Src/fdcan.c **** 
 215              		.loc 1 89 5 view .LVU66
  91:Core/Src/fdcan.c ****     /**FDCAN1 GPIO Configuration
 216              		.loc 1 91 5 view .LVU67
 217              	.LBB3:
  91:Core/Src/fdcan.c ****     /**FDCAN1 GPIO Configuration
 218              		.loc 1 91 5 view .LVU68
  91:Core/Src/fdcan.c ****     /**FDCAN1 GPIO Configuration
ARM GAS  C:\Users\SOROKO~1\AppData\Local\Temp\ccRfXrfq.s 			page 7


 219              		.loc 1 91 5 view .LVU69
 220 004e DA6C     		ldr	r2, [r3, #76]
 221 0050 42F00202 		orr	r2, r2, #2
 222 0054 DA64     		str	r2, [r3, #76]
  91:Core/Src/fdcan.c ****     /**FDCAN1 GPIO Configuration
 223              		.loc 1 91 5 view .LVU70
 224 0056 DB6C     		ldr	r3, [r3, #76]
 225 0058 03F00203 		and	r3, r3, #2
 226 005c 0193     		str	r3, [sp, #4]
  91:Core/Src/fdcan.c ****     /**FDCAN1 GPIO Configuration
 227              		.loc 1 91 5 view .LVU71
 228 005e 019B     		ldr	r3, [sp, #4]
 229              	.LBE3:
  91:Core/Src/fdcan.c ****     /**FDCAN1 GPIO Configuration
 230              		.loc 1 91 5 view .LVU72
  96:Core/Src/fdcan.c ****     GPIO_InitStruct.Mode = GPIO_MODE_AF_PP;
 231              		.loc 1 96 5 view .LVU73
  96:Core/Src/fdcan.c ****     GPIO_InitStruct.Mode = GPIO_MODE_AF_PP;
 232              		.loc 1 96 25 is_stmt 0 view .LVU74
 233 0060 4FF44073 		mov	r3, #768
 234 0064 1793     		str	r3, [sp, #92]
  97:Core/Src/fdcan.c ****     GPIO_InitStruct.Pull = GPIO_NOPULL;
 235              		.loc 1 97 5 is_stmt 1 view .LVU75
  97:Core/Src/fdcan.c ****     GPIO_InitStruct.Pull = GPIO_NOPULL;
 236              		.loc 1 97 26 is_stmt 0 view .LVU76
 237 0066 0223     		movs	r3, #2
 238 0068 1893     		str	r3, [sp, #96]
  98:Core/Src/fdcan.c ****     GPIO_InitStruct.Speed = GPIO_SPEED_FREQ_LOW;
 239              		.loc 1 98 5 is_stmt 1 view .LVU77
  98:Core/Src/fdcan.c ****     GPIO_InitStruct.Speed = GPIO_SPEED_FREQ_LOW;
 240              		.loc 1 98 26 is_stmt 0 view .LVU78
 241 006a 0024     		movs	r4, #0
 242              	.LVL8:
  98:Core/Src/fdcan.c ****     GPIO_InitStruct.Speed = GPIO_SPEED_FREQ_LOW;
 243              		.loc 1 98 26 view .LVU79
 244 006c 1994     		str	r4, [sp, #100]
  99:Core/Src/fdcan.c ****     GPIO_InitStruct.Alternate = GPIO_AF9_FDCAN1;
 245              		.loc 1 99 5 is_stmt 1 view .LVU80
  99:Core/Src/fdcan.c ****     GPIO_InitStruct.Alternate = GPIO_AF9_FDCAN1;
 246              		.loc 1 99 27 is_stmt 0 view .LVU81
 247 006e 1A94     		str	r4, [sp, #104]
 100:Core/Src/fdcan.c ****     HAL_GPIO_Init(GPIOB, &GPIO_InitStruct);
 248              		.loc 1 100 5 is_stmt 1 view .LVU82
 100:Core/Src/fdcan.c ****     HAL_GPIO_Init(GPIOB, &GPIO_InitStruct);
 249              		.loc 1 100 31 is_stmt 0 view .LVU83
 250 0070 0923     		movs	r3, #9
 251 0072 1B93     		str	r3, [sp, #108]
 101:Core/Src/fdcan.c **** 
 252              		.loc 1 101 5 is_stmt 1 view .LVU84
 253 0074 17A9     		add	r1, sp, #92
 254 0076 0948     		ldr	r0, .L13+8
 255 0078 FFF7FEFF 		bl	HAL_GPIO_Init
 256              	.LVL9:
 104:Core/Src/fdcan.c ****     HAL_NVIC_EnableIRQ(FDCAN1_IT0_IRQn);
 257              		.loc 1 104 5 view .LVU85
 258 007c 2246     		mov	r2, r4
 259 007e 0521     		movs	r1, #5
ARM GAS  C:\Users\SOROKO~1\AppData\Local\Temp\ccRfXrfq.s 			page 8


 260 0080 1520     		movs	r0, #21
 261 0082 FFF7FEFF 		bl	HAL_NVIC_SetPriority
 262              	.LVL10:
 105:Core/Src/fdcan.c ****   /* USER CODE BEGIN FDCAN1_MspInit 1 */
 263              		.loc 1 105 5 view .LVU86
 264 0086 1520     		movs	r0, #21
 265 0088 FFF7FEFF 		bl	HAL_NVIC_EnableIRQ
 266              	.LVL11:
 267              		.loc 1 110 1 is_stmt 0 view .LVU87
 268 008c C9E7     		b	.L7
 269              	.LVL12:
 270              	.L12:
  85:Core/Src/fdcan.c ****     }
 271              		.loc 1 85 7 is_stmt 1 view .LVU88
 272 008e FFF7FEFF 		bl	Error_Handler
 273              	.LVL13:
 274 0092 D2E7     		b	.L9
 275              	.L14:
 276              		.align	2
 277              	.L13:
 278 0094 00640040 		.word	1073767424
 279 0098 00100240 		.word	1073876992
 280 009c 00040048 		.word	1207960576
 281              		.cfi_endproc
 282              	.LFE133:
 284              		.section	.text.HAL_FDCAN_MspDeInit,"ax",%progbits
 285              		.align	1
 286              		.global	HAL_FDCAN_MspDeInit
 287              		.syntax unified
 288              		.thumb
 289              		.thumb_func
 291              	HAL_FDCAN_MspDeInit:
 292              	.LVL14:
 293              	.LFB134:
 111:Core/Src/fdcan.c **** 
 112:Core/Src/fdcan.c **** void HAL_FDCAN_MspDeInit(FDCAN_HandleTypeDef* fdcanHandle)
 113:Core/Src/fdcan.c **** {
 294              		.loc 1 113 1 view -0
 295              		.cfi_startproc
 296              		@ args = 0, pretend = 0, frame = 0
 297              		@ frame_needed = 0, uses_anonymous_args = 0
 298              		.loc 1 113 1 is_stmt 0 view .LVU90
 299 0000 08B5     		push	{r3, lr}
 300              	.LCFI5:
 301              		.cfi_def_cfa_offset 8
 302              		.cfi_offset 3, -8
 303              		.cfi_offset 14, -4
 114:Core/Src/fdcan.c **** 
 115:Core/Src/fdcan.c ****   if(fdcanHandle->Instance==FDCAN1)
 304              		.loc 1 115 3 is_stmt 1 view .LVU91
 305              		.loc 1 115 17 is_stmt 0 view .LVU92
 306 0002 0268     		ldr	r2, [r0]
 307              		.loc 1 115 5 view .LVU93
 308 0004 084B     		ldr	r3, .L19
 309 0006 9A42     		cmp	r2, r3
 310 0008 00D0     		beq	.L18
 311              	.LVL15:
ARM GAS  C:\Users\SOROKO~1\AppData\Local\Temp\ccRfXrfq.s 			page 9


 312              	.L15:
 116:Core/Src/fdcan.c ****   {
 117:Core/Src/fdcan.c ****   /* USER CODE BEGIN FDCAN1_MspDeInit 0 */
 118:Core/Src/fdcan.c **** 
 119:Core/Src/fdcan.c ****   /* USER CODE END FDCAN1_MspDeInit 0 */
 120:Core/Src/fdcan.c ****     /* Peripheral clock disable */
 121:Core/Src/fdcan.c ****     __HAL_RCC_FDCAN_CLK_DISABLE();
 122:Core/Src/fdcan.c **** 
 123:Core/Src/fdcan.c ****     /**FDCAN1 GPIO Configuration
 124:Core/Src/fdcan.c ****     PB8-BOOT0     ------> FDCAN1_RX
 125:Core/Src/fdcan.c ****     PB9     ------> FDCAN1_TX
 126:Core/Src/fdcan.c ****     */
 127:Core/Src/fdcan.c ****     HAL_GPIO_DeInit(GPIOB, GPIO_PIN_8|GPIO_PIN_9);
 128:Core/Src/fdcan.c **** 
 129:Core/Src/fdcan.c ****     /* FDCAN1 interrupt Deinit */
 130:Core/Src/fdcan.c ****     HAL_NVIC_DisableIRQ(FDCAN1_IT0_IRQn);
 131:Core/Src/fdcan.c ****   /* USER CODE BEGIN FDCAN1_MspDeInit 1 */
 132:Core/Src/fdcan.c **** 
 133:Core/Src/fdcan.c ****   /* USER CODE END FDCAN1_MspDeInit 1 */
 134:Core/Src/fdcan.c ****   }
 135:Core/Src/fdcan.c **** }
 313              		.loc 1 135 1 view .LVU94
 314 000a 08BD     		pop	{r3, pc}
 315              	.LVL16:
 316              	.L18:
 121:Core/Src/fdcan.c **** 
 317              		.loc 1 121 5 is_stmt 1 view .LVU95
 318 000c 074A     		ldr	r2, .L19+4
 319 000e 936D     		ldr	r3, [r2, #88]
 320 0010 23F00073 		bic	r3, r3, #33554432
 321 0014 9365     		str	r3, [r2, #88]
 127:Core/Src/fdcan.c **** 
 322              		.loc 1 127 5 view .LVU96
 323 0016 4FF44071 		mov	r1, #768
 324 001a 0548     		ldr	r0, .L19+8
 325              	.LVL17:
 127:Core/Src/fdcan.c **** 
 326              		.loc 1 127 5 is_stmt 0 view .LVU97
 327 001c FFF7FEFF 		bl	HAL_GPIO_DeInit
 328              	.LVL18:
 130:Core/Src/fdcan.c ****   /* USER CODE BEGIN FDCAN1_MspDeInit 1 */
 329              		.loc 1 130 5 is_stmt 1 view .LVU98
 330 0020 1520     		movs	r0, #21
 331 0022 FFF7FEFF 		bl	HAL_NVIC_DisableIRQ
 332              	.LVL19:
 333              		.loc 1 135 1 is_stmt 0 view .LVU99
 334 0026 F0E7     		b	.L15
 335              	.L20:
 336              		.align	2
 337              	.L19:
 338 0028 00640040 		.word	1073767424
 339 002c 00100240 		.word	1073876992
 340 0030 00040048 		.word	1207960576
 341              		.cfi_endproc
 342              	.LFE134:
 344              		.global	hfdcan1
 345              		.section	.bss.hfdcan1,"aw",%nobits
ARM GAS  C:\Users\SOROKO~1\AppData\Local\Temp\ccRfXrfq.s 			page 10


 346              		.align	2
 347              		.set	.LANCHOR0,. + 0
 350              	hfdcan1:
 351 0000 00000000 		.space	100
 351      00000000 
 351      00000000 
 351      00000000 
 351      00000000 
 352              		.text
 353              	.Letext0:
 354              		.file 2 "Drivers/CMSIS/Device/ST/STM32G4xx/Include/stm32g474xx.h"
 355              		.file 3 "C:\\ST\\STM32CubeIDE_1.9.0\\STM32CubeIDE\\plugins\\com.st.stm32cube.ide.mcu.externaltools
 356              		.file 4 "C:\\ST\\STM32CubeIDE_1.9.0\\STM32CubeIDE\\plugins\\com.st.stm32cube.ide.mcu.externaltools
 357              		.file 5 "Drivers/CMSIS/Device/ST/STM32G4xx/Include/stm32g4xx.h"
 358              		.file 6 "Drivers/STM32G4xx_HAL_Driver/Inc/stm32g4xx_hal_def.h"
 359              		.file 7 "Drivers/STM32G4xx_HAL_Driver/Inc/stm32g4xx_hal_rcc_ex.h"
 360              		.file 8 "Drivers/STM32G4xx_HAL_Driver/Inc/stm32g4xx_hal_gpio.h"
 361              		.file 9 "Drivers/STM32G4xx_HAL_Driver/Inc/stm32g4xx_hal_fdcan.h"
 362              		.file 10 "Drivers/STM32G4xx_HAL_Driver/Inc/stm32g4xx_hal_cortex.h"
 363              		.file 11 "Core/Inc/fdcan.h"
 364              		.file 12 "Core/Inc/main.h"
 365              		.file 13 "<built-in>"
ARM GAS  C:\Users\SOROKO~1\AppData\Local\Temp\ccRfXrfq.s 			page 11


DEFINED SYMBOLS
                            *ABS*:0000000000000000 fdcan.c
C:\Users\SOROKO~1\AppData\Local\Temp\ccRfXrfq.s:20     .text.MX_FDCAN1_Init:0000000000000000 $t
C:\Users\SOROKO~1\AppData\Local\Temp\ccRfXrfq.s:26     .text.MX_FDCAN1_Init:0000000000000000 MX_FDCAN1_Init
C:\Users\SOROKO~1\AppData\Local\Temp\ccRfXrfq.s:119    .text.MX_FDCAN1_Init:0000000000000048 $d
C:\Users\SOROKO~1\AppData\Local\Temp\ccRfXrfq.s:125    .text.HAL_FDCAN_MspInit:0000000000000000 $t
C:\Users\SOROKO~1\AppData\Local\Temp\ccRfXrfq.s:131    .text.HAL_FDCAN_MspInit:0000000000000000 HAL_FDCAN_MspInit
C:\Users\SOROKO~1\AppData\Local\Temp\ccRfXrfq.s:278    .text.HAL_FDCAN_MspInit:0000000000000094 $d
C:\Users\SOROKO~1\AppData\Local\Temp\ccRfXrfq.s:285    .text.HAL_FDCAN_MspDeInit:0000000000000000 $t
C:\Users\SOROKO~1\AppData\Local\Temp\ccRfXrfq.s:291    .text.HAL_FDCAN_MspDeInit:0000000000000000 HAL_FDCAN_MspDeInit
C:\Users\SOROKO~1\AppData\Local\Temp\ccRfXrfq.s:338    .text.HAL_FDCAN_MspDeInit:0000000000000028 $d
C:\Users\SOROKO~1\AppData\Local\Temp\ccRfXrfq.s:350    .bss.hfdcan1:0000000000000000 hfdcan1
C:\Users\SOROKO~1\AppData\Local\Temp\ccRfXrfq.s:346    .bss.hfdcan1:0000000000000000 $d

UNDEFINED SYMBOLS
HAL_FDCAN_Init
Error_Handler
memset
HAL_RCCEx_PeriphCLKConfig
HAL_GPIO_Init
HAL_NVIC_SetPriority
HAL_NVIC_EnableIRQ
HAL_GPIO_DeInit
HAL_NVIC_DisableIRQ
