ARM GAS  C:\Users\SOROKO~1\AppData\Local\Temp\ccPWeTqY.s 			page 1


   1              		.cpu cortex-m4
   2              		.arch armv7e-m
   3              		.fpu fpv4-sp-d16
   4              		.eabi_attribute 27, 1
   5              		.eabi_attribute 28, 1
   6              		.eabi_attribute 20, 1
   7              		.eabi_attribute 21, 1
   8              		.eabi_attribute 23, 3
   9              		.eabi_attribute 24, 1
  10              		.eabi_attribute 25, 1
  11              		.eabi_attribute 26, 1
  12              		.eabi_attribute 30, 1
  13              		.eabi_attribute 34, 1
  14              		.eabi_attribute 18, 4
  15              		.file	"i2c.c"
  16              		.text
  17              	.Ltext0:
  18              		.cfi_sections	.debug_frame
  19              		.section	.text.MX_I2C4_Init,"ax",%progbits
  20              		.align	1
  21              		.global	MX_I2C4_Init
  22              		.syntax unified
  23              		.thumb
  24              		.thumb_func
  26              	MX_I2C4_Init:
  27              	.LFB132:
  28              		.file 1 "Core/Src/i2c.c"
   1:Core/Src/i2c.c **** /* USER CODE BEGIN Header */
   2:Core/Src/i2c.c **** /**
   3:Core/Src/i2c.c ****   ******************************************************************************
   4:Core/Src/i2c.c ****   * @file    i2c.c
   5:Core/Src/i2c.c ****   * @brief   This file provides code for the configuration
   6:Core/Src/i2c.c ****   *          of the I2C instances.
   7:Core/Src/i2c.c ****   ******************************************************************************
   8:Core/Src/i2c.c ****   * @attention
   9:Core/Src/i2c.c ****   *
  10:Core/Src/i2c.c ****   * Copyright (c) 2023 STMicroelectronics.
  11:Core/Src/i2c.c ****   * All rights reserved.
  12:Core/Src/i2c.c ****   *
  13:Core/Src/i2c.c ****   * This software is licensed under terms that can be found in the LICENSE file
  14:Core/Src/i2c.c ****   * in the root directory of this software component.
  15:Core/Src/i2c.c ****   * If no LICENSE file comes with this software, it is provided AS-IS.
  16:Core/Src/i2c.c ****   *
  17:Core/Src/i2c.c ****   ******************************************************************************
  18:Core/Src/i2c.c ****   */
  19:Core/Src/i2c.c **** /* USER CODE END Header */
  20:Core/Src/i2c.c **** /* Includes ------------------------------------------------------------------*/
  21:Core/Src/i2c.c **** #include "i2c.h"
  22:Core/Src/i2c.c **** 
  23:Core/Src/i2c.c **** /* USER CODE BEGIN 0 */
  24:Core/Src/i2c.c **** 
  25:Core/Src/i2c.c **** /* USER CODE END 0 */
  26:Core/Src/i2c.c **** 
  27:Core/Src/i2c.c **** I2C_HandleTypeDef hi2c4;
  28:Core/Src/i2c.c **** 
  29:Core/Src/i2c.c **** /* I2C4 init function */
  30:Core/Src/i2c.c **** void MX_I2C4_Init(void)
ARM GAS  C:\Users\SOROKO~1\AppData\Local\Temp\ccPWeTqY.s 			page 2


  31:Core/Src/i2c.c **** {
  29              		.loc 1 31 1 view -0
  30              		.cfi_startproc
  31              		@ args = 0, pretend = 0, frame = 0
  32              		@ frame_needed = 0, uses_anonymous_args = 0
  33 0000 08B5     		push	{r3, lr}
  34              	.LCFI0:
  35              		.cfi_def_cfa_offset 8
  36              		.cfi_offset 3, -8
  37              		.cfi_offset 14, -4
  32:Core/Src/i2c.c **** 
  33:Core/Src/i2c.c ****   /* USER CODE BEGIN I2C4_Init 0 */
  34:Core/Src/i2c.c **** 
  35:Core/Src/i2c.c ****   /* USER CODE END I2C4_Init 0 */
  36:Core/Src/i2c.c **** 
  37:Core/Src/i2c.c ****   /* USER CODE BEGIN I2C4_Init 1 */
  38:Core/Src/i2c.c **** 
  39:Core/Src/i2c.c ****   /* USER CODE END I2C4_Init 1 */
  40:Core/Src/i2c.c ****   hi2c4.Instance = I2C4;
  38              		.loc 1 40 3 view .LVU1
  39              		.loc 1 40 18 is_stmt 0 view .LVU2
  40 0002 1548     		ldr	r0, .L9
  41 0004 154B     		ldr	r3, .L9+4
  42 0006 0360     		str	r3, [r0]
  41:Core/Src/i2c.c ****   hi2c4.Init.Timing = 0x30909DEC;
  43              		.loc 1 41 3 is_stmt 1 view .LVU3
  44              		.loc 1 41 21 is_stmt 0 view .LVU4
  45 0008 A3F17663 		sub	r3, r3, #257949696
  46 000c A3F57E23 		sub	r3, r3, #1040384
  47 0010 A3F21463 		subw	r3, r3, #1556
  48 0014 4360     		str	r3, [r0, #4]
  42:Core/Src/i2c.c ****   hi2c4.Init.OwnAddress1 = 0;
  49              		.loc 1 42 3 is_stmt 1 view .LVU5
  50              		.loc 1 42 26 is_stmt 0 view .LVU6
  51 0016 0023     		movs	r3, #0
  52 0018 8360     		str	r3, [r0, #8]
  43:Core/Src/i2c.c ****   hi2c4.Init.AddressingMode = I2C_ADDRESSINGMODE_7BIT;
  53              		.loc 1 43 3 is_stmt 1 view .LVU7
  54              		.loc 1 43 29 is_stmt 0 view .LVU8
  55 001a 0122     		movs	r2, #1
  56 001c C260     		str	r2, [r0, #12]
  44:Core/Src/i2c.c ****   hi2c4.Init.DualAddressMode = I2C_DUALADDRESS_DISABLE;
  57              		.loc 1 44 3 is_stmt 1 view .LVU9
  58              		.loc 1 44 30 is_stmt 0 view .LVU10
  59 001e 0361     		str	r3, [r0, #16]
  45:Core/Src/i2c.c ****   hi2c4.Init.OwnAddress2 = 0;
  60              		.loc 1 45 3 is_stmt 1 view .LVU11
  61              		.loc 1 45 26 is_stmt 0 view .LVU12
  62 0020 4361     		str	r3, [r0, #20]
  46:Core/Src/i2c.c ****   hi2c4.Init.OwnAddress2Masks = I2C_OA2_NOMASK;
  63              		.loc 1 46 3 is_stmt 1 view .LVU13
  64              		.loc 1 46 31 is_stmt 0 view .LVU14
  65 0022 8361     		str	r3, [r0, #24]
  47:Core/Src/i2c.c ****   hi2c4.Init.GeneralCallMode = I2C_GENERALCALL_DISABLE;
  66              		.loc 1 47 3 is_stmt 1 view .LVU15
  67              		.loc 1 47 30 is_stmt 0 view .LVU16
  68 0024 C361     		str	r3, [r0, #28]
ARM GAS  C:\Users\SOROKO~1\AppData\Local\Temp\ccPWeTqY.s 			page 3


  48:Core/Src/i2c.c ****   hi2c4.Init.NoStretchMode = I2C_NOSTRETCH_DISABLE;
  69              		.loc 1 48 3 is_stmt 1 view .LVU17
  70              		.loc 1 48 28 is_stmt 0 view .LVU18
  71 0026 0362     		str	r3, [r0, #32]
  49:Core/Src/i2c.c ****   if (HAL_I2C_Init(&hi2c4) != HAL_OK)
  72              		.loc 1 49 3 is_stmt 1 view .LVU19
  73              		.loc 1 49 7 is_stmt 0 view .LVU20
  74 0028 FFF7FEFF 		bl	HAL_I2C_Init
  75              	.LVL0:
  76              		.loc 1 49 6 view .LVU21
  77 002c 50B9     		cbnz	r0, .L6
  78              	.L2:
  50:Core/Src/i2c.c ****   {
  51:Core/Src/i2c.c ****     Error_Handler();
  52:Core/Src/i2c.c ****   }
  53:Core/Src/i2c.c **** 
  54:Core/Src/i2c.c ****   /** Configure Analogue filter
  55:Core/Src/i2c.c ****   */
  56:Core/Src/i2c.c ****   if (HAL_I2CEx_ConfigAnalogFilter(&hi2c4, I2C_ANALOGFILTER_ENABLE) != HAL_OK)
  79              		.loc 1 56 3 is_stmt 1 view .LVU22
  80              		.loc 1 56 7 is_stmt 0 view .LVU23
  81 002e 0021     		movs	r1, #0
  82 0030 0948     		ldr	r0, .L9
  83 0032 FFF7FEFF 		bl	HAL_I2CEx_ConfigAnalogFilter
  84              	.LVL1:
  85              		.loc 1 56 6 view .LVU24
  86 0036 40B9     		cbnz	r0, .L7
  87              	.L3:
  57:Core/Src/i2c.c ****   {
  58:Core/Src/i2c.c ****     Error_Handler();
  59:Core/Src/i2c.c ****   }
  60:Core/Src/i2c.c **** 
  61:Core/Src/i2c.c ****   /** Configure Digital filter
  62:Core/Src/i2c.c ****   */
  63:Core/Src/i2c.c ****   if (HAL_I2CEx_ConfigDigitalFilter(&hi2c4, 0) != HAL_OK)
  88              		.loc 1 63 3 is_stmt 1 view .LVU25
  89              		.loc 1 63 7 is_stmt 0 view .LVU26
  90 0038 0021     		movs	r1, #0
  91 003a 0748     		ldr	r0, .L9
  92 003c FFF7FEFF 		bl	HAL_I2CEx_ConfigDigitalFilter
  93              	.LVL2:
  94              		.loc 1 63 6 view .LVU27
  95 0040 30B9     		cbnz	r0, .L8
  96              	.L1:
  64:Core/Src/i2c.c ****   {
  65:Core/Src/i2c.c ****     Error_Handler();
  66:Core/Src/i2c.c ****   }
  67:Core/Src/i2c.c ****   /* USER CODE BEGIN I2C4_Init 2 */
  68:Core/Src/i2c.c **** 
  69:Core/Src/i2c.c ****   /* USER CODE END I2C4_Init 2 */
  70:Core/Src/i2c.c **** 
  71:Core/Src/i2c.c **** }
  97              		.loc 1 71 1 view .LVU28
  98 0042 08BD     		pop	{r3, pc}
  99              	.L6:
  51:Core/Src/i2c.c ****   }
 100              		.loc 1 51 5 is_stmt 1 view .LVU29
ARM GAS  C:\Users\SOROKO~1\AppData\Local\Temp\ccPWeTqY.s 			page 4


 101 0044 FFF7FEFF 		bl	Error_Handler
 102              	.LVL3:
 103 0048 F1E7     		b	.L2
 104              	.L7:
  58:Core/Src/i2c.c ****   }
 105              		.loc 1 58 5 view .LVU30
 106 004a FFF7FEFF 		bl	Error_Handler
 107              	.LVL4:
 108 004e F3E7     		b	.L3
 109              	.L8:
  65:Core/Src/i2c.c ****   }
 110              		.loc 1 65 5 view .LVU31
 111 0050 FFF7FEFF 		bl	Error_Handler
 112              	.LVL5:
 113              		.loc 1 71 1 is_stmt 0 view .LVU32
 114 0054 F5E7     		b	.L1
 115              	.L10:
 116 0056 00BF     		.align	2
 117              	.L9:
 118 0058 00000000 		.word	.LANCHOR0
 119 005c 00840040 		.word	1073775616
 120              		.cfi_endproc
 121              	.LFE132:
 123              		.section	.text.HAL_I2C_MspInit,"ax",%progbits
 124              		.align	1
 125              		.global	HAL_I2C_MspInit
 126              		.syntax unified
 127              		.thumb
 128              		.thumb_func
 130              	HAL_I2C_MspInit:
 131              	.LVL6:
 132              	.LFB133:
  72:Core/Src/i2c.c **** 
  73:Core/Src/i2c.c **** void HAL_I2C_MspInit(I2C_HandleTypeDef* i2cHandle)
  74:Core/Src/i2c.c **** {
 133              		.loc 1 74 1 is_stmt 1 view -0
 134              		.cfi_startproc
 135              		@ args = 0, pretend = 0, frame = 120
 136              		@ frame_needed = 0, uses_anonymous_args = 0
 137              		.loc 1 74 1 is_stmt 0 view .LVU34
 138 0000 70B5     		push	{r4, r5, r6, lr}
 139              	.LCFI1:
 140              		.cfi_def_cfa_offset 16
 141              		.cfi_offset 4, -16
 142              		.cfi_offset 5, -12
 143              		.cfi_offset 6, -8
 144              		.cfi_offset 14, -4
 145 0002 9EB0     		sub	sp, sp, #120
 146              	.LCFI2:
 147              		.cfi_def_cfa_offset 136
 148 0004 0446     		mov	r4, r0
  75:Core/Src/i2c.c **** 
  76:Core/Src/i2c.c ****   GPIO_InitTypeDef GPIO_InitStruct = {0};
 149              		.loc 1 76 3 is_stmt 1 view .LVU35
 150              		.loc 1 76 20 is_stmt 0 view .LVU36
 151 0006 0021     		movs	r1, #0
 152 0008 1991     		str	r1, [sp, #100]
ARM GAS  C:\Users\SOROKO~1\AppData\Local\Temp\ccPWeTqY.s 			page 5


 153 000a 1A91     		str	r1, [sp, #104]
 154 000c 1B91     		str	r1, [sp, #108]
 155 000e 1C91     		str	r1, [sp, #112]
 156 0010 1D91     		str	r1, [sp, #116]
  77:Core/Src/i2c.c ****   RCC_PeriphCLKInitTypeDef PeriphClkInit = {0};
 157              		.loc 1 77 3 is_stmt 1 view .LVU37
 158              		.loc 1 77 28 is_stmt 0 view .LVU38
 159 0012 5422     		movs	r2, #84
 160 0014 04A8     		add	r0, sp, #16
 161              	.LVL7:
 162              		.loc 1 77 28 view .LVU39
 163 0016 FFF7FEFF 		bl	memset
 164              	.LVL8:
  78:Core/Src/i2c.c ****   if(i2cHandle->Instance==I2C4)
 165              		.loc 1 78 3 is_stmt 1 view .LVU40
 166              		.loc 1 78 15 is_stmt 0 view .LVU41
 167 001a 2268     		ldr	r2, [r4]
 168              		.loc 1 78 5 view .LVU42
 169 001c 224B     		ldr	r3, .L17
 170 001e 9A42     		cmp	r2, r3
 171 0020 01D0     		beq	.L15
 172              	.LVL9:
 173              	.L11:
  79:Core/Src/i2c.c ****   {
  80:Core/Src/i2c.c ****   /* USER CODE BEGIN I2C4_MspInit 0 */
  81:Core/Src/i2c.c **** 
  82:Core/Src/i2c.c ****   /* USER CODE END I2C4_MspInit 0 */
  83:Core/Src/i2c.c **** 
  84:Core/Src/i2c.c ****   /** Initializes the peripherals clocks
  85:Core/Src/i2c.c ****   */
  86:Core/Src/i2c.c ****     PeriphClkInit.PeriphClockSelection = RCC_PERIPHCLK_I2C4;
  87:Core/Src/i2c.c ****     PeriphClkInit.I2c4ClockSelection = RCC_I2C4CLKSOURCE_PCLK1;
  88:Core/Src/i2c.c ****     if (HAL_RCCEx_PeriphCLKConfig(&PeriphClkInit) != HAL_OK)
  89:Core/Src/i2c.c ****     {
  90:Core/Src/i2c.c ****       Error_Handler();
  91:Core/Src/i2c.c ****     }
  92:Core/Src/i2c.c **** 
  93:Core/Src/i2c.c ****     __HAL_RCC_GPIOC_CLK_ENABLE();
  94:Core/Src/i2c.c ****     __HAL_RCC_GPIOB_CLK_ENABLE();
  95:Core/Src/i2c.c ****     /**I2C4 GPIO Configuration
  96:Core/Src/i2c.c ****     PC6     ------> I2C4_SCL
  97:Core/Src/i2c.c ****     PB7     ------> I2C4_SDA
  98:Core/Src/i2c.c ****     */
  99:Core/Src/i2c.c ****     GPIO_InitStruct.Pin = GPIO_PIN_6;
 100:Core/Src/i2c.c ****     GPIO_InitStruct.Mode = GPIO_MODE_AF_OD;
 101:Core/Src/i2c.c ****     GPIO_InitStruct.Pull = GPIO_NOPULL;
 102:Core/Src/i2c.c ****     GPIO_InitStruct.Speed = GPIO_SPEED_FREQ_LOW;
 103:Core/Src/i2c.c ****     GPIO_InitStruct.Alternate = GPIO_AF8_I2C4;
 104:Core/Src/i2c.c ****     HAL_GPIO_Init(GPIOC, &GPIO_InitStruct);
 105:Core/Src/i2c.c **** 
 106:Core/Src/i2c.c ****     GPIO_InitStruct.Pin = GPIO_PIN_7;
 107:Core/Src/i2c.c ****     GPIO_InitStruct.Mode = GPIO_MODE_AF_OD;
 108:Core/Src/i2c.c ****     GPIO_InitStruct.Pull = GPIO_NOPULL;
 109:Core/Src/i2c.c ****     GPIO_InitStruct.Speed = GPIO_SPEED_FREQ_LOW;
 110:Core/Src/i2c.c ****     GPIO_InitStruct.Alternate = GPIO_AF3_I2C4;
 111:Core/Src/i2c.c ****     HAL_GPIO_Init(GPIOB, &GPIO_InitStruct);
 112:Core/Src/i2c.c **** 
ARM GAS  C:\Users\SOROKO~1\AppData\Local\Temp\ccPWeTqY.s 			page 6


 113:Core/Src/i2c.c ****     /* I2C4 clock enable */
 114:Core/Src/i2c.c ****     __HAL_RCC_I2C4_CLK_ENABLE();
 115:Core/Src/i2c.c ****   /* USER CODE BEGIN I2C4_MspInit 1 */
 116:Core/Src/i2c.c **** 
 117:Core/Src/i2c.c ****   /* USER CODE END I2C4_MspInit 1 */
 118:Core/Src/i2c.c ****   }
 119:Core/Src/i2c.c **** }
 174              		.loc 1 119 1 view .LVU43
 175 0022 1EB0     		add	sp, sp, #120
 176              	.LCFI3:
 177              		.cfi_remember_state
 178              		.cfi_def_cfa_offset 16
 179              		@ sp needed
 180 0024 70BD     		pop	{r4, r5, r6, pc}
 181              	.LVL10:
 182              	.L15:
 183              	.LCFI4:
 184              		.cfi_restore_state
  86:Core/Src/i2c.c ****     PeriphClkInit.I2c4ClockSelection = RCC_I2C4CLKSOURCE_PCLK1;
 185              		.loc 1 86 5 is_stmt 1 view .LVU44
  86:Core/Src/i2c.c ****     PeriphClkInit.I2c4ClockSelection = RCC_I2C4CLKSOURCE_PCLK1;
 186              		.loc 1 86 40 is_stmt 0 view .LVU45
 187 0026 4FF40033 		mov	r3, #131072
 188 002a 0493     		str	r3, [sp, #16]
  87:Core/Src/i2c.c ****     if (HAL_RCCEx_PeriphCLKConfig(&PeriphClkInit) != HAL_OK)
 189              		.loc 1 87 5 is_stmt 1 view .LVU46
  88:Core/Src/i2c.c ****     {
 190              		.loc 1 88 5 view .LVU47
  88:Core/Src/i2c.c ****     {
 191              		.loc 1 88 9 is_stmt 0 view .LVU48
 192 002c 04A8     		add	r0, sp, #16
 193 002e FFF7FEFF 		bl	HAL_RCCEx_PeriphCLKConfig
 194              	.LVL11:
  88:Core/Src/i2c.c ****     {
 195              		.loc 1 88 8 view .LVU49
 196 0032 0028     		cmp	r0, #0
 197 0034 34D1     		bne	.L16
 198              	.L13:
  93:Core/Src/i2c.c ****     __HAL_RCC_GPIOB_CLK_ENABLE();
 199              		.loc 1 93 5 is_stmt 1 view .LVU50
 200              	.LBB2:
  93:Core/Src/i2c.c ****     __HAL_RCC_GPIOB_CLK_ENABLE();
 201              		.loc 1 93 5 view .LVU51
  93:Core/Src/i2c.c ****     __HAL_RCC_GPIOB_CLK_ENABLE();
 202              		.loc 1 93 5 view .LVU52
 203 0036 1D4C     		ldr	r4, .L17+4
 204              	.LVL12:
  93:Core/Src/i2c.c ****     __HAL_RCC_GPIOB_CLK_ENABLE();
 205              		.loc 1 93 5 is_stmt 0 view .LVU53
 206 0038 E36C     		ldr	r3, [r4, #76]
 207 003a 43F00403 		orr	r3, r3, #4
 208 003e E364     		str	r3, [r4, #76]
  93:Core/Src/i2c.c ****     __HAL_RCC_GPIOB_CLK_ENABLE();
 209              		.loc 1 93 5 is_stmt 1 view .LVU54
 210 0040 E36C     		ldr	r3, [r4, #76]
 211 0042 03F00403 		and	r3, r3, #4
 212 0046 0193     		str	r3, [sp, #4]
ARM GAS  C:\Users\SOROKO~1\AppData\Local\Temp\ccPWeTqY.s 			page 7


  93:Core/Src/i2c.c ****     __HAL_RCC_GPIOB_CLK_ENABLE();
 213              		.loc 1 93 5 view .LVU55
 214 0048 019B     		ldr	r3, [sp, #4]
 215              	.LBE2:
  93:Core/Src/i2c.c ****     __HAL_RCC_GPIOB_CLK_ENABLE();
 216              		.loc 1 93 5 view .LVU56
  94:Core/Src/i2c.c ****     /**I2C4 GPIO Configuration
 217              		.loc 1 94 5 view .LVU57
 218              	.LBB3:
  94:Core/Src/i2c.c ****     /**I2C4 GPIO Configuration
 219              		.loc 1 94 5 view .LVU58
  94:Core/Src/i2c.c ****     /**I2C4 GPIO Configuration
 220              		.loc 1 94 5 view .LVU59
 221 004a E36C     		ldr	r3, [r4, #76]
 222 004c 43F00203 		orr	r3, r3, #2
 223 0050 E364     		str	r3, [r4, #76]
  94:Core/Src/i2c.c ****     /**I2C4 GPIO Configuration
 224              		.loc 1 94 5 view .LVU60
 225 0052 E36C     		ldr	r3, [r4, #76]
 226 0054 03F00203 		and	r3, r3, #2
 227 0058 0293     		str	r3, [sp, #8]
  94:Core/Src/i2c.c ****     /**I2C4 GPIO Configuration
 228              		.loc 1 94 5 view .LVU61
 229 005a 029B     		ldr	r3, [sp, #8]
 230              	.LBE3:
  94:Core/Src/i2c.c ****     /**I2C4 GPIO Configuration
 231              		.loc 1 94 5 view .LVU62
  99:Core/Src/i2c.c ****     GPIO_InitStruct.Mode = GPIO_MODE_AF_OD;
 232              		.loc 1 99 5 view .LVU63
  99:Core/Src/i2c.c ****     GPIO_InitStruct.Mode = GPIO_MODE_AF_OD;
 233              		.loc 1 99 25 is_stmt 0 view .LVU64
 234 005c 4023     		movs	r3, #64
 235 005e 1993     		str	r3, [sp, #100]
 100:Core/Src/i2c.c ****     GPIO_InitStruct.Pull = GPIO_NOPULL;
 236              		.loc 1 100 5 is_stmt 1 view .LVU65
 100:Core/Src/i2c.c ****     GPIO_InitStruct.Pull = GPIO_NOPULL;
 237              		.loc 1 100 26 is_stmt 0 view .LVU66
 238 0060 1226     		movs	r6, #18
 239 0062 1A96     		str	r6, [sp, #104]
 101:Core/Src/i2c.c ****     GPIO_InitStruct.Speed = GPIO_SPEED_FREQ_LOW;
 240              		.loc 1 101 5 is_stmt 1 view .LVU67
 101:Core/Src/i2c.c ****     GPIO_InitStruct.Speed = GPIO_SPEED_FREQ_LOW;
 241              		.loc 1 101 26 is_stmt 0 view .LVU68
 242 0064 0025     		movs	r5, #0
 243 0066 1B95     		str	r5, [sp, #108]
 102:Core/Src/i2c.c ****     GPIO_InitStruct.Alternate = GPIO_AF8_I2C4;
 244              		.loc 1 102 5 is_stmt 1 view .LVU69
 102:Core/Src/i2c.c ****     GPIO_InitStruct.Alternate = GPIO_AF8_I2C4;
 245              		.loc 1 102 27 is_stmt 0 view .LVU70
 246 0068 1C95     		str	r5, [sp, #112]
 103:Core/Src/i2c.c ****     HAL_GPIO_Init(GPIOC, &GPIO_InitStruct);
 247              		.loc 1 103 5 is_stmt 1 view .LVU71
 103:Core/Src/i2c.c ****     HAL_GPIO_Init(GPIOC, &GPIO_InitStruct);
 248              		.loc 1 103 31 is_stmt 0 view .LVU72
 249 006a 0823     		movs	r3, #8
 250 006c 1D93     		str	r3, [sp, #116]
 104:Core/Src/i2c.c **** 
ARM GAS  C:\Users\SOROKO~1\AppData\Local\Temp\ccPWeTqY.s 			page 8


 251              		.loc 1 104 5 is_stmt 1 view .LVU73
 252 006e 19A9     		add	r1, sp, #100
 253 0070 0F48     		ldr	r0, .L17+8
 254 0072 FFF7FEFF 		bl	HAL_GPIO_Init
 255              	.LVL13:
 106:Core/Src/i2c.c ****     GPIO_InitStruct.Mode = GPIO_MODE_AF_OD;
 256              		.loc 1 106 5 view .LVU74
 106:Core/Src/i2c.c ****     GPIO_InitStruct.Mode = GPIO_MODE_AF_OD;
 257              		.loc 1 106 25 is_stmt 0 view .LVU75
 258 0076 8023     		movs	r3, #128
 259 0078 1993     		str	r3, [sp, #100]
 107:Core/Src/i2c.c ****     GPIO_InitStruct.Pull = GPIO_NOPULL;
 260              		.loc 1 107 5 is_stmt 1 view .LVU76
 107:Core/Src/i2c.c ****     GPIO_InitStruct.Pull = GPIO_NOPULL;
 261              		.loc 1 107 26 is_stmt 0 view .LVU77
 262 007a 1A96     		str	r6, [sp, #104]
 108:Core/Src/i2c.c ****     GPIO_InitStruct.Speed = GPIO_SPEED_FREQ_LOW;
 263              		.loc 1 108 5 is_stmt 1 view .LVU78
 108:Core/Src/i2c.c ****     GPIO_InitStruct.Speed = GPIO_SPEED_FREQ_LOW;
 264              		.loc 1 108 26 is_stmt 0 view .LVU79
 265 007c 1B95     		str	r5, [sp, #108]
 109:Core/Src/i2c.c ****     GPIO_InitStruct.Alternate = GPIO_AF3_I2C4;
 266              		.loc 1 109 5 is_stmt 1 view .LVU80
 109:Core/Src/i2c.c ****     GPIO_InitStruct.Alternate = GPIO_AF3_I2C4;
 267              		.loc 1 109 27 is_stmt 0 view .LVU81
 268 007e 1C95     		str	r5, [sp, #112]
 110:Core/Src/i2c.c ****     HAL_GPIO_Init(GPIOB, &GPIO_InitStruct);
 269              		.loc 1 110 5 is_stmt 1 view .LVU82
 110:Core/Src/i2c.c ****     HAL_GPIO_Init(GPIOB, &GPIO_InitStruct);
 270              		.loc 1 110 31 is_stmt 0 view .LVU83
 271 0080 0323     		movs	r3, #3
 272 0082 1D93     		str	r3, [sp, #116]
 111:Core/Src/i2c.c **** 
 273              		.loc 1 111 5 is_stmt 1 view .LVU84
 274 0084 19A9     		add	r1, sp, #100
 275 0086 0B48     		ldr	r0, .L17+12
 276 0088 FFF7FEFF 		bl	HAL_GPIO_Init
 277              	.LVL14:
 114:Core/Src/i2c.c ****   /* USER CODE BEGIN I2C4_MspInit 1 */
 278              		.loc 1 114 5 view .LVU85
 279              	.LBB4:
 114:Core/Src/i2c.c ****   /* USER CODE BEGIN I2C4_MspInit 1 */
 280              		.loc 1 114 5 view .LVU86
 114:Core/Src/i2c.c ****   /* USER CODE BEGIN I2C4_MspInit 1 */
 281              		.loc 1 114 5 view .LVU87
 282 008c E36D     		ldr	r3, [r4, #92]
 283 008e 43F00203 		orr	r3, r3, #2
 284 0092 E365     		str	r3, [r4, #92]
 114:Core/Src/i2c.c ****   /* USER CODE BEGIN I2C4_MspInit 1 */
 285              		.loc 1 114 5 view .LVU88
 286 0094 E36D     		ldr	r3, [r4, #92]
 287 0096 03F00203 		and	r3, r3, #2
 288 009a 0393     		str	r3, [sp, #12]
 114:Core/Src/i2c.c ****   /* USER CODE BEGIN I2C4_MspInit 1 */
 289              		.loc 1 114 5 view .LVU89
 290 009c 039B     		ldr	r3, [sp, #12]
 291              	.LBE4:
ARM GAS  C:\Users\SOROKO~1\AppData\Local\Temp\ccPWeTqY.s 			page 9


 114:Core/Src/i2c.c ****   /* USER CODE BEGIN I2C4_MspInit 1 */
 292              		.loc 1 114 5 view .LVU90
 293              		.loc 1 119 1 is_stmt 0 view .LVU91
 294 009e C0E7     		b	.L11
 295              	.LVL15:
 296              	.L16:
  90:Core/Src/i2c.c ****     }
 297              		.loc 1 90 7 is_stmt 1 view .LVU92
 298 00a0 FFF7FEFF 		bl	Error_Handler
 299              	.LVL16:
 300 00a4 C7E7     		b	.L13
 301              	.L18:
 302 00a6 00BF     		.align	2
 303              	.L17:
 304 00a8 00840040 		.word	1073775616
 305 00ac 00100240 		.word	1073876992
 306 00b0 00080048 		.word	1207961600
 307 00b4 00040048 		.word	1207960576
 308              		.cfi_endproc
 309              	.LFE133:
 311              		.section	.text.HAL_I2C_MspDeInit,"ax",%progbits
 312              		.align	1
 313              		.global	HAL_I2C_MspDeInit
 314              		.syntax unified
 315              		.thumb
 316              		.thumb_func
 318              	HAL_I2C_MspDeInit:
 319              	.LVL17:
 320              	.LFB134:
 120:Core/Src/i2c.c **** 
 121:Core/Src/i2c.c **** void HAL_I2C_MspDeInit(I2C_HandleTypeDef* i2cHandle)
 122:Core/Src/i2c.c **** {
 321              		.loc 1 122 1 view -0
 322              		.cfi_startproc
 323              		@ args = 0, pretend = 0, frame = 0
 324              		@ frame_needed = 0, uses_anonymous_args = 0
 325              		.loc 1 122 1 is_stmt 0 view .LVU94
 326 0000 08B5     		push	{r3, lr}
 327              	.LCFI5:
 328              		.cfi_def_cfa_offset 8
 329              		.cfi_offset 3, -8
 330              		.cfi_offset 14, -4
 123:Core/Src/i2c.c **** 
 124:Core/Src/i2c.c ****   if(i2cHandle->Instance==I2C4)
 331              		.loc 1 124 3 is_stmt 1 view .LVU95
 332              		.loc 1 124 15 is_stmt 0 view .LVU96
 333 0002 0268     		ldr	r2, [r0]
 334              		.loc 1 124 5 view .LVU97
 335 0004 084B     		ldr	r3, .L23
 336 0006 9A42     		cmp	r2, r3
 337 0008 00D0     		beq	.L22
 338              	.LVL18:
 339              	.L19:
 125:Core/Src/i2c.c ****   {
 126:Core/Src/i2c.c ****   /* USER CODE BEGIN I2C4_MspDeInit 0 */
 127:Core/Src/i2c.c **** 
 128:Core/Src/i2c.c ****   /* USER CODE END I2C4_MspDeInit 0 */
ARM GAS  C:\Users\SOROKO~1\AppData\Local\Temp\ccPWeTqY.s 			page 10


 129:Core/Src/i2c.c ****     /* Peripheral clock disable */
 130:Core/Src/i2c.c ****     __HAL_RCC_I2C4_CLK_DISABLE();
 131:Core/Src/i2c.c **** 
 132:Core/Src/i2c.c ****     /**I2C4 GPIO Configuration
 133:Core/Src/i2c.c ****     PC6     ------> I2C4_SCL
 134:Core/Src/i2c.c ****     PB7     ------> I2C4_SDA
 135:Core/Src/i2c.c ****     */
 136:Core/Src/i2c.c ****     HAL_GPIO_DeInit(GPIOC, GPIO_PIN_6);
 137:Core/Src/i2c.c **** 
 138:Core/Src/i2c.c ****     HAL_GPIO_DeInit(GPIOB, GPIO_PIN_7);
 139:Core/Src/i2c.c **** 
 140:Core/Src/i2c.c ****   /* USER CODE BEGIN I2C4_MspDeInit 1 */
 141:Core/Src/i2c.c **** 
 142:Core/Src/i2c.c ****   /* USER CODE END I2C4_MspDeInit 1 */
 143:Core/Src/i2c.c ****   }
 144:Core/Src/i2c.c **** }
 340              		.loc 1 144 1 view .LVU98
 341 000a 08BD     		pop	{r3, pc}
 342              	.LVL19:
 343              	.L22:
 130:Core/Src/i2c.c **** 
 344              		.loc 1 130 5 is_stmt 1 view .LVU99
 345 000c 074A     		ldr	r2, .L23+4
 346 000e D36D     		ldr	r3, [r2, #92]
 347 0010 23F00203 		bic	r3, r3, #2
 348 0014 D365     		str	r3, [r2, #92]
 136:Core/Src/i2c.c **** 
 349              		.loc 1 136 5 view .LVU100
 350 0016 4021     		movs	r1, #64
 351 0018 0548     		ldr	r0, .L23+8
 352              	.LVL20:
 136:Core/Src/i2c.c **** 
 353              		.loc 1 136 5 is_stmt 0 view .LVU101
 354 001a FFF7FEFF 		bl	HAL_GPIO_DeInit
 355              	.LVL21:
 138:Core/Src/i2c.c **** 
 356              		.loc 1 138 5 is_stmt 1 view .LVU102
 357 001e 8021     		movs	r1, #128
 358 0020 0448     		ldr	r0, .L23+12
 359 0022 FFF7FEFF 		bl	HAL_GPIO_DeInit
 360              	.LVL22:
 361              		.loc 1 144 1 is_stmt 0 view .LVU103
 362 0026 F0E7     		b	.L19
 363              	.L24:
 364              		.align	2
 365              	.L23:
 366 0028 00840040 		.word	1073775616
 367 002c 00100240 		.word	1073876992
 368 0030 00080048 		.word	1207961600
 369 0034 00040048 		.word	1207960576
 370              		.cfi_endproc
 371              	.LFE134:
 373              		.global	hi2c4
 374              		.section	.bss.hi2c4,"aw",%nobits
 375              		.align	2
 376              		.set	.LANCHOR0,. + 0
 379              	hi2c4:
ARM GAS  C:\Users\SOROKO~1\AppData\Local\Temp\ccPWeTqY.s 			page 11


 380 0000 00000000 		.space	76
 380      00000000 
 380      00000000 
 380      00000000 
 380      00000000 
 381              		.text
 382              	.Letext0:
 383              		.file 2 "C:\\ST\\STM32CubeIDE_1.9.0\\STM32CubeIDE\\plugins\\com.st.stm32cube.ide.mcu.externaltools
 384              		.file 3 "C:\\ST\\STM32CubeIDE_1.9.0\\STM32CubeIDE\\plugins\\com.st.stm32cube.ide.mcu.externaltools
 385              		.file 4 "Drivers/CMSIS/Device/ST/STM32G4xx/Include/stm32g474xx.h"
 386              		.file 5 "Drivers/STM32G4xx_HAL_Driver/Inc/stm32g4xx_hal_def.h"
 387              		.file 6 "Drivers/STM32G4xx_HAL_Driver/Inc/stm32g4xx_hal_rcc_ex.h"
 388              		.file 7 "Drivers/STM32G4xx_HAL_Driver/Inc/stm32g4xx_hal_gpio.h"
 389              		.file 8 "Drivers/STM32G4xx_HAL_Driver/Inc/stm32g4xx_hal_dma.h"
 390              		.file 9 "Drivers/STM32G4xx_HAL_Driver/Inc/stm32g4xx_hal_i2c.h"
 391              		.file 10 "Drivers/STM32G4xx_HAL_Driver/Inc/stm32g4xx_hal_i2c_ex.h"
 392              		.file 11 "Core/Inc/i2c.h"
 393              		.file 12 "Core/Inc/main.h"
 394              		.file 13 "<built-in>"
ARM GAS  C:\Users\SOROKO~1\AppData\Local\Temp\ccPWeTqY.s 			page 12


DEFINED SYMBOLS
                            *ABS*:0000000000000000 i2c.c
C:\Users\SOROKO~1\AppData\Local\Temp\ccPWeTqY.s:20     .text.MX_I2C4_Init:0000000000000000 $t
C:\Users\SOROKO~1\AppData\Local\Temp\ccPWeTqY.s:26     .text.MX_I2C4_Init:0000000000000000 MX_I2C4_Init
C:\Users\SOROKO~1\AppData\Local\Temp\ccPWeTqY.s:118    .text.MX_I2C4_Init:0000000000000058 $d
C:\Users\SOROKO~1\AppData\Local\Temp\ccPWeTqY.s:124    .text.HAL_I2C_MspInit:0000000000000000 $t
C:\Users\SOROKO~1\AppData\Local\Temp\ccPWeTqY.s:130    .text.HAL_I2C_MspInit:0000000000000000 HAL_I2C_MspInit
C:\Users\SOROKO~1\AppData\Local\Temp\ccPWeTqY.s:304    .text.HAL_I2C_MspInit:00000000000000a8 $d
C:\Users\SOROKO~1\AppData\Local\Temp\ccPWeTqY.s:312    .text.HAL_I2C_MspDeInit:0000000000000000 $t
C:\Users\SOROKO~1\AppData\Local\Temp\ccPWeTqY.s:318    .text.HAL_I2C_MspDeInit:0000000000000000 HAL_I2C_MspDeInit
C:\Users\SOROKO~1\AppData\Local\Temp\ccPWeTqY.s:366    .text.HAL_I2C_MspDeInit:0000000000000028 $d
C:\Users\SOROKO~1\AppData\Local\Temp\ccPWeTqY.s:379    .bss.hi2c4:0000000000000000 hi2c4
C:\Users\SOROKO~1\AppData\Local\Temp\ccPWeTqY.s:375    .bss.hi2c4:0000000000000000 $d

UNDEFINED SYMBOLS
HAL_I2C_Init
HAL_I2CEx_ConfigAnalogFilter
HAL_I2CEx_ConfigDigitalFilter
Error_Handler
memset
HAL_RCCEx_PeriphCLKConfig
HAL_GPIO_Init
HAL_GPIO_DeInit
