ARM GAS  C:\Users\VR\AppData\Local\Temp\ccDKFjKd.s 			page 1


   1              		.cpu cortex-m4
   2              		.arch armv7e-m
   3              		.fpu fpv4-sp-d16
   4              		.eabi_attribute 27, 1
   5              		.eabi_attribute 28, 1
   6              		.eabi_attribute 20, 1
   7              		.eabi_attribute 21, 1
   8              		.eabi_attribute 23, 3
   9              		.eabi_attribute 24, 1
  10              		.eabi_attribute 25, 1
  11              		.eabi_attribute 26, 1
  12              		.eabi_attribute 30, 1
  13              		.eabi_attribute 34, 1
  14              		.eabi_attribute 18, 4
  15              		.file	"iwdg.c"
  16              		.text
  17              	.Ltext0:
  18              		.cfi_sections	.debug_frame
  19              		.section	.text.MX_IWDG_Init,"ax",%progbits
  20              		.align	1
  21              		.global	MX_IWDG_Init
  22              		.syntax unified
  23              		.thumb
  24              		.thumb_func
  26              	MX_IWDG_Init:
  27              	.LFB132:
  28              		.file 1 "Core/Src/iwdg.c"
   1:Core/Src/iwdg.c **** /* USER CODE BEGIN Header */
   2:Core/Src/iwdg.c **** /**
   3:Core/Src/iwdg.c ****   ******************************************************************************
   4:Core/Src/iwdg.c ****   * @file    iwdg.c
   5:Core/Src/iwdg.c ****   * @brief   This file provides code for the configuration
   6:Core/Src/iwdg.c ****   *          of the IWDG instances.
   7:Core/Src/iwdg.c ****   ******************************************************************************
   8:Core/Src/iwdg.c ****   * @attention
   9:Core/Src/iwdg.c ****   *
  10:Core/Src/iwdg.c ****   * Copyright (c) 2023 STMicroelectronics.
  11:Core/Src/iwdg.c ****   * All rights reserved.
  12:Core/Src/iwdg.c ****   *
  13:Core/Src/iwdg.c ****   * This software is licensed under terms that can be found in the LICENSE file
  14:Core/Src/iwdg.c ****   * in the root directory of this software component.
  15:Core/Src/iwdg.c ****   * If no LICENSE file comes with this software, it is provided AS-IS.
  16:Core/Src/iwdg.c ****   *
  17:Core/Src/iwdg.c ****   ******************************************************************************
  18:Core/Src/iwdg.c ****   */
  19:Core/Src/iwdg.c **** /* USER CODE END Header */
  20:Core/Src/iwdg.c **** /* Includes ------------------------------------------------------------------*/
  21:Core/Src/iwdg.c **** #include "iwdg.h"
  22:Core/Src/iwdg.c **** 
  23:Core/Src/iwdg.c **** /* USER CODE BEGIN 0 */
  24:Core/Src/iwdg.c **** 
  25:Core/Src/iwdg.c **** /* USER CODE END 0 */
  26:Core/Src/iwdg.c **** 
  27:Core/Src/iwdg.c **** IWDG_HandleTypeDef hiwdg;
  28:Core/Src/iwdg.c **** 
  29:Core/Src/iwdg.c **** /* IWDG init function */
  30:Core/Src/iwdg.c **** void MX_IWDG_Init(void)
ARM GAS  C:\Users\VR\AppData\Local\Temp\ccDKFjKd.s 			page 2


  31:Core/Src/iwdg.c **** {
  29              		.loc 1 31 1 view -0
  30              		.cfi_startproc
  31              		@ args = 0, pretend = 0, frame = 0
  32              		@ frame_needed = 0, uses_anonymous_args = 0
  33 0000 08B5     		push	{r3, lr}
  34              	.LCFI0:
  35              		.cfi_def_cfa_offset 8
  36              		.cfi_offset 3, -8
  37              		.cfi_offset 14, -4
  32:Core/Src/iwdg.c **** 
  33:Core/Src/iwdg.c ****   /* USER CODE BEGIN IWDG_Init 0 */
  34:Core/Src/iwdg.c **** 
  35:Core/Src/iwdg.c ****   /* USER CODE END IWDG_Init 0 */
  36:Core/Src/iwdg.c **** 
  37:Core/Src/iwdg.c ****   /* USER CODE BEGIN IWDG_Init 1 */
  38:Core/Src/iwdg.c **** 
  39:Core/Src/iwdg.c ****   /* USER CODE END IWDG_Init 1 */
  40:Core/Src/iwdg.c ****   hiwdg.Instance = IWDG;
  38              		.loc 1 40 3 view .LVU1
  39              		.loc 1 40 18 is_stmt 0 view .LVU2
  40 0002 0848     		ldr	r0, .L5
  41 0004 084B     		ldr	r3, .L5+4
  42 0006 0360     		str	r3, [r0]
  41:Core/Src/iwdg.c ****   hiwdg.Init.Prescaler = IWDG_PRESCALER_32;
  43              		.loc 1 41 3 is_stmt 1 view .LVU3
  44              		.loc 1 41 24 is_stmt 0 view .LVU4
  45 0008 0323     		movs	r3, #3
  46 000a 4360     		str	r3, [r0, #4]
  42:Core/Src/iwdg.c ****   hiwdg.Init.Window = 4095;
  47              		.loc 1 42 3 is_stmt 1 view .LVU5
  48              		.loc 1 42 21 is_stmt 0 view .LVU6
  49 000c 40F6FF73 		movw	r3, #4095
  50 0010 C360     		str	r3, [r0, #12]
  43:Core/Src/iwdg.c ****   hiwdg.Init.Reload = 4095;
  51              		.loc 1 43 3 is_stmt 1 view .LVU7
  52              		.loc 1 43 21 is_stmt 0 view .LVU8
  53 0012 8360     		str	r3, [r0, #8]
  44:Core/Src/iwdg.c ****   if (HAL_IWDG_Init(&hiwdg) != HAL_OK)
  54              		.loc 1 44 3 is_stmt 1 view .LVU9
  55              		.loc 1 44 7 is_stmt 0 view .LVU10
  56 0014 FFF7FEFF 		bl	HAL_IWDG_Init
  57              	.LVL0:
  58              		.loc 1 44 6 view .LVU11
  59 0018 00B9     		cbnz	r0, .L4
  60              	.L1:
  45:Core/Src/iwdg.c ****   {
  46:Core/Src/iwdg.c ****     Error_Handler();
  47:Core/Src/iwdg.c ****   }
  48:Core/Src/iwdg.c ****   /* USER CODE BEGIN IWDG_Init 2 */
  49:Core/Src/iwdg.c **** 
  50:Core/Src/iwdg.c ****   /* USER CODE END IWDG_Init 2 */
  51:Core/Src/iwdg.c **** 
  52:Core/Src/iwdg.c **** }
  61              		.loc 1 52 1 view .LVU12
  62 001a 08BD     		pop	{r3, pc}
  63              	.L4:
ARM GAS  C:\Users\VR\AppData\Local\Temp\ccDKFjKd.s 			page 3


  46:Core/Src/iwdg.c ****   }
  64              		.loc 1 46 5 is_stmt 1 view .LVU13
  65 001c FFF7FEFF 		bl	Error_Handler
  66              	.LVL1:
  67              		.loc 1 52 1 is_stmt 0 view .LVU14
  68 0020 FBE7     		b	.L1
  69              	.L6:
  70 0022 00BF     		.align	2
  71              	.L5:
  72 0024 00000000 		.word	.LANCHOR0
  73 0028 00300040 		.word	1073754112
  74              		.cfi_endproc
  75              	.LFE132:
  77              		.global	hiwdg
  78              		.section	.bss.hiwdg,"aw",%nobits
  79              		.align	2
  80              		.set	.LANCHOR0,. + 0
  83              	hiwdg:
  84 0000 00000000 		.space	16
  84      00000000 
  84      00000000 
  84      00000000 
  85              		.text
  86              	.Letext0:
  87              		.file 2 "C:\\ST\\STM32CubeIDE_1.8.0\\STM32CubeIDE\\plugins\\com.st.stm32cube.ide.mcu.externaltools
  88              		.file 3 "C:\\ST\\STM32CubeIDE_1.8.0\\STM32CubeIDE\\plugins\\com.st.stm32cube.ide.mcu.externaltools
  89              		.file 4 "Drivers/CMSIS/Device/ST/STM32G4xx/Include/stm32g474xx.h"
  90              		.file 5 "Drivers/STM32G4xx_HAL_Driver/Inc/stm32g4xx_hal_def.h"
  91              		.file 6 "Drivers/STM32G4xx_HAL_Driver/Inc/stm32g4xx_hal_iwdg.h"
  92              		.file 7 "Core/Inc/iwdg.h"
  93              		.file 8 "Core/Inc/main.h"
ARM GAS  C:\Users\VR\AppData\Local\Temp\ccDKFjKd.s 			page 4


DEFINED SYMBOLS
                            *ABS*:0000000000000000 iwdg.c
C:\Users\VR\AppData\Local\Temp\ccDKFjKd.s:20     .text.MX_IWDG_Init:0000000000000000 $t
C:\Users\VR\AppData\Local\Temp\ccDKFjKd.s:26     .text.MX_IWDG_Init:0000000000000000 MX_IWDG_Init
C:\Users\VR\AppData\Local\Temp\ccDKFjKd.s:72     .text.MX_IWDG_Init:0000000000000024 $d
C:\Users\VR\AppData\Local\Temp\ccDKFjKd.s:83     .bss.hiwdg:0000000000000000 hiwdg
C:\Users\VR\AppData\Local\Temp\ccDKFjKd.s:79     .bss.hiwdg:0000000000000000 $d

UNDEFINED SYMBOLS
HAL_IWDG_Init
Error_Handler
