ARM GAS  C:\Users\SOROKO~1\AppData\Local\Temp\ccaVKvby.s 			page 1


   1              		.cpu cortex-m4
   2              		.arch armv7e-m
   3              		.fpu fpv4-sp-d16
   4              		.eabi_attribute 27, 1
   5              		.eabi_attribute 28, 1
   6              		.eabi_attribute 20, 1
   7              		.eabi_attribute 21, 1
   8              		.eabi_attribute 23, 3
   9              		.eabi_attribute 24, 1
  10              		.eabi_attribute 25, 1
  11              		.eabi_attribute 26, 1
  12              		.eabi_attribute 30, 1
  13              		.eabi_attribute 34, 1
  14              		.eabi_attribute 18, 4
  15              		.file	"stm32g4xx_hal_timebase_tim.c"
  16              		.text
  17              	.Ltext0:
  18              		.cfi_sections	.debug_frame
  19              		.section	.text.HAL_InitTick,"ax",%progbits
  20              		.align	1
  21              		.global	HAL_InitTick
  22              		.syntax unified
  23              		.thumb
  24              		.thumb_func
  26              	HAL_InitTick:
  27              	.LVL0:
  28              	.LFB132:
  29              		.file 1 "Core/Src/stm32g4xx_hal_timebase_tim.c"
   1:Core/Src/stm32g4xx_hal_timebase_tim.c **** /* USER CODE BEGIN Header */
   2:Core/Src/stm32g4xx_hal_timebase_tim.c **** /**
   3:Core/Src/stm32g4xx_hal_timebase_tim.c ****   ******************************************************************************
   4:Core/Src/stm32g4xx_hal_timebase_tim.c ****   * @file    stm32g4xx_hal_timebase_TIM.c
   5:Core/Src/stm32g4xx_hal_timebase_tim.c ****   * @brief   HAL time base based on the hardware TIM.
   6:Core/Src/stm32g4xx_hal_timebase_tim.c ****   ******************************************************************************
   7:Core/Src/stm32g4xx_hal_timebase_tim.c ****   * @attention
   8:Core/Src/stm32g4xx_hal_timebase_tim.c ****   *
   9:Core/Src/stm32g4xx_hal_timebase_tim.c ****   * Copyright (c) 2023 STMicroelectronics.
  10:Core/Src/stm32g4xx_hal_timebase_tim.c ****   * All rights reserved.
  11:Core/Src/stm32g4xx_hal_timebase_tim.c ****   *
  12:Core/Src/stm32g4xx_hal_timebase_tim.c ****   * This software is licensed under terms that can be found in the LICENSE file
  13:Core/Src/stm32g4xx_hal_timebase_tim.c ****   * in the root directory of this software component.
  14:Core/Src/stm32g4xx_hal_timebase_tim.c ****   * If no LICENSE file comes with this software, it is provided AS-IS.
  15:Core/Src/stm32g4xx_hal_timebase_tim.c ****   *
  16:Core/Src/stm32g4xx_hal_timebase_tim.c ****   ******************************************************************************
  17:Core/Src/stm32g4xx_hal_timebase_tim.c ****   */
  18:Core/Src/stm32g4xx_hal_timebase_tim.c **** /* USER CODE END Header */
  19:Core/Src/stm32g4xx_hal_timebase_tim.c **** 
  20:Core/Src/stm32g4xx_hal_timebase_tim.c **** /* Includes ------------------------------------------------------------------*/
  21:Core/Src/stm32g4xx_hal_timebase_tim.c **** #include "stm32g4xx_hal.h"
  22:Core/Src/stm32g4xx_hal_timebase_tim.c **** #include "stm32g4xx_hal_tim.h"
  23:Core/Src/stm32g4xx_hal_timebase_tim.c **** 
  24:Core/Src/stm32g4xx_hal_timebase_tim.c **** /* Private typedef -----------------------------------------------------------*/
  25:Core/Src/stm32g4xx_hal_timebase_tim.c **** /* Private define ------------------------------------------------------------*/
  26:Core/Src/stm32g4xx_hal_timebase_tim.c **** /* Private macro -------------------------------------------------------------*/
  27:Core/Src/stm32g4xx_hal_timebase_tim.c **** /* Private variables ---------------------------------------------------------*/
  28:Core/Src/stm32g4xx_hal_timebase_tim.c **** TIM_HandleTypeDef        htim1;
  29:Core/Src/stm32g4xx_hal_timebase_tim.c **** /* Private function prototypes -----------------------------------------------*/
ARM GAS  C:\Users\SOROKO~1\AppData\Local\Temp\ccaVKvby.s 			page 2


  30:Core/Src/stm32g4xx_hal_timebase_tim.c **** /* Private functions ---------------------------------------------------------*/
  31:Core/Src/stm32g4xx_hal_timebase_tim.c **** 
  32:Core/Src/stm32g4xx_hal_timebase_tim.c **** /**
  33:Core/Src/stm32g4xx_hal_timebase_tim.c ****   * @brief  This function configures the TIM1 as a time base source.
  34:Core/Src/stm32g4xx_hal_timebase_tim.c ****   *         The time source is configured  to have 1ms time base with a dedicated
  35:Core/Src/stm32g4xx_hal_timebase_tim.c ****   *         Tick interrupt priority.
  36:Core/Src/stm32g4xx_hal_timebase_tim.c ****   * @note   This function is called  automatically at the beginning of program after
  37:Core/Src/stm32g4xx_hal_timebase_tim.c ****   *         reset by HAL_Init() or at any time when clock is configured, by HAL_RCC_ClockConfig().
  38:Core/Src/stm32g4xx_hal_timebase_tim.c ****   * @param  TickPriority: Tick interrupt priority.
  39:Core/Src/stm32g4xx_hal_timebase_tim.c ****   * @retval HAL status
  40:Core/Src/stm32g4xx_hal_timebase_tim.c ****   */
  41:Core/Src/stm32g4xx_hal_timebase_tim.c **** HAL_StatusTypeDef HAL_InitTick(uint32_t TickPriority)
  42:Core/Src/stm32g4xx_hal_timebase_tim.c **** {
  30              		.loc 1 42 1 view -0
  31              		.cfi_startproc
  32              		@ args = 0, pretend = 0, frame = 32
  33              		@ frame_needed = 0, uses_anonymous_args = 0
  34              		.loc 1 42 1 is_stmt 0 view .LVU1
  35 0000 30B5     		push	{r4, r5, lr}
  36              	.LCFI0:
  37              		.cfi_def_cfa_offset 12
  38              		.cfi_offset 4, -12
  39              		.cfi_offset 5, -8
  40              		.cfi_offset 14, -4
  41 0002 89B0     		sub	sp, sp, #36
  42              	.LCFI1:
  43              		.cfi_def_cfa_offset 48
  44 0004 0446     		mov	r4, r0
  43:Core/Src/stm32g4xx_hal_timebase_tim.c ****   RCC_ClkInitTypeDef    clkconfig;
  45              		.loc 1 43 3 is_stmt 1 view .LVU2
  44:Core/Src/stm32g4xx_hal_timebase_tim.c ****   uint32_t              uwTimclock = 0;
  46              		.loc 1 44 3 view .LVU3
  47              	.LVL1:
  45:Core/Src/stm32g4xx_hal_timebase_tim.c ****   uint32_t              uwPrescalerValue = 0;
  48              		.loc 1 45 3 view .LVU4
  46:Core/Src/stm32g4xx_hal_timebase_tim.c ****   uint32_t              pFLatency;
  49              		.loc 1 46 3 view .LVU5
  47:Core/Src/stm32g4xx_hal_timebase_tim.c ****   HAL_StatusTypeDef     status;
  50              		.loc 1 47 3 view .LVU6
  48:Core/Src/stm32g4xx_hal_timebase_tim.c **** 
  49:Core/Src/stm32g4xx_hal_timebase_tim.c ****   /* Enable TIM1 clock */
  50:Core/Src/stm32g4xx_hal_timebase_tim.c ****   __HAL_RCC_TIM1_CLK_ENABLE();
  51              		.loc 1 50 3 view .LVU7
  52              	.LBB2:
  53              		.loc 1 50 3 view .LVU8
  54              		.loc 1 50 3 view .LVU9
  55 0006 1D4B     		ldr	r3, .L7
  56 0008 1A6E     		ldr	r2, [r3, #96]
  57 000a 42F40062 		orr	r2, r2, #2048
  58 000e 1A66     		str	r2, [r3, #96]
  59              		.loc 1 50 3 view .LVU10
  60 0010 1B6E     		ldr	r3, [r3, #96]
  61 0012 03F40063 		and	r3, r3, #2048
  62 0016 0193     		str	r3, [sp, #4]
  63              		.loc 1 50 3 view .LVU11
  64 0018 019B     		ldr	r3, [sp, #4]
  65              	.LBE2:
ARM GAS  C:\Users\SOROKO~1\AppData\Local\Temp\ccaVKvby.s 			page 3


  66              		.loc 1 50 3 view .LVU12
  51:Core/Src/stm32g4xx_hal_timebase_tim.c **** 
  52:Core/Src/stm32g4xx_hal_timebase_tim.c ****   /* Get clock configuration */
  53:Core/Src/stm32g4xx_hal_timebase_tim.c ****   HAL_RCC_GetClockConfig(&clkconfig, &pFLatency);
  67              		.loc 1 53 3 view .LVU13
  68 001a 02A9     		add	r1, sp, #8
  69 001c 03A8     		add	r0, sp, #12
  70              	.LVL2:
  71              		.loc 1 53 3 is_stmt 0 view .LVU14
  72 001e FFF7FEFF 		bl	HAL_RCC_GetClockConfig
  73              	.LVL3:
  54:Core/Src/stm32g4xx_hal_timebase_tim.c **** 
  55:Core/Src/stm32g4xx_hal_timebase_tim.c ****   /* Compute TIM1 clock */
  56:Core/Src/stm32g4xx_hal_timebase_tim.c ****   uwTimclock = HAL_RCC_GetPCLK2Freq();
  74              		.loc 1 56 3 is_stmt 1 view .LVU15
  75              		.loc 1 56 16 is_stmt 0 view .LVU16
  76 0022 FFF7FEFF 		bl	HAL_RCC_GetPCLK2Freq
  77              	.LVL4:
  57:Core/Src/stm32g4xx_hal_timebase_tim.c **** 
  58:Core/Src/stm32g4xx_hal_timebase_tim.c ****   /* Compute the prescaler value to have TIM1 counter clock equal to 1MHz */
  59:Core/Src/stm32g4xx_hal_timebase_tim.c ****   uwPrescalerValue = (uint32_t) ((uwTimclock / 1000000U) - 1U);
  78              		.loc 1 59 3 is_stmt 1 view .LVU17
  79              		.loc 1 59 46 is_stmt 0 view .LVU18
  80 0026 164A     		ldr	r2, .L7+4
  81 0028 A2FB0023 		umull	r2, r3, r2, r0
  82              	.LVL5:
  83              		.loc 1 59 46 view .LVU19
  84 002c 9B0C     		lsrs	r3, r3, #18
  85              		.loc 1 59 20 view .LVU20
  86 002e 013B     		subs	r3, r3, #1
  87              	.LVL6:
  60:Core/Src/stm32g4xx_hal_timebase_tim.c **** 
  61:Core/Src/stm32g4xx_hal_timebase_tim.c ****   /* Initialize TIM1 */
  62:Core/Src/stm32g4xx_hal_timebase_tim.c ****   htim1.Instance = TIM1;
  88              		.loc 1 62 3 is_stmt 1 view .LVU21
  89              		.loc 1 62 18 is_stmt 0 view .LVU22
  90 0030 1448     		ldr	r0, .L7+8
  91 0032 154A     		ldr	r2, .L7+12
  92 0034 0260     		str	r2, [r0]
  63:Core/Src/stm32g4xx_hal_timebase_tim.c **** 
  64:Core/Src/stm32g4xx_hal_timebase_tim.c ****   /* Initialize TIMx peripheral as follow:
  65:Core/Src/stm32g4xx_hal_timebase_tim.c **** 
  66:Core/Src/stm32g4xx_hal_timebase_tim.c ****   + Period = [(TIM1CLK/1000) - 1]. to have a (1/1000) s time base.
  67:Core/Src/stm32g4xx_hal_timebase_tim.c ****   + Prescaler = (uwTimclock/1000000 - 1) to have a 1MHz counter clock.
  68:Core/Src/stm32g4xx_hal_timebase_tim.c ****   + ClockDivision = 0
  69:Core/Src/stm32g4xx_hal_timebase_tim.c ****   + Counter direction = Up
  70:Core/Src/stm32g4xx_hal_timebase_tim.c ****   */
  71:Core/Src/stm32g4xx_hal_timebase_tim.c ****   htim1.Init.Period = (1000000U / 1000U) - 1U;
  93              		.loc 1 71 3 is_stmt 1 view .LVU23
  94              		.loc 1 71 21 is_stmt 0 view .LVU24
  95 0036 40F2E732 		movw	r2, #999
  96 003a C260     		str	r2, [r0, #12]
  72:Core/Src/stm32g4xx_hal_timebase_tim.c ****   htim1.Init.Prescaler = uwPrescalerValue;
  97              		.loc 1 72 3 is_stmt 1 view .LVU25
  98              		.loc 1 72 24 is_stmt 0 view .LVU26
  99 003c 4360     		str	r3, [r0, #4]
  73:Core/Src/stm32g4xx_hal_timebase_tim.c ****   htim1.Init.ClockDivision = 0;
ARM GAS  C:\Users\SOROKO~1\AppData\Local\Temp\ccaVKvby.s 			page 4


 100              		.loc 1 73 3 is_stmt 1 view .LVU27
 101              		.loc 1 73 28 is_stmt 0 view .LVU28
 102 003e 0023     		movs	r3, #0
 103              	.LVL7:
 104              		.loc 1 73 28 view .LVU29
 105 0040 0361     		str	r3, [r0, #16]
  74:Core/Src/stm32g4xx_hal_timebase_tim.c ****   htim1.Init.CounterMode = TIM_COUNTERMODE_UP;
 106              		.loc 1 74 3 is_stmt 1 view .LVU30
 107              		.loc 1 74 26 is_stmt 0 view .LVU31
 108 0042 8360     		str	r3, [r0, #8]
  75:Core/Src/stm32g4xx_hal_timebase_tim.c **** 
  76:Core/Src/stm32g4xx_hal_timebase_tim.c ****   status = HAL_TIM_Base_Init(&htim1);
 109              		.loc 1 76 3 is_stmt 1 view .LVU32
 110              		.loc 1 76 12 is_stmt 0 view .LVU33
 111 0044 FFF7FEFF 		bl	HAL_TIM_Base_Init
 112              	.LVL8:
  77:Core/Src/stm32g4xx_hal_timebase_tim.c ****   if (status == HAL_OK)
 113              		.loc 1 77 3 is_stmt 1 view .LVU34
 114              		.loc 1 77 6 is_stmt 0 view .LVU35
 115 0048 0546     		mov	r5, r0
 116 004a 10B1     		cbz	r0, .L5
 117              	.LVL9:
 118              	.L2:
  78:Core/Src/stm32g4xx_hal_timebase_tim.c ****   {
  79:Core/Src/stm32g4xx_hal_timebase_tim.c ****     /* Start the TIM time Base generation in interrupt mode */
  80:Core/Src/stm32g4xx_hal_timebase_tim.c ****     status = HAL_TIM_Base_Start_IT(&htim1);
  81:Core/Src/stm32g4xx_hal_timebase_tim.c ****     if (status == HAL_OK)
  82:Core/Src/stm32g4xx_hal_timebase_tim.c ****     {
  83:Core/Src/stm32g4xx_hal_timebase_tim.c ****     /* Enable the TIM1 global Interrupt */
  84:Core/Src/stm32g4xx_hal_timebase_tim.c ****         HAL_NVIC_EnableIRQ(TIM1_UP_TIM16_IRQn);
  85:Core/Src/stm32g4xx_hal_timebase_tim.c ****       /* Configure the SysTick IRQ priority */
  86:Core/Src/stm32g4xx_hal_timebase_tim.c ****       if (TickPriority < (1UL << __NVIC_PRIO_BITS))
  87:Core/Src/stm32g4xx_hal_timebase_tim.c ****       {
  88:Core/Src/stm32g4xx_hal_timebase_tim.c ****         /* Configure the TIM IRQ priority */
  89:Core/Src/stm32g4xx_hal_timebase_tim.c ****         HAL_NVIC_SetPriority(TIM1_UP_TIM16_IRQn, TickPriority, 0U);
  90:Core/Src/stm32g4xx_hal_timebase_tim.c ****         uwTickPrio = TickPriority;
  91:Core/Src/stm32g4xx_hal_timebase_tim.c ****       }
  92:Core/Src/stm32g4xx_hal_timebase_tim.c ****       else
  93:Core/Src/stm32g4xx_hal_timebase_tim.c ****       {
  94:Core/Src/stm32g4xx_hal_timebase_tim.c ****         status = HAL_ERROR;
  95:Core/Src/stm32g4xx_hal_timebase_tim.c ****       }
  96:Core/Src/stm32g4xx_hal_timebase_tim.c ****     }
  97:Core/Src/stm32g4xx_hal_timebase_tim.c ****   }
  98:Core/Src/stm32g4xx_hal_timebase_tim.c **** 
  99:Core/Src/stm32g4xx_hal_timebase_tim.c ****  /* Return function status */
 100:Core/Src/stm32g4xx_hal_timebase_tim.c ****   return status;
 119              		.loc 1 100 3 is_stmt 1 view .LVU36
 101:Core/Src/stm32g4xx_hal_timebase_tim.c **** }
 120              		.loc 1 101 1 is_stmt 0 view .LVU37
 121 004c 2846     		mov	r0, r5
 122 004e 09B0     		add	sp, sp, #36
 123              	.LCFI2:
 124              		.cfi_remember_state
 125              		.cfi_def_cfa_offset 12
 126              		@ sp needed
 127 0050 30BD     		pop	{r4, r5, pc}
 128              	.LVL10:
ARM GAS  C:\Users\SOROKO~1\AppData\Local\Temp\ccaVKvby.s 			page 5


 129              	.L5:
 130              	.LCFI3:
 131              		.cfi_restore_state
  80:Core/Src/stm32g4xx_hal_timebase_tim.c ****     if (status == HAL_OK)
 132              		.loc 1 80 5 is_stmt 1 view .LVU38
  80:Core/Src/stm32g4xx_hal_timebase_tim.c ****     if (status == HAL_OK)
 133              		.loc 1 80 14 is_stmt 0 view .LVU39
 134 0052 0C48     		ldr	r0, .L7+8
 135              	.LVL11:
  80:Core/Src/stm32g4xx_hal_timebase_tim.c ****     if (status == HAL_OK)
 136              		.loc 1 80 14 view .LVU40
 137 0054 FFF7FEFF 		bl	HAL_TIM_Base_Start_IT
 138              	.LVL12:
  81:Core/Src/stm32g4xx_hal_timebase_tim.c ****     {
 139              		.loc 1 81 5 is_stmt 1 view .LVU41
  81:Core/Src/stm32g4xx_hal_timebase_tim.c ****     {
 140              		.loc 1 81 8 is_stmt 0 view .LVU42
 141 0058 0546     		mov	r5, r0
 142 005a 0028     		cmp	r0, #0
 143 005c F6D1     		bne	.L2
  84:Core/Src/stm32g4xx_hal_timebase_tim.c ****       /* Configure the SysTick IRQ priority */
 144              		.loc 1 84 9 is_stmt 1 view .LVU43
 145 005e 1920     		movs	r0, #25
 146              	.LVL13:
  84:Core/Src/stm32g4xx_hal_timebase_tim.c ****       /* Configure the SysTick IRQ priority */
 147              		.loc 1 84 9 is_stmt 0 view .LVU44
 148 0060 FFF7FEFF 		bl	HAL_NVIC_EnableIRQ
 149              	.LVL14:
  86:Core/Src/stm32g4xx_hal_timebase_tim.c ****       {
 150              		.loc 1 86 7 is_stmt 1 view .LVU45
  86:Core/Src/stm32g4xx_hal_timebase_tim.c ****       {
 151              		.loc 1 86 10 is_stmt 0 view .LVU46
 152 0064 0F2C     		cmp	r4, #15
 153 0066 01D9     		bls	.L6
  94:Core/Src/stm32g4xx_hal_timebase_tim.c ****       }
 154              		.loc 1 94 16 view .LVU47
 155 0068 0125     		movs	r5, #1
 156 006a EFE7     		b	.L2
 157              	.L6:
  89:Core/Src/stm32g4xx_hal_timebase_tim.c ****         uwTickPrio = TickPriority;
 158              		.loc 1 89 9 is_stmt 1 view .LVU48
 159 006c 0022     		movs	r2, #0
 160 006e 2146     		mov	r1, r4
 161 0070 1920     		movs	r0, #25
 162 0072 FFF7FEFF 		bl	HAL_NVIC_SetPriority
 163              	.LVL15:
  90:Core/Src/stm32g4xx_hal_timebase_tim.c ****       }
 164              		.loc 1 90 9 view .LVU49
  90:Core/Src/stm32g4xx_hal_timebase_tim.c ****       }
 165              		.loc 1 90 20 is_stmt 0 view .LVU50
 166 0076 054B     		ldr	r3, .L7+16
 167 0078 1C60     		str	r4, [r3]
 168 007a E7E7     		b	.L2
 169              	.L8:
 170              		.align	2
 171              	.L7:
 172 007c 00100240 		.word	1073876992
ARM GAS  C:\Users\SOROKO~1\AppData\Local\Temp\ccaVKvby.s 			page 6


 173 0080 83DE1B43 		.word	1125899907
 174 0084 00000000 		.word	.LANCHOR0
 175 0088 002C0140 		.word	1073818624
 176 008c 00000000 		.word	uwTickPrio
 177              		.cfi_endproc
 178              	.LFE132:
 180              		.section	.text.HAL_SuspendTick,"ax",%progbits
 181              		.align	1
 182              		.global	HAL_SuspendTick
 183              		.syntax unified
 184              		.thumb
 185              		.thumb_func
 187              	HAL_SuspendTick:
 188              	.LFB133:
 102:Core/Src/stm32g4xx_hal_timebase_tim.c **** 
 103:Core/Src/stm32g4xx_hal_timebase_tim.c **** /**
 104:Core/Src/stm32g4xx_hal_timebase_tim.c ****   * @brief  Suspend Tick increment.
 105:Core/Src/stm32g4xx_hal_timebase_tim.c ****   * @note   Disable the tick increment by disabling TIM1 update interrupt.
 106:Core/Src/stm32g4xx_hal_timebase_tim.c ****   * @param  None
 107:Core/Src/stm32g4xx_hal_timebase_tim.c ****   * @retval None
 108:Core/Src/stm32g4xx_hal_timebase_tim.c ****   */
 109:Core/Src/stm32g4xx_hal_timebase_tim.c **** void HAL_SuspendTick(void)
 110:Core/Src/stm32g4xx_hal_timebase_tim.c **** {
 189              		.loc 1 110 1 is_stmt 1 view -0
 190              		.cfi_startproc
 191              		@ args = 0, pretend = 0, frame = 0
 192              		@ frame_needed = 0, uses_anonymous_args = 0
 193              		@ link register save eliminated.
 111:Core/Src/stm32g4xx_hal_timebase_tim.c ****   /* Disable TIM1 update Interrupt */
 112:Core/Src/stm32g4xx_hal_timebase_tim.c ****   __HAL_TIM_DISABLE_IT(&htim1, TIM_IT_UPDATE);
 194              		.loc 1 112 3 view .LVU52
 195 0000 034B     		ldr	r3, .L10
 196 0002 1A68     		ldr	r2, [r3]
 197 0004 D368     		ldr	r3, [r2, #12]
 198 0006 23F00103 		bic	r3, r3, #1
 199 000a D360     		str	r3, [r2, #12]
 113:Core/Src/stm32g4xx_hal_timebase_tim.c **** }
 200              		.loc 1 113 1 is_stmt 0 view .LVU53
 201 000c 7047     		bx	lr
 202              	.L11:
 203 000e 00BF     		.align	2
 204              	.L10:
 205 0010 00000000 		.word	.LANCHOR0
 206              		.cfi_endproc
 207              	.LFE133:
 209              		.section	.text.HAL_ResumeTick,"ax",%progbits
 210              		.align	1
 211              		.global	HAL_ResumeTick
 212              		.syntax unified
 213              		.thumb
 214              		.thumb_func
 216              	HAL_ResumeTick:
 217              	.LFB134:
 114:Core/Src/stm32g4xx_hal_timebase_tim.c **** 
 115:Core/Src/stm32g4xx_hal_timebase_tim.c **** /**
 116:Core/Src/stm32g4xx_hal_timebase_tim.c ****   * @brief  Resume Tick increment.
 117:Core/Src/stm32g4xx_hal_timebase_tim.c ****   * @note   Enable the tick increment by Enabling TIM1 update interrupt.
ARM GAS  C:\Users\SOROKO~1\AppData\Local\Temp\ccaVKvby.s 			page 7


 118:Core/Src/stm32g4xx_hal_timebase_tim.c ****   * @param  None
 119:Core/Src/stm32g4xx_hal_timebase_tim.c ****   * @retval None
 120:Core/Src/stm32g4xx_hal_timebase_tim.c ****   */
 121:Core/Src/stm32g4xx_hal_timebase_tim.c **** void HAL_ResumeTick(void)
 122:Core/Src/stm32g4xx_hal_timebase_tim.c **** {
 218              		.loc 1 122 1 is_stmt 1 view -0
 219              		.cfi_startproc
 220              		@ args = 0, pretend = 0, frame = 0
 221              		@ frame_needed = 0, uses_anonymous_args = 0
 222              		@ link register save eliminated.
 123:Core/Src/stm32g4xx_hal_timebase_tim.c ****   /* Enable TIM1 Update interrupt */
 124:Core/Src/stm32g4xx_hal_timebase_tim.c ****   __HAL_TIM_ENABLE_IT(&htim1, TIM_IT_UPDATE);
 223              		.loc 1 124 3 view .LVU55
 224 0000 034B     		ldr	r3, .L13
 225 0002 1A68     		ldr	r2, [r3]
 226 0004 D368     		ldr	r3, [r2, #12]
 227 0006 43F00103 		orr	r3, r3, #1
 228 000a D360     		str	r3, [r2, #12]
 125:Core/Src/stm32g4xx_hal_timebase_tim.c **** }
 229              		.loc 1 125 1 is_stmt 0 view .LVU56
 230 000c 7047     		bx	lr
 231              	.L14:
 232 000e 00BF     		.align	2
 233              	.L13:
 234 0010 00000000 		.word	.LANCHOR0
 235              		.cfi_endproc
 236              	.LFE134:
 238              		.global	htim1
 239              		.section	.bss.htim1,"aw",%nobits
 240              		.align	2
 241              		.set	.LANCHOR0,. + 0
 244              	htim1:
 245 0000 00000000 		.space	76
 245      00000000 
 245      00000000 
 245      00000000 
 245      00000000 
 246              		.text
 247              	.Letext0:
 248              		.file 2 "Drivers/CMSIS/Device/ST/STM32G4xx/Include/stm32g474xx.h"
 249              		.file 3 "C:\\ST\\STM32CubeIDE_1.9.0\\STM32CubeIDE\\plugins\\com.st.stm32cube.ide.mcu.externaltools
 250              		.file 4 "C:\\ST\\STM32CubeIDE_1.9.0\\STM32CubeIDE\\plugins\\com.st.stm32cube.ide.mcu.externaltools
 251              		.file 5 "Drivers/STM32G4xx_HAL_Driver/Inc/stm32g4xx_hal_def.h"
 252              		.file 6 "Drivers/STM32G4xx_HAL_Driver/Inc/stm32g4xx_hal_rcc.h"
 253              		.file 7 "Drivers/STM32G4xx_HAL_Driver/Inc/stm32g4xx_hal_dma.h"
 254              		.file 8 "Drivers/STM32G4xx_HAL_Driver/Inc/stm32g4xx_hal_tim.h"
 255              		.file 9 "Drivers/STM32G4xx_HAL_Driver/Inc/stm32g4xx_hal.h"
 256              		.file 10 "Drivers/STM32G4xx_HAL_Driver/Inc/stm32g4xx_hal_cortex.h"
ARM GAS  C:\Users\SOROKO~1\AppData\Local\Temp\ccaVKvby.s 			page 8


DEFINED SYMBOLS
                            *ABS*:0000000000000000 stm32g4xx_hal_timebase_tim.c
C:\Users\SOROKO~1\AppData\Local\Temp\ccaVKvby.s:20     .text.HAL_InitTick:0000000000000000 $t
C:\Users\SOROKO~1\AppData\Local\Temp\ccaVKvby.s:26     .text.HAL_InitTick:0000000000000000 HAL_InitTick
C:\Users\SOROKO~1\AppData\Local\Temp\ccaVKvby.s:172    .text.HAL_InitTick:000000000000007c $d
C:\Users\SOROKO~1\AppData\Local\Temp\ccaVKvby.s:181    .text.HAL_SuspendTick:0000000000000000 $t
C:\Users\SOROKO~1\AppData\Local\Temp\ccaVKvby.s:187    .text.HAL_SuspendTick:0000000000000000 HAL_SuspendTick
C:\Users\SOROKO~1\AppData\Local\Temp\ccaVKvby.s:205    .text.HAL_SuspendTick:0000000000000010 $d
C:\Users\SOROKO~1\AppData\Local\Temp\ccaVKvby.s:210    .text.HAL_ResumeTick:0000000000000000 $t
C:\Users\SOROKO~1\AppData\Local\Temp\ccaVKvby.s:216    .text.HAL_ResumeTick:0000000000000000 HAL_ResumeTick
C:\Users\SOROKO~1\AppData\Local\Temp\ccaVKvby.s:234    .text.HAL_ResumeTick:0000000000000010 $d
C:\Users\SOROKO~1\AppData\Local\Temp\ccaVKvby.s:244    .bss.htim1:0000000000000000 htim1
C:\Users\SOROKO~1\AppData\Local\Temp\ccaVKvby.s:240    .bss.htim1:0000000000000000 $d

UNDEFINED SYMBOLS
HAL_RCC_GetClockConfig
HAL_RCC_GetPCLK2Freq
HAL_TIM_Base_Init
HAL_TIM_Base_Start_IT
HAL_NVIC_EnableIRQ
HAL_NVIC_SetPriority
uwTickPrio
