ARM GAS  C:\Users\SOROKO~1\AppData\Local\Temp\ccTXiMDo.s 			page 1


   1              		.cpu cortex-m4
   2              		.arch armv7e-m
   3              		.fpu fpv4-sp-d16
   4              		.eabi_attribute 27, 1
   5              		.eabi_attribute 28, 1
   6              		.eabi_attribute 20, 1
   7              		.eabi_attribute 21, 1
   8              		.eabi_attribute 23, 3
   9              		.eabi_attribute 24, 1
  10              		.eabi_attribute 25, 1
  11              		.eabi_attribute 26, 1
  12              		.eabi_attribute 30, 1
  13              		.eabi_attribute 34, 1
  14              		.eabi_attribute 18, 4
  15              		.file	"tim.c"
  16              		.text
  17              	.Ltext0:
  18              		.cfi_sections	.debug_frame
  19              		.section	.text.MX_TIM8_Init,"ax",%progbits
  20              		.align	1
  21              		.global	MX_TIM8_Init
  22              		.syntax unified
  23              		.thumb
  24              		.thumb_func
  26              	MX_TIM8_Init:
  27              	.LFB132:
  28              		.file 1 "Core/Src/tim.c"
   1:Core/Src/tim.c **** /* USER CODE BEGIN Header */
   2:Core/Src/tim.c **** /**
   3:Core/Src/tim.c ****   ******************************************************************************
   4:Core/Src/tim.c ****   * @file    tim.c
   5:Core/Src/tim.c ****   * @brief   This file provides code for the configuration
   6:Core/Src/tim.c ****   *          of the TIM instances.
   7:Core/Src/tim.c ****   ******************************************************************************
   8:Core/Src/tim.c ****   * @attention
   9:Core/Src/tim.c ****   *
  10:Core/Src/tim.c ****   * Copyright (c) 2023 STMicroelectronics.
  11:Core/Src/tim.c ****   * All rights reserved.
  12:Core/Src/tim.c ****   *
  13:Core/Src/tim.c ****   * This software is licensed under terms that can be found in the LICENSE file
  14:Core/Src/tim.c ****   * in the root directory of this software component.
  15:Core/Src/tim.c ****   * If no LICENSE file comes with this software, it is provided AS-IS.
  16:Core/Src/tim.c ****   *
  17:Core/Src/tim.c ****   ******************************************************************************
  18:Core/Src/tim.c ****   */
  19:Core/Src/tim.c **** /* USER CODE END Header */
  20:Core/Src/tim.c **** /* Includes ------------------------------------------------------------------*/
  21:Core/Src/tim.c **** #include "tim.h"
  22:Core/Src/tim.c **** 
  23:Core/Src/tim.c **** /* USER CODE BEGIN 0 */
  24:Core/Src/tim.c **** 
  25:Core/Src/tim.c **** /* USER CODE END 0 */
  26:Core/Src/tim.c **** 
  27:Core/Src/tim.c **** TIM_HandleTypeDef htim8;
  28:Core/Src/tim.c **** 
  29:Core/Src/tim.c **** /* TIM8 init function */
  30:Core/Src/tim.c **** void MX_TIM8_Init(void)
ARM GAS  C:\Users\SOROKO~1\AppData\Local\Temp\ccTXiMDo.s 			page 2


  31:Core/Src/tim.c **** {
  29              		.loc 1 31 1 view -0
  30              		.cfi_startproc
  31              		@ args = 0, pretend = 0, frame = 48
  32              		@ frame_needed = 0, uses_anonymous_args = 0
  33 0000 00B5     		push	{lr}
  34              	.LCFI0:
  35              		.cfi_def_cfa_offset 4
  36              		.cfi_offset 14, -4
  37 0002 8DB0     		sub	sp, sp, #52
  38              	.LCFI1:
  39              		.cfi_def_cfa_offset 56
  32:Core/Src/tim.c **** 
  33:Core/Src/tim.c ****   /* USER CODE BEGIN TIM8_Init 0 */
  34:Core/Src/tim.c **** 
  35:Core/Src/tim.c ****   /* USER CODE END TIM8_Init 0 */
  36:Core/Src/tim.c **** 
  37:Core/Src/tim.c ****   TIM_Encoder_InitTypeDef sConfig = {0};
  40              		.loc 1 37 3 view .LVU1
  41              		.loc 1 37 27 is_stmt 0 view .LVU2
  42 0004 2422     		movs	r2, #36
  43 0006 0021     		movs	r1, #0
  44 0008 03A8     		add	r0, sp, #12
  45 000a FFF7FEFF 		bl	memset
  46              	.LVL0:
  38:Core/Src/tim.c ****   TIM_MasterConfigTypeDef sMasterConfig = {0};
  47              		.loc 1 38 3 is_stmt 1 view .LVU3
  48              		.loc 1 38 27 is_stmt 0 view .LVU4
  49 000e 0023     		movs	r3, #0
  50 0010 0093     		str	r3, [sp]
  51 0012 0193     		str	r3, [sp, #4]
  52 0014 0293     		str	r3, [sp, #8]
  39:Core/Src/tim.c **** 
  40:Core/Src/tim.c ****   /* USER CODE BEGIN TIM8_Init 1 */
  41:Core/Src/tim.c **** 
  42:Core/Src/tim.c ****   /* USER CODE END TIM8_Init 1 */
  43:Core/Src/tim.c ****   htim8.Instance = TIM8;
  53              		.loc 1 43 3 is_stmt 1 view .LVU5
  54              		.loc 1 43 18 is_stmt 0 view .LVU6
  55 0016 1248     		ldr	r0, .L7
  56 0018 124A     		ldr	r2, .L7+4
  57 001a 0260     		str	r2, [r0]
  44:Core/Src/tim.c ****   htim8.Init.Prescaler = 0;
  58              		.loc 1 44 3 is_stmt 1 view .LVU7
  59              		.loc 1 44 24 is_stmt 0 view .LVU8
  60 001c 4360     		str	r3, [r0, #4]
  45:Core/Src/tim.c ****   htim8.Init.CounterMode = TIM_COUNTERMODE_UP;
  61              		.loc 1 45 3 is_stmt 1 view .LVU9
  62              		.loc 1 45 26 is_stmt 0 view .LVU10
  63 001e 8360     		str	r3, [r0, #8]
  46:Core/Src/tim.c ****   htim8.Init.Period = 65535;
  64              		.loc 1 46 3 is_stmt 1 view .LVU11
  65              		.loc 1 46 21 is_stmt 0 view .LVU12
  66 0020 4FF6FF72 		movw	r2, #65535
  67 0024 C260     		str	r2, [r0, #12]
  47:Core/Src/tim.c ****   htim8.Init.ClockDivision = TIM_CLOCKDIVISION_DIV1;
  68              		.loc 1 47 3 is_stmt 1 view .LVU13
ARM GAS  C:\Users\SOROKO~1\AppData\Local\Temp\ccTXiMDo.s 			page 3


  69              		.loc 1 47 28 is_stmt 0 view .LVU14
  70 0026 0361     		str	r3, [r0, #16]
  48:Core/Src/tim.c ****   htim8.Init.RepetitionCounter = 0;
  71              		.loc 1 48 3 is_stmt 1 view .LVU15
  72              		.loc 1 48 32 is_stmt 0 view .LVU16
  73 0028 4361     		str	r3, [r0, #20]
  49:Core/Src/tim.c ****   htim8.Init.AutoReloadPreload = TIM_AUTORELOAD_PRELOAD_DISABLE;
  74              		.loc 1 49 3 is_stmt 1 view .LVU17
  75              		.loc 1 49 32 is_stmt 0 view .LVU18
  76 002a 8361     		str	r3, [r0, #24]
  50:Core/Src/tim.c ****   sConfig.EncoderMode = TIM_ENCODERMODE_TI1;
  77              		.loc 1 50 3 is_stmt 1 view .LVU19
  78              		.loc 1 50 23 is_stmt 0 view .LVU20
  79 002c 0123     		movs	r3, #1
  80 002e 0393     		str	r3, [sp, #12]
  51:Core/Src/tim.c ****   sConfig.IC1Polarity = TIM_ICPOLARITY_RISING;
  81              		.loc 1 51 3 is_stmt 1 view .LVU21
  52:Core/Src/tim.c ****   sConfig.IC1Selection = TIM_ICSELECTION_DIRECTTI;
  82              		.loc 1 52 3 view .LVU22
  83              		.loc 1 52 24 is_stmt 0 view .LVU23
  84 0030 0593     		str	r3, [sp, #20]
  53:Core/Src/tim.c ****   sConfig.IC1Prescaler = TIM_ICPSC_DIV1;
  85              		.loc 1 53 3 is_stmt 1 view .LVU24
  54:Core/Src/tim.c ****   sConfig.IC1Filter = 0;
  86              		.loc 1 54 3 view .LVU25
  55:Core/Src/tim.c ****   sConfig.IC2Polarity = TIM_ICPOLARITY_RISING;
  87              		.loc 1 55 3 view .LVU26
  56:Core/Src/tim.c ****   sConfig.IC2Selection = TIM_ICSELECTION_DIRECTTI;
  88              		.loc 1 56 3 view .LVU27
  89              		.loc 1 56 24 is_stmt 0 view .LVU28
  90 0032 0993     		str	r3, [sp, #36]
  57:Core/Src/tim.c ****   sConfig.IC2Prescaler = TIM_ICPSC_DIV1;
  91              		.loc 1 57 3 is_stmt 1 view .LVU29
  58:Core/Src/tim.c ****   sConfig.IC2Filter = 0;
  92              		.loc 1 58 3 view .LVU30
  59:Core/Src/tim.c ****   if (HAL_TIM_Encoder_Init(&htim8, &sConfig) != HAL_OK)
  93              		.loc 1 59 3 view .LVU31
  94              		.loc 1 59 7 is_stmt 0 view .LVU32
  95 0034 03A9     		add	r1, sp, #12
  96 0036 FFF7FEFF 		bl	HAL_TIM_Encoder_Init
  97              	.LVL1:
  98              		.loc 1 59 6 view .LVU33
  99 003a 58B9     		cbnz	r0, .L5
 100              	.L2:
  60:Core/Src/tim.c ****   {
  61:Core/Src/tim.c ****     Error_Handler();
  62:Core/Src/tim.c ****   }
  63:Core/Src/tim.c ****   sMasterConfig.MasterOutputTrigger = TIM_TRGO_RESET;
 101              		.loc 1 63 3 is_stmt 1 view .LVU34
 102              		.loc 1 63 37 is_stmt 0 view .LVU35
 103 003c 0023     		movs	r3, #0
 104 003e 0093     		str	r3, [sp]
  64:Core/Src/tim.c ****   sMasterConfig.MasterOutputTrigger2 = TIM_TRGO2_RESET;
 105              		.loc 1 64 3 is_stmt 1 view .LVU36
 106              		.loc 1 64 38 is_stmt 0 view .LVU37
 107 0040 0193     		str	r3, [sp, #4]
  65:Core/Src/tim.c ****   sMasterConfig.MasterSlaveMode = TIM_MASTERSLAVEMODE_DISABLE;
ARM GAS  C:\Users\SOROKO~1\AppData\Local\Temp\ccTXiMDo.s 			page 4


 108              		.loc 1 65 3 is_stmt 1 view .LVU38
 109              		.loc 1 65 33 is_stmt 0 view .LVU39
 110 0042 0293     		str	r3, [sp, #8]
  66:Core/Src/tim.c ****   if (HAL_TIMEx_MasterConfigSynchronization(&htim8, &sMasterConfig) != HAL_OK)
 111              		.loc 1 66 3 is_stmt 1 view .LVU40
 112              		.loc 1 66 7 is_stmt 0 view .LVU41
 113 0044 6946     		mov	r1, sp
 114 0046 0648     		ldr	r0, .L7
 115 0048 FFF7FEFF 		bl	HAL_TIMEx_MasterConfigSynchronization
 116              	.LVL2:
 117              		.loc 1 66 6 view .LVU42
 118 004c 28B9     		cbnz	r0, .L6
 119              	.L1:
  67:Core/Src/tim.c ****   {
  68:Core/Src/tim.c ****     Error_Handler();
  69:Core/Src/tim.c ****   }
  70:Core/Src/tim.c ****   /* USER CODE BEGIN TIM8_Init 2 */
  71:Core/Src/tim.c **** 
  72:Core/Src/tim.c ****   /* USER CODE END TIM8_Init 2 */
  73:Core/Src/tim.c **** 
  74:Core/Src/tim.c **** }
 120              		.loc 1 74 1 view .LVU43
 121 004e 0DB0     		add	sp, sp, #52
 122              	.LCFI2:
 123              		.cfi_remember_state
 124              		.cfi_def_cfa_offset 4
 125              		@ sp needed
 126 0050 5DF804FB 		ldr	pc, [sp], #4
 127              	.L5:
 128              	.LCFI3:
 129              		.cfi_restore_state
  61:Core/Src/tim.c ****   }
 130              		.loc 1 61 5 is_stmt 1 view .LVU44
 131 0054 FFF7FEFF 		bl	Error_Handler
 132              	.LVL3:
 133 0058 F0E7     		b	.L2
 134              	.L6:
  68:Core/Src/tim.c ****   }
 135              		.loc 1 68 5 view .LVU45
 136 005a FFF7FEFF 		bl	Error_Handler
 137              	.LVL4:
 138              		.loc 1 74 1 is_stmt 0 view .LVU46
 139 005e F6E7     		b	.L1
 140              	.L8:
 141              		.align	2
 142              	.L7:
 143 0060 00000000 		.word	.LANCHOR0
 144 0064 00340140 		.word	1073820672
 145              		.cfi_endproc
 146              	.LFE132:
 148              		.section	.text.HAL_TIM_Encoder_MspInit,"ax",%progbits
 149              		.align	1
 150              		.global	HAL_TIM_Encoder_MspInit
 151              		.syntax unified
 152              		.thumb
 153              		.thumb_func
 155              	HAL_TIM_Encoder_MspInit:
ARM GAS  C:\Users\SOROKO~1\AppData\Local\Temp\ccTXiMDo.s 			page 5


 156              	.LVL5:
 157              	.LFB133:
  75:Core/Src/tim.c **** 
  76:Core/Src/tim.c **** void HAL_TIM_Encoder_MspInit(TIM_HandleTypeDef* tim_encoderHandle)
  77:Core/Src/tim.c **** {
 158              		.loc 1 77 1 is_stmt 1 view -0
 159              		.cfi_startproc
 160              		@ args = 0, pretend = 0, frame = 32
 161              		@ frame_needed = 0, uses_anonymous_args = 0
 162              		.loc 1 77 1 is_stmt 0 view .LVU48
 163 0000 10B5     		push	{r4, lr}
 164              	.LCFI4:
 165              		.cfi_def_cfa_offset 8
 166              		.cfi_offset 4, -8
 167              		.cfi_offset 14, -4
 168 0002 88B0     		sub	sp, sp, #32
 169              	.LCFI5:
 170              		.cfi_def_cfa_offset 40
  78:Core/Src/tim.c **** 
  79:Core/Src/tim.c ****   GPIO_InitTypeDef GPIO_InitStruct = {0};
 171              		.loc 1 79 3 is_stmt 1 view .LVU49
 172              		.loc 1 79 20 is_stmt 0 view .LVU50
 173 0004 0023     		movs	r3, #0
 174 0006 0393     		str	r3, [sp, #12]
 175 0008 0493     		str	r3, [sp, #16]
 176 000a 0593     		str	r3, [sp, #20]
 177 000c 0693     		str	r3, [sp, #24]
 178 000e 0793     		str	r3, [sp, #28]
  80:Core/Src/tim.c ****   if(tim_encoderHandle->Instance==TIM8)
 179              		.loc 1 80 3 is_stmt 1 view .LVU51
 180              		.loc 1 80 23 is_stmt 0 view .LVU52
 181 0010 0268     		ldr	r2, [r0]
 182              		.loc 1 80 5 view .LVU53
 183 0012 1C4B     		ldr	r3, .L13
 184 0014 9A42     		cmp	r2, r3
 185 0016 01D0     		beq	.L12
 186              	.LVL6:
 187              	.L9:
  81:Core/Src/tim.c ****   {
  82:Core/Src/tim.c ****   /* USER CODE BEGIN TIM8_MspInit 0 */
  83:Core/Src/tim.c **** 
  84:Core/Src/tim.c ****   /* USER CODE END TIM8_MspInit 0 */
  85:Core/Src/tim.c ****     /* TIM8 clock enable */
  86:Core/Src/tim.c ****     __HAL_RCC_TIM8_CLK_ENABLE();
  87:Core/Src/tim.c **** 
  88:Core/Src/tim.c ****     __HAL_RCC_GPIOC_CLK_ENABLE();
  89:Core/Src/tim.c ****     __HAL_RCC_GPIOB_CLK_ENABLE();
  90:Core/Src/tim.c ****     /**TIM8 GPIO Configuration
  91:Core/Src/tim.c ****     PC7     ------> TIM8_CH2
  92:Core/Src/tim.c ****     PB6     ------> TIM8_CH1
  93:Core/Src/tim.c ****     */
  94:Core/Src/tim.c ****     GPIO_InitStruct.Pin = GPIO_PIN_7;
  95:Core/Src/tim.c ****     GPIO_InitStruct.Mode = GPIO_MODE_AF_PP;
  96:Core/Src/tim.c ****     GPIO_InitStruct.Pull = GPIO_NOPULL;
  97:Core/Src/tim.c ****     GPIO_InitStruct.Speed = GPIO_SPEED_FREQ_LOW;
  98:Core/Src/tim.c ****     GPIO_InitStruct.Alternate = GPIO_AF4_TIM8;
  99:Core/Src/tim.c ****     HAL_GPIO_Init(GPIOC, &GPIO_InitStruct);
ARM GAS  C:\Users\SOROKO~1\AppData\Local\Temp\ccTXiMDo.s 			page 6


 100:Core/Src/tim.c **** 
 101:Core/Src/tim.c ****     GPIO_InitStruct.Pin = GPIO_PIN_6;
 102:Core/Src/tim.c ****     GPIO_InitStruct.Mode = GPIO_MODE_AF_PP;
 103:Core/Src/tim.c ****     GPIO_InitStruct.Pull = GPIO_NOPULL;
 104:Core/Src/tim.c ****     GPIO_InitStruct.Speed = GPIO_SPEED_FREQ_LOW;
 105:Core/Src/tim.c ****     GPIO_InitStruct.Alternate = GPIO_AF5_TIM8;
 106:Core/Src/tim.c ****     HAL_GPIO_Init(GPIOB, &GPIO_InitStruct);
 107:Core/Src/tim.c **** 
 108:Core/Src/tim.c ****   /* USER CODE BEGIN TIM8_MspInit 1 */
 109:Core/Src/tim.c **** 
 110:Core/Src/tim.c ****   /* USER CODE END TIM8_MspInit 1 */
 111:Core/Src/tim.c ****   }
 112:Core/Src/tim.c **** }
 188              		.loc 1 112 1 view .LVU54
 189 0018 08B0     		add	sp, sp, #32
 190              	.LCFI6:
 191              		.cfi_remember_state
 192              		.cfi_def_cfa_offset 8
 193              		@ sp needed
 194 001a 10BD     		pop	{r4, pc}
 195              	.LVL7:
 196              	.L12:
 197              	.LCFI7:
 198              		.cfi_restore_state
  86:Core/Src/tim.c **** 
 199              		.loc 1 86 5 is_stmt 1 view .LVU55
 200              	.LBB2:
  86:Core/Src/tim.c **** 
 201              		.loc 1 86 5 view .LVU56
  86:Core/Src/tim.c **** 
 202              		.loc 1 86 5 view .LVU57
 203 001c 03F55C43 		add	r3, r3, #56320
 204 0020 1A6E     		ldr	r2, [r3, #96]
 205 0022 42F40052 		orr	r2, r2, #8192
 206 0026 1A66     		str	r2, [r3, #96]
  86:Core/Src/tim.c **** 
 207              		.loc 1 86 5 view .LVU58
 208 0028 1A6E     		ldr	r2, [r3, #96]
 209 002a 02F40052 		and	r2, r2, #8192
 210 002e 0092     		str	r2, [sp]
  86:Core/Src/tim.c **** 
 211              		.loc 1 86 5 view .LVU59
 212 0030 009A     		ldr	r2, [sp]
 213              	.LBE2:
  86:Core/Src/tim.c **** 
 214              		.loc 1 86 5 view .LVU60
  88:Core/Src/tim.c ****     __HAL_RCC_GPIOB_CLK_ENABLE();
 215              		.loc 1 88 5 view .LVU61
 216              	.LBB3:
  88:Core/Src/tim.c ****     __HAL_RCC_GPIOB_CLK_ENABLE();
 217              		.loc 1 88 5 view .LVU62
  88:Core/Src/tim.c ****     __HAL_RCC_GPIOB_CLK_ENABLE();
 218              		.loc 1 88 5 view .LVU63
 219 0032 DA6C     		ldr	r2, [r3, #76]
 220 0034 42F00402 		orr	r2, r2, #4
 221 0038 DA64     		str	r2, [r3, #76]
  88:Core/Src/tim.c ****     __HAL_RCC_GPIOB_CLK_ENABLE();
ARM GAS  C:\Users\SOROKO~1\AppData\Local\Temp\ccTXiMDo.s 			page 7


 222              		.loc 1 88 5 view .LVU64
 223 003a DA6C     		ldr	r2, [r3, #76]
 224 003c 02F00402 		and	r2, r2, #4
 225 0040 0192     		str	r2, [sp, #4]
  88:Core/Src/tim.c ****     __HAL_RCC_GPIOB_CLK_ENABLE();
 226              		.loc 1 88 5 view .LVU65
 227 0042 019A     		ldr	r2, [sp, #4]
 228              	.LBE3:
  88:Core/Src/tim.c ****     __HAL_RCC_GPIOB_CLK_ENABLE();
 229              		.loc 1 88 5 view .LVU66
  89:Core/Src/tim.c ****     /**TIM8 GPIO Configuration
 230              		.loc 1 89 5 view .LVU67
 231              	.LBB4:
  89:Core/Src/tim.c ****     /**TIM8 GPIO Configuration
 232              		.loc 1 89 5 view .LVU68
  89:Core/Src/tim.c ****     /**TIM8 GPIO Configuration
 233              		.loc 1 89 5 view .LVU69
 234 0044 DA6C     		ldr	r2, [r3, #76]
 235 0046 42F00202 		orr	r2, r2, #2
 236 004a DA64     		str	r2, [r3, #76]
  89:Core/Src/tim.c ****     /**TIM8 GPIO Configuration
 237              		.loc 1 89 5 view .LVU70
 238 004c DB6C     		ldr	r3, [r3, #76]
 239 004e 03F00203 		and	r3, r3, #2
 240 0052 0293     		str	r3, [sp, #8]
  89:Core/Src/tim.c ****     /**TIM8 GPIO Configuration
 241              		.loc 1 89 5 view .LVU71
 242 0054 029B     		ldr	r3, [sp, #8]
 243              	.LBE4:
  89:Core/Src/tim.c ****     /**TIM8 GPIO Configuration
 244              		.loc 1 89 5 view .LVU72
  94:Core/Src/tim.c ****     GPIO_InitStruct.Mode = GPIO_MODE_AF_PP;
 245              		.loc 1 94 5 view .LVU73
  94:Core/Src/tim.c ****     GPIO_InitStruct.Mode = GPIO_MODE_AF_PP;
 246              		.loc 1 94 25 is_stmt 0 view .LVU74
 247 0056 8023     		movs	r3, #128
 248 0058 0393     		str	r3, [sp, #12]
  95:Core/Src/tim.c ****     GPIO_InitStruct.Pull = GPIO_NOPULL;
 249              		.loc 1 95 5 is_stmt 1 view .LVU75
  95:Core/Src/tim.c ****     GPIO_InitStruct.Pull = GPIO_NOPULL;
 250              		.loc 1 95 26 is_stmt 0 view .LVU76
 251 005a 0224     		movs	r4, #2
 252 005c 0494     		str	r4, [sp, #16]
  96:Core/Src/tim.c ****     GPIO_InitStruct.Speed = GPIO_SPEED_FREQ_LOW;
 253              		.loc 1 96 5 is_stmt 1 view .LVU77
  97:Core/Src/tim.c ****     GPIO_InitStruct.Alternate = GPIO_AF4_TIM8;
 254              		.loc 1 97 5 view .LVU78
  98:Core/Src/tim.c ****     HAL_GPIO_Init(GPIOC, &GPIO_InitStruct);
 255              		.loc 1 98 5 view .LVU79
  98:Core/Src/tim.c ****     HAL_GPIO_Init(GPIOC, &GPIO_InitStruct);
 256              		.loc 1 98 31 is_stmt 0 view .LVU80
 257 005e 0423     		movs	r3, #4
 258 0060 0793     		str	r3, [sp, #28]
  99:Core/Src/tim.c **** 
 259              		.loc 1 99 5 is_stmt 1 view .LVU81
 260 0062 03A9     		add	r1, sp, #12
 261 0064 0848     		ldr	r0, .L13+4
ARM GAS  C:\Users\SOROKO~1\AppData\Local\Temp\ccTXiMDo.s 			page 8


 262              	.LVL8:
  99:Core/Src/tim.c **** 
 263              		.loc 1 99 5 is_stmt 0 view .LVU82
 264 0066 FFF7FEFF 		bl	HAL_GPIO_Init
 265              	.LVL9:
 101:Core/Src/tim.c ****     GPIO_InitStruct.Mode = GPIO_MODE_AF_PP;
 266              		.loc 1 101 5 is_stmt 1 view .LVU83
 101:Core/Src/tim.c ****     GPIO_InitStruct.Mode = GPIO_MODE_AF_PP;
 267              		.loc 1 101 25 is_stmt 0 view .LVU84
 268 006a 4023     		movs	r3, #64
 269 006c 0393     		str	r3, [sp, #12]
 102:Core/Src/tim.c ****     GPIO_InitStruct.Pull = GPIO_NOPULL;
 270              		.loc 1 102 5 is_stmt 1 view .LVU85
 102:Core/Src/tim.c ****     GPIO_InitStruct.Pull = GPIO_NOPULL;
 271              		.loc 1 102 26 is_stmt 0 view .LVU86
 272 006e 0494     		str	r4, [sp, #16]
 103:Core/Src/tim.c ****     GPIO_InitStruct.Speed = GPIO_SPEED_FREQ_LOW;
 273              		.loc 1 103 5 is_stmt 1 view .LVU87
 103:Core/Src/tim.c ****     GPIO_InitStruct.Speed = GPIO_SPEED_FREQ_LOW;
 274              		.loc 1 103 26 is_stmt 0 view .LVU88
 275 0070 0023     		movs	r3, #0
 276 0072 0593     		str	r3, [sp, #20]
 104:Core/Src/tim.c ****     GPIO_InitStruct.Alternate = GPIO_AF5_TIM8;
 277              		.loc 1 104 5 is_stmt 1 view .LVU89
 104:Core/Src/tim.c ****     GPIO_InitStruct.Alternate = GPIO_AF5_TIM8;
 278              		.loc 1 104 27 is_stmt 0 view .LVU90
 279 0074 0693     		str	r3, [sp, #24]
 105:Core/Src/tim.c ****     HAL_GPIO_Init(GPIOB, &GPIO_InitStruct);
 280              		.loc 1 105 5 is_stmt 1 view .LVU91
 105:Core/Src/tim.c ****     HAL_GPIO_Init(GPIOB, &GPIO_InitStruct);
 281              		.loc 1 105 31 is_stmt 0 view .LVU92
 282 0076 0523     		movs	r3, #5
 283 0078 0793     		str	r3, [sp, #28]
 106:Core/Src/tim.c **** 
 284              		.loc 1 106 5 is_stmt 1 view .LVU93
 285 007a 03A9     		add	r1, sp, #12
 286 007c 0348     		ldr	r0, .L13+8
 287 007e FFF7FEFF 		bl	HAL_GPIO_Init
 288              	.LVL10:
 289              		.loc 1 112 1 is_stmt 0 view .LVU94
 290 0082 C9E7     		b	.L9
 291              	.L14:
 292              		.align	2
 293              	.L13:
 294 0084 00340140 		.word	1073820672
 295 0088 00080048 		.word	1207961600
 296 008c 00040048 		.word	1207960576
 297              		.cfi_endproc
 298              	.LFE133:
 300              		.section	.text.HAL_TIM_Encoder_MspDeInit,"ax",%progbits
 301              		.align	1
 302              		.global	HAL_TIM_Encoder_MspDeInit
 303              		.syntax unified
 304              		.thumb
 305              		.thumb_func
 307              	HAL_TIM_Encoder_MspDeInit:
 308              	.LVL11:
ARM GAS  C:\Users\SOROKO~1\AppData\Local\Temp\ccTXiMDo.s 			page 9


 309              	.LFB134:
 113:Core/Src/tim.c **** 
 114:Core/Src/tim.c **** void HAL_TIM_Encoder_MspDeInit(TIM_HandleTypeDef* tim_encoderHandle)
 115:Core/Src/tim.c **** {
 310              		.loc 1 115 1 is_stmt 1 view -0
 311              		.cfi_startproc
 312              		@ args = 0, pretend = 0, frame = 0
 313              		@ frame_needed = 0, uses_anonymous_args = 0
 314              		.loc 1 115 1 is_stmt 0 view .LVU96
 315 0000 08B5     		push	{r3, lr}
 316              	.LCFI8:
 317              		.cfi_def_cfa_offset 8
 318              		.cfi_offset 3, -8
 319              		.cfi_offset 14, -4
 116:Core/Src/tim.c **** 
 117:Core/Src/tim.c ****   if(tim_encoderHandle->Instance==TIM8)
 320              		.loc 1 117 3 is_stmt 1 view .LVU97
 321              		.loc 1 117 23 is_stmt 0 view .LVU98
 322 0002 0268     		ldr	r2, [r0]
 323              		.loc 1 117 5 view .LVU99
 324 0004 084B     		ldr	r3, .L19
 325 0006 9A42     		cmp	r2, r3
 326 0008 00D0     		beq	.L18
 327              	.LVL12:
 328              	.L15:
 118:Core/Src/tim.c ****   {
 119:Core/Src/tim.c ****   /* USER CODE BEGIN TIM8_MspDeInit 0 */
 120:Core/Src/tim.c **** 
 121:Core/Src/tim.c ****   /* USER CODE END TIM8_MspDeInit 0 */
 122:Core/Src/tim.c ****     /* Peripheral clock disable */
 123:Core/Src/tim.c ****     __HAL_RCC_TIM8_CLK_DISABLE();
 124:Core/Src/tim.c **** 
 125:Core/Src/tim.c ****     /**TIM8 GPIO Configuration
 126:Core/Src/tim.c ****     PC7     ------> TIM8_CH2
 127:Core/Src/tim.c ****     PB6     ------> TIM8_CH1
 128:Core/Src/tim.c ****     */
 129:Core/Src/tim.c ****     HAL_GPIO_DeInit(GPIOC, GPIO_PIN_7);
 130:Core/Src/tim.c **** 
 131:Core/Src/tim.c ****     HAL_GPIO_DeInit(GPIOB, GPIO_PIN_6);
 132:Core/Src/tim.c **** 
 133:Core/Src/tim.c ****   /* USER CODE BEGIN TIM8_MspDeInit 1 */
 134:Core/Src/tim.c **** 
 135:Core/Src/tim.c ****   /* USER CODE END TIM8_MspDeInit 1 */
 136:Core/Src/tim.c ****   }
 137:Core/Src/tim.c **** }
 329              		.loc 1 137 1 view .LVU100
 330 000a 08BD     		pop	{r3, pc}
 331              	.LVL13:
 332              	.L18:
 123:Core/Src/tim.c **** 
 333              		.loc 1 123 5 is_stmt 1 view .LVU101
 334 000c 074A     		ldr	r2, .L19+4
 335 000e 136E     		ldr	r3, [r2, #96]
 336 0010 23F40053 		bic	r3, r3, #8192
 337 0014 1366     		str	r3, [r2, #96]
 129:Core/Src/tim.c **** 
 338              		.loc 1 129 5 view .LVU102
ARM GAS  C:\Users\SOROKO~1\AppData\Local\Temp\ccTXiMDo.s 			page 10


 339 0016 8021     		movs	r1, #128
 340 0018 0548     		ldr	r0, .L19+8
 341              	.LVL14:
 129:Core/Src/tim.c **** 
 342              		.loc 1 129 5 is_stmt 0 view .LVU103
 343 001a FFF7FEFF 		bl	HAL_GPIO_DeInit
 344              	.LVL15:
 131:Core/Src/tim.c **** 
 345              		.loc 1 131 5 is_stmt 1 view .LVU104
 346 001e 4021     		movs	r1, #64
 347 0020 0448     		ldr	r0, .L19+12
 348 0022 FFF7FEFF 		bl	HAL_GPIO_DeInit
 349              	.LVL16:
 350              		.loc 1 137 1 is_stmt 0 view .LVU105
 351 0026 F0E7     		b	.L15
 352              	.L20:
 353              		.align	2
 354              	.L19:
 355 0028 00340140 		.word	1073820672
 356 002c 00100240 		.word	1073876992
 357 0030 00080048 		.word	1207961600
 358 0034 00040048 		.word	1207960576
 359              		.cfi_endproc
 360              	.LFE134:
 362              		.global	htim8
 363              		.section	.bss.htim8,"aw",%nobits
 364              		.align	2
 365              		.set	.LANCHOR0,. + 0
 368              	htim8:
 369 0000 00000000 		.space	76
 369      00000000 
 369      00000000 
 369      00000000 
 369      00000000 
 370              		.text
 371              	.Letext0:
 372              		.file 2 "C:\\ST\\STM32CubeIDE_1.9.0\\STM32CubeIDE\\plugins\\com.st.stm32cube.ide.mcu.externaltools
 373              		.file 3 "C:\\ST\\STM32CubeIDE_1.9.0\\STM32CubeIDE\\plugins\\com.st.stm32cube.ide.mcu.externaltools
 374              		.file 4 "Drivers/CMSIS/Device/ST/STM32G4xx/Include/stm32g474xx.h"
 375              		.file 5 "Drivers/STM32G4xx_HAL_Driver/Inc/stm32g4xx_hal_def.h"
 376              		.file 6 "Drivers/STM32G4xx_HAL_Driver/Inc/stm32g4xx_hal_gpio.h"
 377              		.file 7 "Drivers/STM32G4xx_HAL_Driver/Inc/stm32g4xx_hal_dma.h"
 378              		.file 8 "Drivers/STM32G4xx_HAL_Driver/Inc/stm32g4xx_hal_tim.h"
 379              		.file 9 "Drivers/STM32G4xx_HAL_Driver/Inc/stm32g4xx_hal_tim_ex.h"
 380              		.file 10 "Core/Inc/tim.h"
 381              		.file 11 "Core/Inc/main.h"
 382              		.file 12 "<built-in>"
ARM GAS  C:\Users\SOROKO~1\AppData\Local\Temp\ccTXiMDo.s 			page 11


DEFINED SYMBOLS
                            *ABS*:0000000000000000 tim.c
C:\Users\SOROKO~1\AppData\Local\Temp\ccTXiMDo.s:20     .text.MX_TIM8_Init:0000000000000000 $t
C:\Users\SOROKO~1\AppData\Local\Temp\ccTXiMDo.s:26     .text.MX_TIM8_Init:0000000000000000 MX_TIM8_Init
C:\Users\SOROKO~1\AppData\Local\Temp\ccTXiMDo.s:143    .text.MX_TIM8_Init:0000000000000060 $d
C:\Users\SOROKO~1\AppData\Local\Temp\ccTXiMDo.s:149    .text.HAL_TIM_Encoder_MspInit:0000000000000000 $t
C:\Users\SOROKO~1\AppData\Local\Temp\ccTXiMDo.s:155    .text.HAL_TIM_Encoder_MspInit:0000000000000000 HAL_TIM_Encoder_MspInit
C:\Users\SOROKO~1\AppData\Local\Temp\ccTXiMDo.s:294    .text.HAL_TIM_Encoder_MspInit:0000000000000084 $d
C:\Users\SOROKO~1\AppData\Local\Temp\ccTXiMDo.s:301    .text.HAL_TIM_Encoder_MspDeInit:0000000000000000 $t
C:\Users\SOROKO~1\AppData\Local\Temp\ccTXiMDo.s:307    .text.HAL_TIM_Encoder_MspDeInit:0000000000000000 HAL_TIM_Encoder_MspDeInit
C:\Users\SOROKO~1\AppData\Local\Temp\ccTXiMDo.s:355    .text.HAL_TIM_Encoder_MspDeInit:0000000000000028 $d
C:\Users\SOROKO~1\AppData\Local\Temp\ccTXiMDo.s:368    .bss.htim8:0000000000000000 htim8
C:\Users\SOROKO~1\AppData\Local\Temp\ccTXiMDo.s:364    .bss.htim8:0000000000000000 $d

UNDEFINED SYMBOLS
memset
HAL_TIM_Encoder_Init
HAL_TIMEx_MasterConfigSynchronization
Error_Handler
HAL_GPIO_Init
HAL_GPIO_DeInit
