ARM GAS  C:\Users\SOROKO~1\AppData\Local\Temp\ccJCEkI2.s 			page 1


   1              		.cpu cortex-m4
   2              		.arch armv7e-m
   3              		.fpu fpv4-sp-d16
   4              		.eabi_attribute 27, 1
   5              		.eabi_attribute 28, 1
   6              		.eabi_attribute 20, 1
   7              		.eabi_attribute 21, 1
   8              		.eabi_attribute 23, 3
   9              		.eabi_attribute 24, 1
  10              		.eabi_attribute 25, 1
  11              		.eabi_attribute 26, 1
  12              		.eabi_attribute 30, 1
  13              		.eabi_attribute 34, 1
  14              		.eabi_attribute 18, 4
  15              		.file	"usart.c"
  16              		.text
  17              	.Ltext0:
  18              		.cfi_sections	.debug_frame
  19              		.section	.text.MX_USART2_UART_Init,"ax",%progbits
  20              		.align	1
  21              		.global	MX_USART2_UART_Init
  22              		.syntax unified
  23              		.thumb
  24              		.thumb_func
  26              	MX_USART2_UART_Init:
  27              	.LFB132:
  28              		.file 1 "Core/Src/usart.c"
   1:Core/Src/usart.c **** /* USER CODE BEGIN Header */
   2:Core/Src/usart.c **** /**
   3:Core/Src/usart.c ****   ******************************************************************************
   4:Core/Src/usart.c ****   * @file    usart.c
   5:Core/Src/usart.c ****   * @brief   This file provides code for the configuration
   6:Core/Src/usart.c ****   *          of the USART instances.
   7:Core/Src/usart.c ****   ******************************************************************************
   8:Core/Src/usart.c ****   * @attention
   9:Core/Src/usart.c ****   *
  10:Core/Src/usart.c ****   * Copyright (c) 2023 STMicroelectronics.
  11:Core/Src/usart.c ****   * All rights reserved.
  12:Core/Src/usart.c ****   *
  13:Core/Src/usart.c ****   * This software is licensed under terms that can be found in the LICENSE file
  14:Core/Src/usart.c ****   * in the root directory of this software component.
  15:Core/Src/usart.c ****   * If no LICENSE file comes with this software, it is provided AS-IS.
  16:Core/Src/usart.c ****   *
  17:Core/Src/usart.c ****   ******************************************************************************
  18:Core/Src/usart.c ****   */
  19:Core/Src/usart.c **** /* USER CODE END Header */
  20:Core/Src/usart.c **** /* Includes ------------------------------------------------------------------*/
  21:Core/Src/usart.c **** #include "usart.h"
  22:Core/Src/usart.c **** 
  23:Core/Src/usart.c **** /* USER CODE BEGIN 0 */
  24:Core/Src/usart.c **** 
  25:Core/Src/usart.c **** /* USER CODE END 0 */
  26:Core/Src/usart.c **** 
  27:Core/Src/usart.c **** UART_HandleTypeDef huart2;
  28:Core/Src/usart.c **** 
  29:Core/Src/usart.c **** /* USART2 init function */
  30:Core/Src/usart.c **** 
ARM GAS  C:\Users\SOROKO~1\AppData\Local\Temp\ccJCEkI2.s 			page 2


  31:Core/Src/usart.c **** void MX_USART2_UART_Init(void)
  32:Core/Src/usart.c **** {
  29              		.loc 1 32 1 view -0
  30              		.cfi_startproc
  31              		@ args = 0, pretend = 0, frame = 0
  32              		@ frame_needed = 0, uses_anonymous_args = 0
  33 0000 08B5     		push	{r3, lr}
  34              	.LCFI0:
  35              		.cfi_def_cfa_offset 8
  36              		.cfi_offset 3, -8
  37              		.cfi_offset 14, -4
  33:Core/Src/usart.c **** 
  34:Core/Src/usart.c ****   /* USER CODE BEGIN USART2_Init 0 */
  35:Core/Src/usart.c **** 
  36:Core/Src/usart.c ****   /* USER CODE END USART2_Init 0 */
  37:Core/Src/usart.c **** 
  38:Core/Src/usart.c ****   /* USER CODE BEGIN USART2_Init 1 */
  39:Core/Src/usart.c **** 
  40:Core/Src/usart.c ****   /* USER CODE END USART2_Init 1 */
  41:Core/Src/usart.c ****   huart2.Instance = USART2;
  38              		.loc 1 41 3 view .LVU1
  39              		.loc 1 41 19 is_stmt 0 view .LVU2
  40 0002 1748     		ldr	r0, .L11
  41 0004 174B     		ldr	r3, .L11+4
  42 0006 0360     		str	r3, [r0]
  42:Core/Src/usart.c ****   huart2.Init.BaudRate = 115200;
  43              		.loc 1 42 3 is_stmt 1 view .LVU3
  44              		.loc 1 42 24 is_stmt 0 view .LVU4
  45 0008 4FF4E133 		mov	r3, #115200
  46 000c 4360     		str	r3, [r0, #4]
  43:Core/Src/usart.c ****   huart2.Init.WordLength = UART_WORDLENGTH_8B;
  47              		.loc 1 43 3 is_stmt 1 view .LVU5
  48              		.loc 1 43 26 is_stmt 0 view .LVU6
  49 000e 0023     		movs	r3, #0
  50 0010 8360     		str	r3, [r0, #8]
  44:Core/Src/usart.c ****   huart2.Init.StopBits = UART_STOPBITS_1;
  51              		.loc 1 44 3 is_stmt 1 view .LVU7
  52              		.loc 1 44 24 is_stmt 0 view .LVU8
  53 0012 C360     		str	r3, [r0, #12]
  45:Core/Src/usart.c ****   huart2.Init.Parity = UART_PARITY_NONE;
  54              		.loc 1 45 3 is_stmt 1 view .LVU9
  55              		.loc 1 45 22 is_stmt 0 view .LVU10
  56 0014 0361     		str	r3, [r0, #16]
  46:Core/Src/usart.c ****   huart2.Init.Mode = UART_MODE_TX_RX;
  57              		.loc 1 46 3 is_stmt 1 view .LVU11
  58              		.loc 1 46 20 is_stmt 0 view .LVU12
  59 0016 0C22     		movs	r2, #12
  60 0018 4261     		str	r2, [r0, #20]
  47:Core/Src/usart.c ****   huart2.Init.HwFlowCtl = UART_HWCONTROL_NONE;
  61              		.loc 1 47 3 is_stmt 1 view .LVU13
  62              		.loc 1 47 25 is_stmt 0 view .LVU14
  63 001a 8361     		str	r3, [r0, #24]
  48:Core/Src/usart.c ****   huart2.Init.OverSampling = UART_OVERSAMPLING_16;
  64              		.loc 1 48 3 is_stmt 1 view .LVU15
  65              		.loc 1 48 28 is_stmt 0 view .LVU16
  66 001c C361     		str	r3, [r0, #28]
  49:Core/Src/usart.c ****   huart2.Init.OneBitSampling = UART_ONE_BIT_SAMPLE_DISABLE;
ARM GAS  C:\Users\SOROKO~1\AppData\Local\Temp\ccJCEkI2.s 			page 3


  67              		.loc 1 49 3 is_stmt 1 view .LVU17
  68              		.loc 1 49 30 is_stmt 0 view .LVU18
  69 001e 0362     		str	r3, [r0, #32]
  50:Core/Src/usart.c ****   huart2.Init.ClockPrescaler = UART_PRESCALER_DIV1;
  70              		.loc 1 50 3 is_stmt 1 view .LVU19
  71              		.loc 1 50 30 is_stmt 0 view .LVU20
  72 0020 4362     		str	r3, [r0, #36]
  51:Core/Src/usart.c ****   huart2.AdvancedInit.AdvFeatureInit = UART_ADVFEATURE_NO_INIT;
  73              		.loc 1 51 3 is_stmt 1 view .LVU21
  74              		.loc 1 51 38 is_stmt 0 view .LVU22
  75 0022 8362     		str	r3, [r0, #40]
  52:Core/Src/usart.c ****   if (HAL_UART_Init(&huart2) != HAL_OK)
  76              		.loc 1 52 3 is_stmt 1 view .LVU23
  77              		.loc 1 52 7 is_stmt 0 view .LVU24
  78 0024 FFF7FEFF 		bl	HAL_UART_Init
  79              	.LVL0:
  80              		.loc 1 52 6 view .LVU25
  81 0028 70B9     		cbnz	r0, .L7
  82              	.L2:
  53:Core/Src/usart.c ****   {
  54:Core/Src/usart.c ****     Error_Handler();
  55:Core/Src/usart.c ****   }
  56:Core/Src/usart.c ****   if (HAL_UARTEx_SetTxFifoThreshold(&huart2, UART_TXFIFO_THRESHOLD_1_8) != HAL_OK)
  83              		.loc 1 56 3 is_stmt 1 view .LVU26
  84              		.loc 1 56 7 is_stmt 0 view .LVU27
  85 002a 0021     		movs	r1, #0
  86 002c 0C48     		ldr	r0, .L11
  87 002e FFF7FEFF 		bl	HAL_UARTEx_SetTxFifoThreshold
  88              	.LVL1:
  89              		.loc 1 56 6 view .LVU28
  90 0032 60B9     		cbnz	r0, .L8
  91              	.L3:
  57:Core/Src/usart.c ****   {
  58:Core/Src/usart.c ****     Error_Handler();
  59:Core/Src/usart.c ****   }
  60:Core/Src/usart.c ****   if (HAL_UARTEx_SetRxFifoThreshold(&huart2, UART_RXFIFO_THRESHOLD_1_8) != HAL_OK)
  92              		.loc 1 60 3 is_stmt 1 view .LVU29
  93              		.loc 1 60 7 is_stmt 0 view .LVU30
  94 0034 0021     		movs	r1, #0
  95 0036 0A48     		ldr	r0, .L11
  96 0038 FFF7FEFF 		bl	HAL_UARTEx_SetRxFifoThreshold
  97              	.LVL2:
  98              		.loc 1 60 6 view .LVU31
  99 003c 50B9     		cbnz	r0, .L9
 100              	.L4:
  61:Core/Src/usart.c ****   {
  62:Core/Src/usart.c ****     Error_Handler();
  63:Core/Src/usart.c ****   }
  64:Core/Src/usart.c ****   if (HAL_UARTEx_DisableFifoMode(&huart2) != HAL_OK)
 101              		.loc 1 64 3 is_stmt 1 view .LVU32
 102              		.loc 1 64 7 is_stmt 0 view .LVU33
 103 003e 0848     		ldr	r0, .L11
 104 0040 FFF7FEFF 		bl	HAL_UARTEx_DisableFifoMode
 105              	.LVL3:
 106              		.loc 1 64 6 view .LVU34
 107 0044 48B9     		cbnz	r0, .L10
 108              	.L1:
ARM GAS  C:\Users\SOROKO~1\AppData\Local\Temp\ccJCEkI2.s 			page 4


  65:Core/Src/usart.c ****   {
  66:Core/Src/usart.c ****     Error_Handler();
  67:Core/Src/usart.c ****   }
  68:Core/Src/usart.c ****   /* USER CODE BEGIN USART2_Init 2 */
  69:Core/Src/usart.c **** 
  70:Core/Src/usart.c ****   /* USER CODE END USART2_Init 2 */
  71:Core/Src/usart.c **** 
  72:Core/Src/usart.c **** }
 109              		.loc 1 72 1 view .LVU35
 110 0046 08BD     		pop	{r3, pc}
 111              	.L7:
  54:Core/Src/usart.c ****   }
 112              		.loc 1 54 5 is_stmt 1 view .LVU36
 113 0048 FFF7FEFF 		bl	Error_Handler
 114              	.LVL4:
 115 004c EDE7     		b	.L2
 116              	.L8:
  58:Core/Src/usart.c ****   }
 117              		.loc 1 58 5 view .LVU37
 118 004e FFF7FEFF 		bl	Error_Handler
 119              	.LVL5:
 120 0052 EFE7     		b	.L3
 121              	.L9:
  62:Core/Src/usart.c ****   }
 122              		.loc 1 62 5 view .LVU38
 123 0054 FFF7FEFF 		bl	Error_Handler
 124              	.LVL6:
 125 0058 F1E7     		b	.L4
 126              	.L10:
  66:Core/Src/usart.c ****   }
 127              		.loc 1 66 5 view .LVU39
 128 005a FFF7FEFF 		bl	Error_Handler
 129              	.LVL7:
 130              		.loc 1 72 1 is_stmt 0 view .LVU40
 131 005e F2E7     		b	.L1
 132              	.L12:
 133              		.align	2
 134              	.L11:
 135 0060 00000000 		.word	.LANCHOR0
 136 0064 00440040 		.word	1073759232
 137              		.cfi_endproc
 138              	.LFE132:
 140              		.section	.text.HAL_UART_MspInit,"ax",%progbits
 141              		.align	1
 142              		.global	HAL_UART_MspInit
 143              		.syntax unified
 144              		.thumb
 145              		.thumb_func
 147              	HAL_UART_MspInit:
 148              	.LVL8:
 149              	.LFB133:
  73:Core/Src/usart.c **** 
  74:Core/Src/usart.c **** void HAL_UART_MspInit(UART_HandleTypeDef* uartHandle)
  75:Core/Src/usart.c **** {
 150              		.loc 1 75 1 is_stmt 1 view -0
 151              		.cfi_startproc
 152              		@ args = 0, pretend = 0, frame = 112
ARM GAS  C:\Users\SOROKO~1\AppData\Local\Temp\ccJCEkI2.s 			page 5


 153              		@ frame_needed = 0, uses_anonymous_args = 0
 154              		.loc 1 75 1 is_stmt 0 view .LVU42
 155 0000 10B5     		push	{r4, lr}
 156              	.LCFI1:
 157              		.cfi_def_cfa_offset 8
 158              		.cfi_offset 4, -8
 159              		.cfi_offset 14, -4
 160 0002 9CB0     		sub	sp, sp, #112
 161              	.LCFI2:
 162              		.cfi_def_cfa_offset 120
 163 0004 0446     		mov	r4, r0
  76:Core/Src/usart.c **** 
  77:Core/Src/usart.c ****   GPIO_InitTypeDef GPIO_InitStruct = {0};
 164              		.loc 1 77 3 is_stmt 1 view .LVU43
 165              		.loc 1 77 20 is_stmt 0 view .LVU44
 166 0006 0021     		movs	r1, #0
 167 0008 1791     		str	r1, [sp, #92]
 168 000a 1891     		str	r1, [sp, #96]
 169 000c 1991     		str	r1, [sp, #100]
 170 000e 1A91     		str	r1, [sp, #104]
 171 0010 1B91     		str	r1, [sp, #108]
  78:Core/Src/usart.c ****   RCC_PeriphCLKInitTypeDef PeriphClkInit = {0};
 172              		.loc 1 78 3 is_stmt 1 view .LVU45
 173              		.loc 1 78 28 is_stmt 0 view .LVU46
 174 0012 5422     		movs	r2, #84
 175 0014 02A8     		add	r0, sp, #8
 176              	.LVL9:
 177              		.loc 1 78 28 view .LVU47
 178 0016 FFF7FEFF 		bl	memset
 179              	.LVL10:
  79:Core/Src/usart.c ****   if(uartHandle->Instance==USART2)
 180              		.loc 1 79 3 is_stmt 1 view .LVU48
 181              		.loc 1 79 16 is_stmt 0 view .LVU49
 182 001a 2268     		ldr	r2, [r4]
 183              		.loc 1 79 5 view .LVU50
 184 001c 1B4B     		ldr	r3, .L19
 185 001e 9A42     		cmp	r2, r3
 186 0020 01D0     		beq	.L17
 187              	.LVL11:
 188              	.L13:
  80:Core/Src/usart.c ****   {
  81:Core/Src/usart.c ****   /* USER CODE BEGIN USART2_MspInit 0 */
  82:Core/Src/usart.c **** 
  83:Core/Src/usart.c ****   /* USER CODE END USART2_MspInit 0 */
  84:Core/Src/usart.c **** 
  85:Core/Src/usart.c ****   /** Initializes the peripherals clocks
  86:Core/Src/usart.c ****   */
  87:Core/Src/usart.c ****     PeriphClkInit.PeriphClockSelection = RCC_PERIPHCLK_USART2;
  88:Core/Src/usart.c ****     PeriphClkInit.Usart2ClockSelection = RCC_USART2CLKSOURCE_PCLK1;
  89:Core/Src/usart.c ****     if (HAL_RCCEx_PeriphCLKConfig(&PeriphClkInit) != HAL_OK)
  90:Core/Src/usart.c ****     {
  91:Core/Src/usart.c ****       Error_Handler();
  92:Core/Src/usart.c ****     }
  93:Core/Src/usart.c **** 
  94:Core/Src/usart.c ****     /* USART2 clock enable */
  95:Core/Src/usart.c ****     __HAL_RCC_USART2_CLK_ENABLE();
  96:Core/Src/usart.c **** 
ARM GAS  C:\Users\SOROKO~1\AppData\Local\Temp\ccJCEkI2.s 			page 6


  97:Core/Src/usart.c ****     __HAL_RCC_GPIOA_CLK_ENABLE();
  98:Core/Src/usart.c ****     /**USART2 GPIO Configuration
  99:Core/Src/usart.c ****     PA2     ------> USART2_TX
 100:Core/Src/usart.c ****     PA3     ------> USART2_RX
 101:Core/Src/usart.c ****     */
 102:Core/Src/usart.c ****     GPIO_InitStruct.Pin = GPIO_PIN_2|GPIO_PIN_3;
 103:Core/Src/usart.c ****     GPIO_InitStruct.Mode = GPIO_MODE_AF_PP;
 104:Core/Src/usart.c ****     GPIO_InitStruct.Pull = GPIO_NOPULL;
 105:Core/Src/usart.c ****     GPIO_InitStruct.Speed = GPIO_SPEED_FREQ_LOW;
 106:Core/Src/usart.c ****     GPIO_InitStruct.Alternate = GPIO_AF7_USART2;
 107:Core/Src/usart.c ****     HAL_GPIO_Init(GPIOA, &GPIO_InitStruct);
 108:Core/Src/usart.c **** 
 109:Core/Src/usart.c ****     /* USART2 interrupt Init */
 110:Core/Src/usart.c ****     HAL_NVIC_SetPriority(USART2_IRQn, 5, 0);
 111:Core/Src/usart.c ****     HAL_NVIC_EnableIRQ(USART2_IRQn);
 112:Core/Src/usart.c ****   /* USER CODE BEGIN USART2_MspInit 1 */
 113:Core/Src/usart.c **** 
 114:Core/Src/usart.c ****   /* USER CODE END USART2_MspInit 1 */
 115:Core/Src/usart.c ****   }
 116:Core/Src/usart.c **** }
 189              		.loc 1 116 1 view .LVU51
 190 0022 1CB0     		add	sp, sp, #112
 191              	.LCFI3:
 192              		.cfi_remember_state
 193              		.cfi_def_cfa_offset 8
 194              		@ sp needed
 195 0024 10BD     		pop	{r4, pc}
 196              	.LVL12:
 197              	.L17:
 198              	.LCFI4:
 199              		.cfi_restore_state
  87:Core/Src/usart.c ****     PeriphClkInit.Usart2ClockSelection = RCC_USART2CLKSOURCE_PCLK1;
 200              		.loc 1 87 5 is_stmt 1 view .LVU52
  87:Core/Src/usart.c ****     PeriphClkInit.Usart2ClockSelection = RCC_USART2CLKSOURCE_PCLK1;
 201              		.loc 1 87 40 is_stmt 0 view .LVU53
 202 0026 0223     		movs	r3, #2
 203 0028 0293     		str	r3, [sp, #8]
  88:Core/Src/usart.c ****     if (HAL_RCCEx_PeriphCLKConfig(&PeriphClkInit) != HAL_OK)
 204              		.loc 1 88 5 is_stmt 1 view .LVU54
  89:Core/Src/usart.c ****     {
 205              		.loc 1 89 5 view .LVU55
  89:Core/Src/usart.c ****     {
 206              		.loc 1 89 9 is_stmt 0 view .LVU56
 207 002a 02A8     		add	r0, sp, #8
 208 002c FFF7FEFF 		bl	HAL_RCCEx_PeriphCLKConfig
 209              	.LVL13:
  89:Core/Src/usart.c ****     {
 210              		.loc 1 89 8 view .LVU57
 211 0030 48BB     		cbnz	r0, .L18
 212              	.L15:
  95:Core/Src/usart.c **** 
 213              		.loc 1 95 5 is_stmt 1 view .LVU58
 214              	.LBB2:
  95:Core/Src/usart.c **** 
 215              		.loc 1 95 5 view .LVU59
  95:Core/Src/usart.c **** 
 216              		.loc 1 95 5 view .LVU60
ARM GAS  C:\Users\SOROKO~1\AppData\Local\Temp\ccJCEkI2.s 			page 7


 217 0032 174B     		ldr	r3, .L19+4
 218 0034 9A6D     		ldr	r2, [r3, #88]
 219 0036 42F40032 		orr	r2, r2, #131072
 220 003a 9A65     		str	r2, [r3, #88]
  95:Core/Src/usart.c **** 
 221              		.loc 1 95 5 view .LVU61
 222 003c 9A6D     		ldr	r2, [r3, #88]
 223 003e 02F40032 		and	r2, r2, #131072
 224 0042 0092     		str	r2, [sp]
  95:Core/Src/usart.c **** 
 225              		.loc 1 95 5 view .LVU62
 226 0044 009A     		ldr	r2, [sp]
 227              	.LBE2:
  95:Core/Src/usart.c **** 
 228              		.loc 1 95 5 view .LVU63
  97:Core/Src/usart.c ****     /**USART2 GPIO Configuration
 229              		.loc 1 97 5 view .LVU64
 230              	.LBB3:
  97:Core/Src/usart.c ****     /**USART2 GPIO Configuration
 231              		.loc 1 97 5 view .LVU65
  97:Core/Src/usart.c ****     /**USART2 GPIO Configuration
 232              		.loc 1 97 5 view .LVU66
 233 0046 DA6C     		ldr	r2, [r3, #76]
 234 0048 42F00102 		orr	r2, r2, #1
 235 004c DA64     		str	r2, [r3, #76]
  97:Core/Src/usart.c ****     /**USART2 GPIO Configuration
 236              		.loc 1 97 5 view .LVU67
 237 004e DB6C     		ldr	r3, [r3, #76]
 238 0050 03F00103 		and	r3, r3, #1
 239 0054 0193     		str	r3, [sp, #4]
  97:Core/Src/usart.c ****     /**USART2 GPIO Configuration
 240              		.loc 1 97 5 view .LVU68
 241 0056 019B     		ldr	r3, [sp, #4]
 242              	.LBE3:
  97:Core/Src/usart.c ****     /**USART2 GPIO Configuration
 243              		.loc 1 97 5 view .LVU69
 102:Core/Src/usart.c ****     GPIO_InitStruct.Mode = GPIO_MODE_AF_PP;
 244              		.loc 1 102 5 view .LVU70
 102:Core/Src/usart.c ****     GPIO_InitStruct.Mode = GPIO_MODE_AF_PP;
 245              		.loc 1 102 25 is_stmt 0 view .LVU71
 246 0058 0C23     		movs	r3, #12
 247 005a 1793     		str	r3, [sp, #92]
 103:Core/Src/usart.c ****     GPIO_InitStruct.Pull = GPIO_NOPULL;
 248              		.loc 1 103 5 is_stmt 1 view .LVU72
 103:Core/Src/usart.c ****     GPIO_InitStruct.Pull = GPIO_NOPULL;
 249              		.loc 1 103 26 is_stmt 0 view .LVU73
 250 005c 0223     		movs	r3, #2
 251 005e 1893     		str	r3, [sp, #96]
 104:Core/Src/usart.c ****     GPIO_InitStruct.Speed = GPIO_SPEED_FREQ_LOW;
 252              		.loc 1 104 5 is_stmt 1 view .LVU74
 104:Core/Src/usart.c ****     GPIO_InitStruct.Speed = GPIO_SPEED_FREQ_LOW;
 253              		.loc 1 104 26 is_stmt 0 view .LVU75
 254 0060 0024     		movs	r4, #0
 255              	.LVL14:
 104:Core/Src/usart.c ****     GPIO_InitStruct.Speed = GPIO_SPEED_FREQ_LOW;
 256              		.loc 1 104 26 view .LVU76
 257 0062 1994     		str	r4, [sp, #100]
ARM GAS  C:\Users\SOROKO~1\AppData\Local\Temp\ccJCEkI2.s 			page 8


 105:Core/Src/usart.c ****     GPIO_InitStruct.Alternate = GPIO_AF7_USART2;
 258              		.loc 1 105 5 is_stmt 1 view .LVU77
 105:Core/Src/usart.c ****     GPIO_InitStruct.Alternate = GPIO_AF7_USART2;
 259              		.loc 1 105 27 is_stmt 0 view .LVU78
 260 0064 1A94     		str	r4, [sp, #104]
 106:Core/Src/usart.c ****     HAL_GPIO_Init(GPIOA, &GPIO_InitStruct);
 261              		.loc 1 106 5 is_stmt 1 view .LVU79
 106:Core/Src/usart.c ****     HAL_GPIO_Init(GPIOA, &GPIO_InitStruct);
 262              		.loc 1 106 31 is_stmt 0 view .LVU80
 263 0066 0723     		movs	r3, #7
 264 0068 1B93     		str	r3, [sp, #108]
 107:Core/Src/usart.c **** 
 265              		.loc 1 107 5 is_stmt 1 view .LVU81
 266 006a 17A9     		add	r1, sp, #92
 267 006c 4FF09040 		mov	r0, #1207959552
 268 0070 FFF7FEFF 		bl	HAL_GPIO_Init
 269              	.LVL15:
 110:Core/Src/usart.c ****     HAL_NVIC_EnableIRQ(USART2_IRQn);
 270              		.loc 1 110 5 view .LVU82
 271 0074 2246     		mov	r2, r4
 272 0076 0521     		movs	r1, #5
 273 0078 2620     		movs	r0, #38
 274 007a FFF7FEFF 		bl	HAL_NVIC_SetPriority
 275              	.LVL16:
 111:Core/Src/usart.c ****   /* USER CODE BEGIN USART2_MspInit 1 */
 276              		.loc 1 111 5 view .LVU83
 277 007e 2620     		movs	r0, #38
 278 0080 FFF7FEFF 		bl	HAL_NVIC_EnableIRQ
 279              	.LVL17:
 280              		.loc 1 116 1 is_stmt 0 view .LVU84
 281 0084 CDE7     		b	.L13
 282              	.LVL18:
 283              	.L18:
  91:Core/Src/usart.c ****     }
 284              		.loc 1 91 7 is_stmt 1 view .LVU85
 285 0086 FFF7FEFF 		bl	Error_Handler
 286              	.LVL19:
 287 008a D2E7     		b	.L15
 288              	.L20:
 289              		.align	2
 290              	.L19:
 291 008c 00440040 		.word	1073759232
 292 0090 00100240 		.word	1073876992
 293              		.cfi_endproc
 294              	.LFE133:
 296              		.section	.text.HAL_UART_MspDeInit,"ax",%progbits
 297              		.align	1
 298              		.global	HAL_UART_MspDeInit
 299              		.syntax unified
 300              		.thumb
 301              		.thumb_func
 303              	HAL_UART_MspDeInit:
 304              	.LVL20:
 305              	.LFB134:
 117:Core/Src/usart.c **** 
 118:Core/Src/usart.c **** void HAL_UART_MspDeInit(UART_HandleTypeDef* uartHandle)
 119:Core/Src/usart.c **** {
ARM GAS  C:\Users\SOROKO~1\AppData\Local\Temp\ccJCEkI2.s 			page 9


 306              		.loc 1 119 1 view -0
 307              		.cfi_startproc
 308              		@ args = 0, pretend = 0, frame = 0
 309              		@ frame_needed = 0, uses_anonymous_args = 0
 310              		.loc 1 119 1 is_stmt 0 view .LVU87
 311 0000 08B5     		push	{r3, lr}
 312              	.LCFI5:
 313              		.cfi_def_cfa_offset 8
 314              		.cfi_offset 3, -8
 315              		.cfi_offset 14, -4
 120:Core/Src/usart.c **** 
 121:Core/Src/usart.c ****   if(uartHandle->Instance==USART2)
 316              		.loc 1 121 3 is_stmt 1 view .LVU88
 317              		.loc 1 121 16 is_stmt 0 view .LVU89
 318 0002 0268     		ldr	r2, [r0]
 319              		.loc 1 121 5 view .LVU90
 320 0004 084B     		ldr	r3, .L25
 321 0006 9A42     		cmp	r2, r3
 322 0008 00D0     		beq	.L24
 323              	.LVL21:
 324              	.L21:
 122:Core/Src/usart.c ****   {
 123:Core/Src/usart.c ****   /* USER CODE BEGIN USART2_MspDeInit 0 */
 124:Core/Src/usart.c **** 
 125:Core/Src/usart.c ****   /* USER CODE END USART2_MspDeInit 0 */
 126:Core/Src/usart.c ****     /* Peripheral clock disable */
 127:Core/Src/usart.c ****     __HAL_RCC_USART2_CLK_DISABLE();
 128:Core/Src/usart.c **** 
 129:Core/Src/usart.c ****     /**USART2 GPIO Configuration
 130:Core/Src/usart.c ****     PA2     ------> USART2_TX
 131:Core/Src/usart.c ****     PA3     ------> USART2_RX
 132:Core/Src/usart.c ****     */
 133:Core/Src/usart.c ****     HAL_GPIO_DeInit(GPIOA, GPIO_PIN_2|GPIO_PIN_3);
 134:Core/Src/usart.c **** 
 135:Core/Src/usart.c ****     /* USART2 interrupt Deinit */
 136:Core/Src/usart.c ****     HAL_NVIC_DisableIRQ(USART2_IRQn);
 137:Core/Src/usart.c ****   /* USER CODE BEGIN USART2_MspDeInit 1 */
 138:Core/Src/usart.c **** 
 139:Core/Src/usart.c ****   /* USER CODE END USART2_MspDeInit 1 */
 140:Core/Src/usart.c ****   }
 141:Core/Src/usart.c **** }
 325              		.loc 1 141 1 view .LVU91
 326 000a 08BD     		pop	{r3, pc}
 327              	.LVL22:
 328              	.L24:
 127:Core/Src/usart.c **** 
 329              		.loc 1 127 5 is_stmt 1 view .LVU92
 330 000c 074A     		ldr	r2, .L25+4
 331 000e 936D     		ldr	r3, [r2, #88]
 332 0010 23F40033 		bic	r3, r3, #131072
 333 0014 9365     		str	r3, [r2, #88]
 133:Core/Src/usart.c **** 
 334              		.loc 1 133 5 view .LVU93
 335 0016 0C21     		movs	r1, #12
 336 0018 4FF09040 		mov	r0, #1207959552
 337              	.LVL23:
 133:Core/Src/usart.c **** 
ARM GAS  C:\Users\SOROKO~1\AppData\Local\Temp\ccJCEkI2.s 			page 10


 338              		.loc 1 133 5 is_stmt 0 view .LVU94
 339 001c FFF7FEFF 		bl	HAL_GPIO_DeInit
 340              	.LVL24:
 136:Core/Src/usart.c ****   /* USER CODE BEGIN USART2_MspDeInit 1 */
 341              		.loc 1 136 5 is_stmt 1 view .LVU95
 342 0020 2620     		movs	r0, #38
 343 0022 FFF7FEFF 		bl	HAL_NVIC_DisableIRQ
 344              	.LVL25:
 345              		.loc 1 141 1 is_stmt 0 view .LVU96
 346 0026 F0E7     		b	.L21
 347              	.L26:
 348              		.align	2
 349              	.L25:
 350 0028 00440040 		.word	1073759232
 351 002c 00100240 		.word	1073876992
 352              		.cfi_endproc
 353              	.LFE134:
 355              		.global	huart2
 356              		.section	.bss.huart2,"aw",%nobits
 357              		.align	2
 358              		.set	.LANCHOR0,. + 0
 361              	huart2:
 362 0000 00000000 		.space	144
 362      00000000 
 362      00000000 
 362      00000000 
 362      00000000 
 363              		.text
 364              	.Letext0:
 365              		.file 2 "Drivers/CMSIS/Device/ST/STM32G4xx/Include/stm32g474xx.h"
 366              		.file 3 "C:\\ST\\STM32CubeIDE_1.9.0\\STM32CubeIDE\\plugins\\com.st.stm32cube.ide.mcu.externaltools
 367              		.file 4 "C:\\ST\\STM32CubeIDE_1.9.0\\STM32CubeIDE\\plugins\\com.st.stm32cube.ide.mcu.externaltools
 368              		.file 5 "Drivers/STM32G4xx_HAL_Driver/Inc/stm32g4xx_hal_def.h"
 369              		.file 6 "Drivers/STM32G4xx_HAL_Driver/Inc/stm32g4xx_hal_rcc_ex.h"
 370              		.file 7 "Drivers/STM32G4xx_HAL_Driver/Inc/stm32g4xx_hal_gpio.h"
 371              		.file 8 "Drivers/STM32G4xx_HAL_Driver/Inc/stm32g4xx_hal_dma.h"
 372              		.file 9 "Drivers/STM32G4xx_HAL_Driver/Inc/stm32g4xx_hal_uart.h"
 373              		.file 10 "Drivers/STM32G4xx_HAL_Driver/Inc/stm32g4xx_hal_cortex.h"
 374              		.file 11 "Drivers/STM32G4xx_HAL_Driver/Inc/stm32g4xx_hal_uart_ex.h"
 375              		.file 12 "Core/Inc/usart.h"
 376              		.file 13 "Core/Inc/main.h"
 377              		.file 14 "<built-in>"
ARM GAS  C:\Users\SOROKO~1\AppData\Local\Temp\ccJCEkI2.s 			page 11


DEFINED SYMBOLS
                            *ABS*:0000000000000000 usart.c
C:\Users\SOROKO~1\AppData\Local\Temp\ccJCEkI2.s:20     .text.MX_USART2_UART_Init:0000000000000000 $t
C:\Users\SOROKO~1\AppData\Local\Temp\ccJCEkI2.s:26     .text.MX_USART2_UART_Init:0000000000000000 MX_USART2_UART_Init
C:\Users\SOROKO~1\AppData\Local\Temp\ccJCEkI2.s:135    .text.MX_USART2_UART_Init:0000000000000060 $d
C:\Users\SOROKO~1\AppData\Local\Temp\ccJCEkI2.s:141    .text.HAL_UART_MspInit:0000000000000000 $t
C:\Users\SOROKO~1\AppData\Local\Temp\ccJCEkI2.s:147    .text.HAL_UART_MspInit:0000000000000000 HAL_UART_MspInit
C:\Users\SOROKO~1\AppData\Local\Temp\ccJCEkI2.s:291    .text.HAL_UART_MspInit:000000000000008c $d
C:\Users\SOROKO~1\AppData\Local\Temp\ccJCEkI2.s:297    .text.HAL_UART_MspDeInit:0000000000000000 $t
C:\Users\SOROKO~1\AppData\Local\Temp\ccJCEkI2.s:303    .text.HAL_UART_MspDeInit:0000000000000000 HAL_UART_MspDeInit
C:\Users\SOROKO~1\AppData\Local\Temp\ccJCEkI2.s:350    .text.HAL_UART_MspDeInit:0000000000000028 $d
C:\Users\SOROKO~1\AppData\Local\Temp\ccJCEkI2.s:361    .bss.huart2:0000000000000000 huart2
C:\Users\SOROKO~1\AppData\Local\Temp\ccJCEkI2.s:357    .bss.huart2:0000000000000000 $d

UNDEFINED SYMBOLS
HAL_UART_Init
HAL_UARTEx_SetTxFifoThreshold
HAL_UARTEx_SetRxFifoThreshold
HAL_UARTEx_DisableFifoMode
Error_Handler
memset
HAL_RCCEx_PeriphCLKConfig
HAL_GPIO_Init
HAL_NVIC_SetPriority
HAL_NVIC_EnableIRQ
HAL_GPIO_DeInit
HAL_NVIC_DisableIRQ
